ERROR - 2024-04-05 17:11:02 --> Error connecting to the database: mysqli_sql_exception: Nenhuma conexão pôde ser feita porque a máquina de destino as recusou ativamente.
 in C:\xampp\htdocs\E-commerce-Pizza\system\Database\MySQLi\Connection.php:185
Stack trace:
#0 C:\xampp\htdocs\E-commerce-Pizza\system\Database\MySQLi\Connection.php(185): mysqli->real_connect('localhost', 'root', '', 'itaipu', 3306, '', 0)
#1 C:\xampp\htdocs\E-commerce-Pizza\system\Database\BaseConnection.php(391): CodeIgniter\Database\MySQLi\Connection->connect(false)
#2 C:\xampp\htdocs\E-commerce-Pizza\system\Database\BaseConnection.php(574): CodeIgniter\Database\BaseConnection->initialize()
#3 C:\xampp\htdocs\E-commerce-Pizza\system\Database\BaseBuilder.php(1615): CodeIgniter\Database\BaseConnection->query('SELECT `categor...', Array, false)
#4 C:\xampp\htdocs\E-commerce-Pizza\system\Model.php(237): CodeIgniter\Database\BaseBuilder->get()
#5 C:\xampp\htdocs\E-commerce-Pizza\system\BaseModel.php(624): CodeIgniter\Model->doFindAll(0, 0)
#6 C:\xampp\htdocs\E-commerce-Pizza\app\Models\CategoriaModel.php(68): CodeIgniter\BaseModel->findAll()
#7 C:\xampp\htdocs\E-commerce-Pizza\app\Controllers\Home.php(18): App\Models\CategoriaModel->BuscaCategoriasWebHome()
#8 C:\xampp\htdocs\E-commerce-Pizza\system\CodeIgniter.php(919): App\Controllers\Home->index()
#9 C:\xampp\htdocs\E-commerce-Pizza\system\CodeIgniter.php(494): CodeIgniter\CodeIgniter->runController(Object(App\Controllers\Home))
#10 C:\xampp\htdocs\E-commerce-Pizza\system\CodeIgniter.php(353): CodeIgniter\CodeIgniter->handleRequest(NULL, Object(Config\Cache), false)
#11 C:\xampp\htdocs\E-commerce-Pizza\public\index.php(79): CodeIgniter\CodeIgniter->run()
#12 C:\xampp\htdocs\E-commerce-Pizza\system\Commands\Server\rewrite.php(47): require_once('C:\\xampp\\htdocs...')
#13 {main}

Next CodeIgniter\Database\Exceptions\DatabaseException: Nenhuma conexão pôde ser feita porque a máquina de destino as recusou ativamente.
 in C:\xampp\htdocs\E-commerce-Pizza\system\Database\MySQLi\Connection.php:229
Stack trace:
#0 C:\xampp\htdocs\E-commerce-Pizza\system\Database\BaseConnection.php(391): CodeIgniter\Database\MySQLi\Connection->connect(false)
#1 C:\xampp\htdocs\E-commerce-Pizza\system\Database\BaseConnection.php(574): CodeIgniter\Database\BaseConnection->initialize()
#2 C:\xampp\htdocs\E-commerce-Pizza\system\Database\BaseBuilder.php(1615): CodeIgniter\Database\BaseConnection->query('SELECT `categor...', Array, false)
#3 C:\xampp\htdocs\E-commerce-Pizza\system\Model.php(237): CodeIgniter\Database\BaseBuilder->get()
#4 C:\xampp\htdocs\E-commerce-Pizza\system\BaseModel.php(624): CodeIgniter\Model->doFindAll(0, 0)
#5 C:\xampp\htdocs\E-commerce-Pizza\app\Models\CategoriaModel.php(68): CodeIgniter\BaseModel->findAll()
#6 C:\xampp\htdocs\E-commerce-Pizza\app\Controllers\Home.php(18): App\Models\CategoriaModel->BuscaCategoriasWebHome()
#7 C:\xampp\htdocs\E-commerce-Pizza\system\CodeIgniter.php(919): App\Controllers\Home->index()
#8 C:\xampp\htdocs\E-commerce-Pizza\system\CodeIgniter.php(494): CodeIgniter\CodeIgniter->runController(Object(App\Controllers\Home))
#9 C:\xampp\htdocs\E-commerce-Pizza\system\CodeIgniter.php(353): CodeIgniter\CodeIgniter->handleRequest(NULL, Object(Config\Cache), false)
#10 C:\xampp\htdocs\E-commerce-Pizza\public\index.php(79): CodeIgniter\CodeIgniter->run()
#11 C:\xampp\htdocs\E-commerce-Pizza\system\Commands\Server\rewrite.php(47): require_once('C:\\xampp\\htdocs...')
#12 {main}
CRITICAL - 2024-04-05 17:11:02 --> Unable to connect to the database.
Main connection [MySQLi]: Nenhuma conexão pôde ser feita porque a máquina de destino as recusou ativamente.

in SYSTEMPATH\Database\BaseConnection.php on line 427.
 1 SYSTEMPATH\Database\BaseConnection.php(574): CodeIgniter\Database\BaseConnection->initialize()
 2 SYSTEMPATH\Database\BaseBuilder.php(1615): CodeIgniter\Database\BaseConnection->query('SELECT `categorias`.`id`, `categorias`.`nome`, `categorias`.`slug`
FROM `categorias`
JOIN `produtos` ON `produtos`.`categoria_id` = `categorias`.`id`
WHERE `categorias`.`deletado_em` IS NULL
GROUP BY `categorias`.`id`', [], false)
 3 SYSTEMPATH\Model.php(237): CodeIgniter\Database\BaseBuilder->get()
 4 SYSTEMPATH\BaseModel.php(624): CodeIgniter\Model->doFindAll(0, 0)
 5 APPPATH\Models\CategoriaModel.php(68): CodeIgniter\BaseModel->findAll()
 6 APPPATH\Controllers\Home.php(18): App\Models\CategoriaModel->BuscaCategoriasWebHome()
 7 SYSTEMPATH\CodeIgniter.php(919): App\Controllers\Home->index()
 8 SYSTEMPATH\CodeIgniter.php(494): CodeIgniter\CodeIgniter->runController(Object(App\Controllers\Home))
 9 SYSTEMPATH\CodeIgniter.php(353): CodeIgniter\CodeIgniter->handleRequest(null, Object(Config\Cache), false)
10 FCPATH\index.php(79): CodeIgniter\CodeIgniter->run()
11 SYSTEMPATH\Commands\Server\rewrite.php(47): require_once('C:\\xampp\\htdocs\\E-commerce-Pizza\\public\\index.php')
ERROR - 2024-04-05 17:11:07 --> Error connecting to the database: mysqli_sql_exception: Nenhuma conexão pôde ser feita porque a máquina de destino as recusou ativamente.
 in C:\xampp\htdocs\E-commerce-Pizza\system\Database\MySQLi\Connection.php:185
Stack trace:
#0 C:\xampp\htdocs\E-commerce-Pizza\system\Database\MySQLi\Connection.php(185): mysqli->real_connect('localhost', 'root', '', 'itaipu', 3306, '', 0)
#1 C:\xampp\htdocs\E-commerce-Pizza\system\Database\BaseConnection.php(391): CodeIgniter\Database\MySQLi\Connection->connect(false)
#2 C:\xampp\htdocs\E-commerce-Pizza\system\Database\BaseConnection.php(574): CodeIgniter\Database\BaseConnection->initialize()
#3 C:\xampp\htdocs\E-commerce-Pizza\system\Database\BaseBuilder.php(1615): CodeIgniter\Database\BaseConnection->query('SELECT `categor...', Array, false)
#4 C:\xampp\htdocs\E-commerce-Pizza\system\Model.php(237): CodeIgniter\Database\BaseBuilder->get()
#5 C:\xampp\htdocs\E-commerce-Pizza\system\BaseModel.php(624): CodeIgniter\Model->doFindAll(0, 0)
#6 C:\xampp\htdocs\E-commerce-Pizza\app\Models\CategoriaModel.php(68): CodeIgniter\BaseModel->findAll()
#7 C:\xampp\htdocs\E-commerce-Pizza\app\Controllers\Home.php(18): App\Models\CategoriaModel->BuscaCategoriasWebHome()
#8 C:\xampp\htdocs\E-commerce-Pizza\system\CodeIgniter.php(919): App\Controllers\Home->index()
#9 C:\xampp\htdocs\E-commerce-Pizza\system\CodeIgniter.php(494): CodeIgniter\CodeIgniter->runController(Object(App\Controllers\Home))
#10 C:\xampp\htdocs\E-commerce-Pizza\system\CodeIgniter.php(353): CodeIgniter\CodeIgniter->handleRequest(NULL, Object(Config\Cache), false)
#11 C:\xampp\htdocs\E-commerce-Pizza\public\index.php(79): CodeIgniter\CodeIgniter->run()
#12 C:\xampp\htdocs\E-commerce-Pizza\system\Commands\Server\rewrite.php(47): require_once('C:\\xampp\\htdocs...')
#13 {main}

Next CodeIgniter\Database\Exceptions\DatabaseException: Nenhuma conexão pôde ser feita porque a máquina de destino as recusou ativamente.
 in C:\xampp\htdocs\E-commerce-Pizza\system\Database\MySQLi\Connection.php:229
Stack trace:
#0 C:\xampp\htdocs\E-commerce-Pizza\system\Database\BaseConnection.php(391): CodeIgniter\Database\MySQLi\Connection->connect(false)
#1 C:\xampp\htdocs\E-commerce-Pizza\system\Database\BaseConnection.php(574): CodeIgniter\Database\BaseConnection->initialize()
#2 C:\xampp\htdocs\E-commerce-Pizza\system\Database\BaseBuilder.php(1615): CodeIgniter\Database\BaseConnection->query('SELECT `categor...', Array, false)
#3 C:\xampp\htdocs\E-commerce-Pizza\system\Model.php(237): CodeIgniter\Database\BaseBuilder->get()
#4 C:\xampp\htdocs\E-commerce-Pizza\system\BaseModel.php(624): CodeIgniter\Model->doFindAll(0, 0)
#5 C:\xampp\htdocs\E-commerce-Pizza\app\Models\CategoriaModel.php(68): CodeIgniter\BaseModel->findAll()
#6 C:\xampp\htdocs\E-commerce-Pizza\app\Controllers\Home.php(18): App\Models\CategoriaModel->BuscaCategoriasWebHome()
#7 C:\xampp\htdocs\E-commerce-Pizza\system\CodeIgniter.php(919): App\Controllers\Home->index()
#8 C:\xampp\htdocs\E-commerce-Pizza\system\CodeIgniter.php(494): CodeIgniter\CodeIgniter->runController(Object(App\Controllers\Home))
#9 C:\xampp\htdocs\E-commerce-Pizza\system\CodeIgniter.php(353): CodeIgniter\CodeIgniter->handleRequest(NULL, Object(Config\Cache), false)
#10 C:\xampp\htdocs\E-commerce-Pizza\public\index.php(79): CodeIgniter\CodeIgniter->run()
#11 C:\xampp\htdocs\E-commerce-Pizza\system\Commands\Server\rewrite.php(47): require_once('C:\\xampp\\htdocs...')
#12 {main}
CRITICAL - 2024-04-05 17:11:07 --> Unable to connect to the database.
Main connection [MySQLi]: Nenhuma conexão pôde ser feita porque a máquina de destino as recusou ativamente.

in SYSTEMPATH\Database\BaseConnection.php on line 427.
 1 SYSTEMPATH\Database\BaseConnection.php(574): CodeIgniter\Database\BaseConnection->initialize()
 2 SYSTEMPATH\Database\BaseBuilder.php(1615): CodeIgniter\Database\BaseConnection->query('SELECT `categorias`.`id`, `categorias`.`nome`, `categorias`.`slug`
FROM `categorias`
JOIN `produtos` ON `produtos`.`categoria_id` = `categorias`.`id`
WHERE `categorias`.`deletado_em` IS NULL
GROUP BY `categorias`.`id`', [], false)
 3 SYSTEMPATH\Model.php(237): CodeIgniter\Database\BaseBuilder->get()
 4 SYSTEMPATH\BaseModel.php(624): CodeIgniter\Model->doFindAll(0, 0)
 5 APPPATH\Models\CategoriaModel.php(68): CodeIgniter\BaseModel->findAll()
 6 APPPATH\Controllers\Home.php(18): App\Models\CategoriaModel->BuscaCategoriasWebHome()
 7 SYSTEMPATH\CodeIgniter.php(919): App\Controllers\Home->index()
 8 SYSTEMPATH\CodeIgniter.php(494): CodeIgniter\CodeIgniter->runController(Object(App\Controllers\Home))
 9 SYSTEMPATH\CodeIgniter.php(353): CodeIgniter\CodeIgniter->handleRequest(null, Object(Config\Cache), false)
10 FCPATH\index.php(79): CodeIgniter\CodeIgniter->run()
11 SYSTEMPATH\Commands\Server\rewrite.php(47): require_once('C:\\xampp\\htdocs\\E-commerce-Pizza\\public\\index.php')
CRITICAL - 2024-04-05 17:11:24 --> Arquivo inválido: Home/index.php
in SYSTEMPATH\Exceptions\FrameworkException.php on line 39.
 1 SYSTEMPATH\View\View.php(214): CodeIgniter\Exceptions\FrameworkException::forInvalidFile('Home/index.php')
 2 SYSTEMPATH\Common.php(1188): CodeIgniter\View\View->render('Home/index', [], true)
 3 APPPATH\Controllers\Home.php(21): view('Home/index', [...])
 4 SYSTEMPATH\CodeIgniter.php(919): App\Controllers\Home->index()
 5 SYSTEMPATH\CodeIgniter.php(494): CodeIgniter\CodeIgniter->runController(Object(App\Controllers\Home))
 6 SYSTEMPATH\CodeIgniter.php(353): CodeIgniter\CodeIgniter->handleRequest(null, Object(Config\Cache), false)
 7 FCPATH\index.php(79): CodeIgniter\CodeIgniter->run()
 8 SYSTEMPATH\Commands\Server\rewrite.php(47): require_once('C:\\xampp\\htdocs\\E-commerce-Pizza\\public\\index.php')
CRITICAL - 2024-04-05 17:20:58 --> Arquivo inválido: Home/index.php
in SYSTEMPATH\Exceptions\FrameworkException.php on line 39.
 1 SYSTEMPATH\View\View.php(214): CodeIgniter\Exceptions\FrameworkException::forInvalidFile('Home/index.php')
 2 SYSTEMPATH\Common.php(1188): CodeIgniter\View\View->render('Home/index', [], true)
 3 APPPATH\Controllers\Home.php(21): view('Home/index', [...])
 4 SYSTEMPATH\CodeIgniter.php(919): App\Controllers\Home->index()
 5 SYSTEMPATH\CodeIgniter.php(494): CodeIgniter\CodeIgniter->runController(Object(App\Controllers\Home))
 6 SYSTEMPATH\CodeIgniter.php(353): CodeIgniter\CodeIgniter->handleRequest(null, Object(Config\Cache), false)
 7 FCPATH\index.php(79): CodeIgniter\CodeIgniter->run()
 8 SYSTEMPATH\Commands\Server\rewrite.php(47): require_once('C:\\xampp\\htdocs\\E-commerce-Pizza\\public\\index.php')
CRITICAL - 2024-04-05 17:21:03 --> Arquivo inválido: Home/index.php
in SYSTEMPATH\Exceptions\FrameworkException.php on line 39.
 1 SYSTEMPATH\View\View.php(214): CodeIgniter\Exceptions\FrameworkException::forInvalidFile('Home/index.php')
 2 SYSTEMPATH\Common.php(1188): CodeIgniter\View\View->render('Home/index', [], true)
 3 APPPATH\Controllers\Home.php(21): view('Home/index', [...])
 4 SYSTEMPATH\CodeIgniter.php(919): App\Controllers\Home->index()
 5 SYSTEMPATH\CodeIgniter.php(494): CodeIgniter\CodeIgniter->runController(Object(App\Controllers\Home))
 6 SYSTEMPATH\CodeIgniter.php(353): CodeIgniter\CodeIgniter->handleRequest(null, Object(Config\Cache), false)
 7 FCPATH\index.php(79): CodeIgniter\CodeIgniter->run()
 8 SYSTEMPATH\Commands\Server\rewrite.php(47): require_once('C:\\xampp\\htdocs\\E-commerce-Pizza\\public\\index.php')
CRITICAL - 2024-04-05 17:21:03 --> Arquivo inválido: Home/index.php
in SYSTEMPATH\Exceptions\FrameworkException.php on line 39.
 1 SYSTEMPATH\View\View.php(214): CodeIgniter\Exceptions\FrameworkException::forInvalidFile('Home/index.php')
 2 SYSTEMPATH\Common.php(1188): CodeIgniter\View\View->render('Home/index', [], true)
 3 APPPATH\Controllers\Home.php(21): view('Home/index', [...])
 4 SYSTEMPATH\CodeIgniter.php(919): App\Controllers\Home->index()
 5 SYSTEMPATH\CodeIgniter.php(494): CodeIgniter\CodeIgniter->runController(Object(App\Controllers\Home))
 6 SYSTEMPATH\CodeIgniter.php(353): CodeIgniter\CodeIgniter->handleRequest(null, Object(Config\Cache), false)
 7 FCPATH\index.php(79): CodeIgniter\CodeIgniter->run()
 8 SYSTEMPATH\Commands\Server\rewrite.php(47): require_once('C:\\xampp\\htdocs\\E-commerce-Pizza\\public\\index.php')
CRITICAL - 2024-04-05 17:26:47 --> Uncaught ErrorException: Cannot modify header information - headers already sent in C:\xampp\htdocs\E-commerce-Pizza\system\HTTP\ResponseTrait.php:774
Stack trace:
#0 [internal function]: CodeIgniter\Debug\Exceptions->errorHandler(2, 'Cannot modify h...', 'C:\\xampp\\htdocs...', 774, Array)
#1 C:\xampp\htdocs\E-commerce-Pizza\system\HTTP\ResponseTrait.php(774): setcookie('csrf_cookie_nam...', 'b308844123eab90...', Array)
#2 C:\xampp\htdocs\E-commerce-Pizza\system\HTTP\ResponseTrait.php(750): CodeIgniter\HTTP\Response->doSetCookie('csrf_cookie_nam...', 'b308844123eab90...', Array)
#3 C:\xampp\htdocs\E-commerce-Pizza\system\HTTP\ResponseTrait.php(730): CodeIgniter\HTTP\Response->dispatchCookies()
#4 C:\xampp\htdocs\E-commerce-Pizza\system\HTTP\ResponseTrait.php(447): CodeIgniter\HTTP\Response->sendCookies()
#5 C:\xampp\htdocs\E-commerce-Pizza\system\Debug\ExceptionHandler.php(78): CodeIgniter\HTTP\Response->send()
#6 C:\xampp\htdocs\E-commerce-Pizza\system\Debug\Exceptions.php(147): CodeIgniter\Debug\ExceptionH
【Previous Exception】
CodeIgniter\Exceptions\PageNotFoundException
Método do Controller não foi encontrado: index
#0 C:\xampp\htdocs\E-commerce-Pizza\system\CodeIgniter.php(967): CodeIgniter\Exceptions\PageNotFoundException::forPageNotFound('M\xC3\xA9todo do Cont...')
#1 C:\xampp\htdocs\E-commerce-Pizza\system\CodeIgniter.php(362): CodeIgniter\CodeIgniter->display404errors(Object(CodeIgniter\Exceptions\PageNotFoundException))
#2 C:\xampp\htdocs\E-commerce-Pizza\public\index.php(79): CodeIgniter\CodeIgniter->run()
#3 C:\xampp\htdocs\E-commerce-Pizza\system\Commands\Server\rewrite.php(47): require_once('C:\\xampp\\htdocs...')
#4 {main}
in SYSTEMPATH\HTTP\ResponseTrait.php on line 774.
 1 [internal function]: CodeIgniter\Debug\Exceptions->shutdownHandler()
CRITICAL - 2024-04-05 17:31:20 --> Uncaught ErrorException: Cannot modify header information - headers already sent in C:\xampp\htdocs\E-commerce-Pizza\system\HTTP\ResponseTrait.php:774
Stack trace:
#0 [internal function]: CodeIgniter\Debug\Exceptions->errorHandler(2, 'Cannot modify h...', 'C:\\xampp\\htdocs...', 774, Array)
#1 C:\xampp\htdocs\E-commerce-Pizza\system\HTTP\ResponseTrait.php(774): setcookie('csrf_cookie_nam...', '836228eef718598...', Array)
#2 C:\xampp\htdocs\E-commerce-Pizza\system\HTTP\ResponseTrait.php(750): CodeIgniter\HTTP\Response->doSetCookie('csrf_cookie_nam...', '836228eef718598...', Array)
#3 C:\xampp\htdocs\E-commerce-Pizza\system\HTTP\ResponseTrait.php(730): CodeIgniter\HTTP\Response->dispatchCookies()
#4 C:\xampp\htdocs\E-commerce-Pizza\system\HTTP\ResponseTrait.php(447): CodeIgniter\HTTP\Response->sendCookies()
#5 C:\xampp\htdocs\E-commerce-Pizza\system\Debug\ExceptionHandler.php(78): CodeIgniter\HTTP\Response->send()
#6 C:\xampp\htdocs\E-commerce-Pizza\system\Debug\Exceptions.php(147): CodeIgniter\Debug\ExceptionH
【Previous Exception】
CodeIgniter\Exceptions\PageNotFoundException
Método do Controller não foi encontrado: index
#0 C:\xampp\htdocs\E-commerce-Pizza\system\CodeIgniter.php(967): CodeIgniter\Exceptions\PageNotFoundException::forPageNotFound('M\xC3\xA9todo do Cont...')
#1 C:\xampp\htdocs\E-commerce-Pizza\system\CodeIgniter.php(362): CodeIgniter\CodeIgniter->display404errors(Object(CodeIgniter\Exceptions\PageNotFoundException))
#2 C:\xampp\htdocs\E-commerce-Pizza\public\index.php(79): CodeIgniter\CodeIgniter->run()
#3 C:\xampp\htdocs\E-commerce-Pizza\system\Commands\Server\rewrite.php(47): require_once('C:\\xampp\\htdocs...')
#4 {main}
in SYSTEMPATH\HTTP\ResponseTrait.php on line 774.
 1 [internal function]: CodeIgniter\Debug\Exceptions->shutdownHandler()
CRITICAL - 2024-04-05 17:31:20 --> Uncaught ErrorException: Cannot modify header information - headers already sent in C:\xampp\htdocs\E-commerce-Pizza\system\HTTP\ResponseTrait.php:774
Stack trace:
#0 [internal function]: CodeIgniter\Debug\Exceptions->errorHandler(2, 'Cannot modify h...', 'C:\\xampp\\htdocs...', 774, Array)
#1 C:\xampp\htdocs\E-commerce-Pizza\system\HTTP\ResponseTrait.php(774): setcookie('csrf_cookie_nam...', 'bf789ca1bb2089f...', Array)
#2 C:\xampp\htdocs\E-commerce-Pizza\system\HTTP\ResponseTrait.php(750): CodeIgniter\HTTP\Response->doSetCookie('csrf_cookie_nam...', 'bf789ca1bb2089f...', Array)
#3 C:\xampp\htdocs\E-commerce-Pizza\system\HTTP\ResponseTrait.php(730): CodeIgniter\HTTP\Response->dispatchCookies()
#4 C:\xampp\htdocs\E-commerce-Pizza\system\HTTP\ResponseTrait.php(447): CodeIgniter\HTTP\Response->sendCookies()
#5 C:\xampp\htdocs\E-commerce-Pizza\system\Debug\ExceptionHandler.php(78): CodeIgniter\HTTP\Response->send()
#6 C:\xampp\htdocs\E-commerce-Pizza\system\Debug\Exceptions.php(147): CodeIgniter\Debug\ExceptionH
【Previous Exception】
CodeIgniter\Exceptions\PageNotFoundException
Método do Controller não foi encontrado: index
#0 C:\xampp\htdocs\E-commerce-Pizza\system\CodeIgniter.php(967): CodeIgniter\Exceptions\PageNotFoundException::forPageNotFound('M\xC3\xA9todo do Cont...')
#1 C:\xampp\htdocs\E-commerce-Pizza\system\CodeIgniter.php(362): CodeIgniter\CodeIgniter->display404errors(Object(CodeIgniter\Exceptions\PageNotFoundException))
#2 C:\xampp\htdocs\E-commerce-Pizza\public\index.php(79): CodeIgniter\CodeIgniter->run()
#3 C:\xampp\htdocs\E-commerce-Pizza\system\Commands\Server\rewrite.php(47): require_once('C:\\xampp\\htdocs...')
#4 {main}
in SYSTEMPATH\HTTP\ResponseTrait.php on line 774.
 1 [internal function]: CodeIgniter\Debug\Exceptions->shutdownHandler()
CRITICAL - 2024-04-05 17:31:20 --> Uncaught ErrorException: Cannot modify header information - headers already sent in C:\xampp\htdocs\E-commerce-Pizza\system\HTTP\ResponseTrait.php:774
Stack trace:
#0 [internal function]: CodeIgniter\Debug\Exceptions->errorHandler(2, 'Cannot modify h...', 'C:\\xampp\\htdocs...', 774, Array)
#1 C:\xampp\htdocs\E-commerce-Pizza\system\HTTP\ResponseTrait.php(774): setcookie('csrf_cookie_nam...', '80cace0571333c0...', Array)
#2 C:\xampp\htdocs\E-commerce-Pizza\system\HTTP\ResponseTrait.php(750): CodeIgniter\HTTP\Response->doSetCookie('csrf_cookie_nam...', '80cace0571333c0...', Array)
#3 C:\xampp\htdocs\E-commerce-Pizza\system\HTTP\ResponseTrait.php(730): CodeIgniter\HTTP\Response->dispatchCookies()
#4 C:\xampp\htdocs\E-commerce-Pizza\system\HTTP\ResponseTrait.php(447): CodeIgniter\HTTP\Response->sendCookies()
#5 C:\xampp\htdocs\E-commerce-Pizza\system\Debug\ExceptionHandler.php(78): CodeIgniter\HTTP\Response->send()
#6 C:\xampp\htdocs\E-commerce-Pizza\system\Debug\Exceptions.php(147): CodeIgniter\Debug\ExceptionH
【Previous Exception】
CodeIgniter\Exceptions\PageNotFoundException
Método do Controller não foi encontrado: index
#0 C:\xampp\htdocs\E-commerce-Pizza\system\CodeIgniter.php(967): CodeIgniter\Exceptions\PageNotFoundException::forPageNotFound('M\xC3\xA9todo do Cont...')
#1 C:\xampp\htdocs\E-commerce-Pizza\system\CodeIgniter.php(362): CodeIgniter\CodeIgniter->display404errors(Object(CodeIgniter\Exceptions\PageNotFoundException))
#2 C:\xampp\htdocs\E-commerce-Pizza\public\index.php(79): CodeIgniter\CodeIgniter->run()
#3 C:\xampp\htdocs\E-commerce-Pizza\system\Commands\Server\rewrite.php(47): require_once('C:\\xampp\\htdocs...')
#4 {main}
in SYSTEMPATH\HTTP\ResponseTrait.php on line 774.
 1 [internal function]: CodeIgniter\Debug\Exceptions->shutdownHandler()
CRITICAL - 2024-04-05 17:40:24 --> Arquivo inválido: Home/index.php
in SYSTEMPATH\Exceptions\FrameworkException.php on line 39.
 1 SYSTEMPATH\View\View.php(214): CodeIgniter\Exceptions\FrameworkException::forInvalidFile('Home/index.php')
 2 SYSTEMPATH\Common.php(1188): CodeIgniter\View\View->render('Home/index', [], true)
 3 APPPATH\Controllers\Home.php(21): view('Home/index', [...])
 4 SYSTEMPATH\CodeIgniter.php(919): App\Controllers\Home->index()
 5 SYSTEMPATH\CodeIgniter.php(494): CodeIgniter\CodeIgniter->runController(Object(App\Controllers\Home))
 6 SYSTEMPATH\CodeIgniter.php(353): CodeIgniter\CodeIgniter->handleRequest(null, Object(Config\Cache), false)
 7 FCPATH\index.php(79): CodeIgniter\CodeIgniter->run()
 8 SYSTEMPATH\Commands\Server\rewrite.php(47): require_once('C:\\xampp\\htdocs\\E-commerce-Pizza\\public\\index.php')
CRITICAL - 2024-04-05 17:44:20 --> O filtro App\Filters\CorsFilter deve ter um alias correspondente definido.
in SYSTEMPATH\Filters\Filters.php on line 576.
 1 SYSTEMPATH\Filters\Filters.php(576): CodeIgniter\Filters\Exceptions\FilterException::forNoAlias('App\\Filters\\CorsFilter')
 2 SYSTEMPATH\Filters\Filters.php(259): CodeIgniter\Filters\Filters->processAliasesToClass('before')
 3 SYSTEMPATH\Filters\Filters.php(170): CodeIgniter\Filters\Filters->initialize('produto/imagem')
 4 SYSTEMPATH\CodeIgniter.php(466): CodeIgniter\Filters\Filters->run('Produto/imagem', 'before')
 5 SYSTEMPATH\CodeIgniter.php(353): CodeIgniter\CodeIgniter->handleRequest(null, Object(Config\Cache), false)
 6 FCPATH\index.php(79): CodeIgniter\CodeIgniter->run()
 7 SYSTEMPATH\Commands\Server\rewrite.php(47): require_once('C:\\xampp\\htdocs\\E-commerce-Pizza\\public\\index.php')
CRITICAL - 2024-04-05 17:44:20 --> O filtro App\Filters\CorsFilter deve ter um alias correspondente definido.
in SYSTEMPATH\Filters\Filters.php on line 576.
 1 SYSTEMPATH\Filters\Filters.php(576): CodeIgniter\Filters\Exceptions\FilterException::forNoAlias('App\\Filters\\CorsFilter')
 2 SYSTEMPATH\Filters\Filters.php(259): CodeIgniter\Filters\Filters->processAliasesToClass('before')
 3 SYSTEMPATH\Filters\Filters.php(170): CodeIgniter\Filters\Filters->initialize('produto/imagem')
 4 SYSTEMPATH\CodeIgniter.php(466): CodeIgniter\Filters\Filters->run('Produto/imagem', 'before')
 5 SYSTEMPATH\CodeIgniter.php(353): CodeIgniter\CodeIgniter->handleRequest(null, Object(Config\Cache), false)
 6 FCPATH\index.php(79): CodeIgniter\CodeIgniter->run()
 7 SYSTEMPATH\Commands\Server\rewrite.php(47): require_once('C:\\xampp\\htdocs\\E-commerce-Pizza\\public\\index.php')
