ERROR - 2024-04-17 19:55:11 --> Error connecting to the database: mysqli_sql_exception: Nenhuma conexão pôde ser feita porque a máquina de destino as recusou ativamente.
 in C:\xampp\htdocs\E-commerce-PizzaBack\system\Database\MySQLi\Connection.php:185
Stack trace:
#0 C:\xampp\htdocs\E-commerce-PizzaBack\system\Database\MySQLi\Connection.php(185): mysqli->real_connect('localhost', 'root', '', 'itaipu', 3306, '', 0)
#1 C:\xampp\htdocs\E-commerce-PizzaBack\system\Database\BaseConnection.php(391): CodeIgniter\Database\MySQLi\Connection->connect(false)
#2 C:\xampp\htdocs\E-commerce-PizzaBack\system\Database\BaseConnection.php(574): CodeIgniter\Database\BaseConnection->initialize()
#3 C:\xampp\htdocs\E-commerce-PizzaBack\system\Database\BaseBuilder.php(1615): CodeIgniter\Database\BaseConnection->query('SELECT `categor...', Array, false)
#4 C:\xampp\htdocs\E-commerce-PizzaBack\system\Model.php(237): CodeIgniter\Database\BaseBuilder->get()
#5 C:\xampp\htdocs\E-commerce-PizzaBack\system\BaseModel.php(624): CodeIgniter\Model->doFindAll(0, 0)
#6 C:\xampp\htdocs\E-commerce-PizzaBack\app\Models\CategoriaModel.php(68): CodeIgniter\BaseModel->findAll()
#7 C:\xampp\htdocs\E-commerce-PizzaBack\app\Controllers\Home.php(18): App\Models\CategoriaModel->BuscaCategoriasWebHome()
#8 C:\xampp\htdocs\E-commerce-PizzaBack\system\CodeIgniter.php(919): App\Controllers\Home->index()
#9 C:\xampp\htdocs\E-commerce-PizzaBack\system\CodeIgniter.php(494): CodeIgniter\CodeIgniter->runController(Object(App\Controllers\Home))
#10 C:\xampp\htdocs\E-commerce-PizzaBack\system\CodeIgniter.php(353): CodeIgniter\CodeIgniter->handleRequest(NULL, Object(Config\Cache), false)
#11 C:\xampp\htdocs\E-commerce-PizzaBack\public\index.php(79): CodeIgniter\CodeIgniter->run()
#12 C:\xampp\htdocs\E-commerce-PizzaBack\system\Commands\Server\rewrite.php(47): require_once('C:\\xampp\\htdocs...')
#13 {main}

Next CodeIgniter\Database\Exceptions\DatabaseException: Nenhuma conexão pôde ser feita porque a máquina de destino as recusou ativamente.
 in C:\xampp\htdocs\E-commerce-PizzaBack\system\Database\MySQLi\Connection.php:229
Stack trace:
#0 C:\xampp\htdocs\E-commerce-PizzaBack\system\Database\BaseConnection.php(391): CodeIgniter\Database\MySQLi\Connection->connect(false)
#1 C:\xampp\htdocs\E-commerce-PizzaBack\system\Database\BaseConnection.php(574): CodeIgniter\Database\BaseConnection->initialize()
#2 C:\xampp\htdocs\E-commerce-PizzaBack\system\Database\BaseBuilder.php(1615): CodeIgniter\Database\BaseConnection->query('SELECT `categor...', Array, false)
#3 C:\xampp\htdocs\E-commerce-PizzaBack\system\Model.php(237): CodeIgniter\Database\BaseBuilder->get()
#4 C:\xampp\htdocs\E-commerce-PizzaBack\system\BaseModel.php(624): CodeIgniter\Model->doFindAll(0, 0)
#5 C:\xampp\htdocs\E-commerce-PizzaBack\app\Models\CategoriaModel.php(68): CodeIgniter\BaseModel->findAll()
#6 C:\xampp\htdocs\E-commerce-PizzaBack\app\Controllers\Home.php(18): App\Models\CategoriaModel->BuscaCategoriasWebHome()
#7 C:\xampp\htdocs\E-commerce-PizzaBack\system\CodeIgniter.php(919): App\Controllers\Home->index()
#8 C:\xampp\htdocs\E-commerce-PizzaBack\system\CodeIgniter.php(494): CodeIgniter\CodeIgniter->runController(Object(App\Controllers\Home))
#9 C:\xampp\htdocs\E-commerce-PizzaBack\system\CodeIgniter.php(353): CodeIgniter\CodeIgniter->handleRequest(NULL, Object(Config\Cache), false)
#10 C:\xampp\htdocs\E-commerce-PizzaBack\public\index.php(79): CodeIgniter\CodeIgniter->run()
#11 C:\xampp\htdocs\E-commerce-PizzaBack\system\Commands\Server\rewrite.php(47): require_once('C:\\xampp\\htdocs...')
#12 {main}
CRITICAL - 2024-04-17 19:55:11 --> Unable to connect to the database.
Main connection [MySQLi]: Nenhuma conexão pôde ser feita porque a máquina de destino as recusou ativamente.

in SYSTEMPATH\Database\BaseConnection.php on line 427.
 1 SYSTEMPATH\Database\BaseConnection.php(574): CodeIgniter\Database\BaseConnection->initialize()
 2 SYSTEMPATH\Database\BaseBuilder.php(1615): CodeIgniter\Database\BaseConnection->query('SELECT `categorias`.`id`, `categorias`.`nome`, `categorias`.`slug`
FROM `categorias`
JOIN `produtos` ON `produtos`.`categoria_id` = `categorias`.`id`
WHERE `categorias`.`deletado_em` IS NULL
GROUP BY `categorias`.`id`', [], false)
 3 SYSTEMPATH\Model.php(237): CodeIgniter\Database\BaseBuilder->get()
 4 SYSTEMPATH\BaseModel.php(624): CodeIgniter\Model->doFindAll(0, 0)
 5 APPPATH\Models\CategoriaModel.php(68): CodeIgniter\BaseModel->findAll()
 6 APPPATH\Controllers\Home.php(18): App\Models\CategoriaModel->BuscaCategoriasWebHome()
 7 SYSTEMPATH\CodeIgniter.php(919): App\Controllers\Home->index()
 8 SYSTEMPATH\CodeIgniter.php(494): CodeIgniter\CodeIgniter->runController(Object(App\Controllers\Home))
 9 SYSTEMPATH\CodeIgniter.php(353): CodeIgniter\CodeIgniter->handleRequest(null, Object(Config\Cache), false)
10 FCPATH\index.php(79): CodeIgniter\CodeIgniter->run()
11 SYSTEMPATH\Commands\Server\rewrite.php(47): require_once('C:\\xampp\\htdocs\\E-commerce-PizzaBack\\public\\index.php')
ERROR - 2024-04-17 19:55:23 --> Error connecting to the database: mysqli_sql_exception: Nenhuma conexão pôde ser feita porque a máquina de destino as recusou ativamente.
 in C:\xampp\htdocs\E-commerce-PizzaBack\system\Database\MySQLi\Connection.php:185
Stack trace:
#0 C:\xampp\htdocs\E-commerce-PizzaBack\system\Database\MySQLi\Connection.php(185): mysqli->real_connect('localhost', 'root', '', 'itaipu', 3306, '', 0)
#1 C:\xampp\htdocs\E-commerce-PizzaBack\system\Database\BaseConnection.php(391): CodeIgniter\Database\MySQLi\Connection->connect(false)
#2 C:\xampp\htdocs\E-commerce-PizzaBack\system\Database\BaseConnection.php(574): CodeIgniter\Database\BaseConnection->initialize()
#3 C:\xampp\htdocs\E-commerce-PizzaBack\system\Database\BaseBuilder.php(1615): CodeIgniter\Database\BaseConnection->query('SELECT `produto...', Array, false)
#4 C:\xampp\htdocs\E-commerce-PizzaBack\system\Model.php(237): CodeIgniter\Database\BaseBuilder->get()
#5 C:\xampp\htdocs\E-commerce-PizzaBack\system\BaseModel.php(624): CodeIgniter\Model->doFindAll(0, 0)
#6 C:\xampp\htdocs\E-commerce-PizzaBack\app\Models\ProdutoModel.php(94): CodeIgniter\BaseModel->findAll()
#7 C:\xampp\htdocs\E-commerce-PizzaBack\app\Controllers\ProdutoWeb.php(27): App\Models\ProdutoModel->buscaProdutosWebHome()
#8 C:\xampp\htdocs\E-commerce-PizzaBack\system\CodeIgniter.php(919): App\Controllers\ProdutoWeb->index()
#9 C:\xampp\htdocs\E-commerce-PizzaBack\system\CodeIgniter.php(494): CodeIgniter\CodeIgniter->runController(Object(App\Controllers\ProdutoWeb))
#10 C:\xampp\htdocs\E-commerce-PizzaBack\system\CodeIgniter.php(353): CodeIgniter\CodeIgniter->handleRequest(NULL, Object(Config\Cache), false)
#11 C:\xampp\htdocs\E-commerce-PizzaBack\public\index.php(79): CodeIgniter\CodeIgniter->run()
#12 C:\xampp\htdocs\E-commerce-PizzaBack\system\Commands\Server\rewrite.php(47): require_once('C:\\xampp\\htdocs...')
#13 {main}

Next CodeIgniter\Database\Exceptions\DatabaseException: Nenhuma conexão pôde ser feita porque a máquina de destino as recusou ativamente.
 in C:\xampp\htdocs\E-commerce-PizzaBack\system\Database\MySQLi\Connection.php:229
Stack trace:
#0 C:\xampp\htdocs\E-commerce-PizzaBack\system\Database\BaseConnection.php(391): CodeIgniter\Database\MySQLi\Connection->connect(false)
#1 C:\xampp\htdocs\E-commerce-PizzaBack\system\Database\BaseConnection.php(574): CodeIgniter\Database\BaseConnection->initialize()
#2 C:\xampp\htdocs\E-commerce-PizzaBack\system\Database\BaseBuilder.php(1615): CodeIgniter\Database\BaseConnection->query('SELECT `produto...', Array, false)
#3 C:\xampp\htdocs\E-commerce-PizzaBack\system\Model.php(237): CodeIgniter\Database\BaseBuilder->get()
#4 C:\xampp\htdocs\E-commerce-PizzaBack\system\BaseModel.php(624): CodeIgniter\Model->doFindAll(0, 0)
#5 C:\xampp\htdocs\E-commerce-PizzaBack\app\Models\ProdutoModel.php(94): CodeIgniter\BaseModel->findAll()
#6 C:\xampp\htdocs\E-commerce-PizzaBack\app\Controllers\ProdutoWeb.php(27): App\Models\ProdutoModel->buscaProdutosWebHome()
#7 C:\xampp\htdocs\E-commerce-PizzaBack\system\CodeIgniter.php(919): App\Controllers\ProdutoWeb->index()
#8 C:\xampp\htdocs\E-commerce-PizzaBack\system\CodeIgniter.php(494): CodeIgniter\CodeIgniter->runController(Object(App\Controllers\ProdutoWeb))
#9 C:\xampp\htdocs\E-commerce-PizzaBack\system\CodeIgniter.php(353): CodeIgniter\CodeIgniter->handleRequest(NULL, Object(Config\Cache), false)
#10 C:\xampp\htdocs\E-commerce-PizzaBack\public\index.php(79): CodeIgniter\CodeIgniter->run()
#11 C:\xampp\htdocs\E-commerce-PizzaBack\system\Commands\Server\rewrite.php(47): require_once('C:\\xampp\\htdocs...')
#12 {main}
CRITICAL - 2024-04-17 19:55:23 --> Unable to connect to the database.
Main connection [MySQLi]: Nenhuma conexão pôde ser feita porque a máquina de destino as recusou ativamente.

in SYSTEMPATH\Database\BaseConnection.php on line 427.
 1 SYSTEMPATH\Database\BaseConnection.php(574): CodeIgniter\Database\BaseConnection->initialize()
 2 SYSTEMPATH\Database\BaseBuilder.php(1615): CodeIgniter\Database\BaseConnection->query('SELECT `produtos`.`id`, `produtos`.`nome`, `produtos`.`ingredientes`, `produtos`.`slug`, `produtos`.`imagem`, `categorias`.`id` AS `categoria_id`, `categorias`.`nome` AS `categoria`, `categorias`.`slug` As `categoria_slug`, MIN(`produtos_especificacoes`.`preco`) AS `preco`
FROM `produtos`
JOIN `categorias` ON `categorias`.`id` = `produtos`.`categoria_id`
JOIN `produtos_especificacoes` ON `produtos_especificacoes`.`produto_id` = `produtos`.`id`
WHERE `produtos`.`ativo` = :produtos.ativo:
AND `produtos`.`deletado_em` IS NULL
GROUP BY `produtos`.`nome`
ORDER BY `categorias`.`nome` ASC', [...], false)
 3 SYSTEMPATH\Model.php(237): CodeIgniter\Database\BaseBuilder->get()
 4 SYSTEMPATH\BaseModel.php(624): CodeIgniter\Model->doFindAll(0, 0)
 5 APPPATH\Models\ProdutoModel.php(94): CodeIgniter\BaseModel->findAll()
 6 APPPATH\Controllers\ProdutoWeb.php(27): App\Models\ProdutoModel->buscaProdutosWebHome()
 7 SYSTEMPATH\CodeIgniter.php(919): App\Controllers\ProdutoWeb->index()
 8 SYSTEMPATH\CodeIgniter.php(494): CodeIgniter\CodeIgniter->runController(Object(App\Controllers\ProdutoWeb))
 9 SYSTEMPATH\CodeIgniter.php(353): CodeIgniter\CodeIgniter->handleRequest(null, Object(Config\Cache), false)
10 FCPATH\index.php(79): CodeIgniter\CodeIgniter->run()
11 SYSTEMPATH\Commands\Server\rewrite.php(47): require_once('C:\\xampp\\htdocs\\E-commerce-PizzaBack\\public\\index.php')
INFO - 2024-04-17 19:55:24 --> Session: Class initialized using 'CodeIgniter\Session\Handlers\FileHandler' driver.
ERROR - 2024-04-17 19:55:31 --> Error connecting to the database: mysqli_sql_exception: Nenhuma conexão pôde ser feita porque a máquina de destino as recusou ativamente.
 in C:\xampp\htdocs\E-commerce-PizzaBack\system\Database\MySQLi\Connection.php:185
Stack trace:
#0 C:\xampp\htdocs\E-commerce-PizzaBack\system\Database\MySQLi\Connection.php(185): mysqli->real_connect('localhost', 'root', '', 'itaipu', 3306, '', 0)
#1 C:\xampp\htdocs\E-commerce-PizzaBack\system\Database\BaseConnection.php(391): CodeIgniter\Database\MySQLi\Connection->connect(false)
#2 C:\xampp\htdocs\E-commerce-PizzaBack\system\Database\BaseConnection.php(574): CodeIgniter\Database\BaseConnection->initialize()
#3 C:\xampp\htdocs\E-commerce-PizzaBack\system\Database\BaseBuilder.php(1615): CodeIgniter\Database\BaseConnection->query('SELECT `produto...', Array, false)
#4 C:\xampp\htdocs\E-commerce-PizzaBack\system\Model.php(237): CodeIgniter\Database\BaseBuilder->get()
#5 C:\xampp\htdocs\E-commerce-PizzaBack\system\BaseModel.php(624): CodeIgniter\Model->doFindAll(0, 0)
#6 C:\xampp\htdocs\E-commerce-PizzaBack\app\Models\ProdutoModel.php(94): CodeIgniter\BaseModel->findAll()
#7 C:\xampp\htdocs\E-commerce-PizzaBack\app\Controllers\ProdutoWeb.php(27): App\Models\ProdutoModel->buscaProdutosWebHome()
#8 C:\xampp\htdocs\E-commerce-PizzaBack\system\CodeIgniter.php(919): App\Controllers\ProdutoWeb->index()
#9 C:\xampp\htdocs\E-commerce-PizzaBack\system\CodeIgniter.php(494): CodeIgniter\CodeIgniter->runController(Object(App\Controllers\ProdutoWeb))
#10 C:\xampp\htdocs\E-commerce-PizzaBack\system\CodeIgniter.php(353): CodeIgniter\CodeIgniter->handleRequest(NULL, Object(Config\Cache), false)
#11 C:\xampp\htdocs\E-commerce-PizzaBack\public\index.php(79): CodeIgniter\CodeIgniter->run()
#12 C:\xampp\htdocs\E-commerce-PizzaBack\system\Commands\Server\rewrite.php(47): require_once('C:\\xampp\\htdocs...')
#13 {main}

Next CodeIgniter\Database\Exceptions\DatabaseException: Nenhuma conexão pôde ser feita porque a máquina de destino as recusou ativamente.
 in C:\xampp\htdocs\E-commerce-PizzaBack\system\Database\MySQLi\Connection.php:229
Stack trace:
#0 C:\xampp\htdocs\E-commerce-PizzaBack\system\Database\BaseConnection.php(391): CodeIgniter\Database\MySQLi\Connection->connect(false)
#1 C:\xampp\htdocs\E-commerce-PizzaBack\system\Database\BaseConnection.php(574): CodeIgniter\Database\BaseConnection->initialize()
#2 C:\xampp\htdocs\E-commerce-PizzaBack\system\Database\BaseBuilder.php(1615): CodeIgniter\Database\BaseConnection->query('SELECT `produto...', Array, false)
#3 C:\xampp\htdocs\E-commerce-PizzaBack\system\Model.php(237): CodeIgniter\Database\BaseBuilder->get()
#4 C:\xampp\htdocs\E-commerce-PizzaBack\system\BaseModel.php(624): CodeIgniter\Model->doFindAll(0, 0)
#5 C:\xampp\htdocs\E-commerce-PizzaBack\app\Models\ProdutoModel.php(94): CodeIgniter\BaseModel->findAll()
#6 C:\xampp\htdocs\E-commerce-PizzaBack\app\Controllers\ProdutoWeb.php(27): App\Models\ProdutoModel->buscaProdutosWebHome()
#7 C:\xampp\htdocs\E-commerce-PizzaBack\system\CodeIgniter.php(919): App\Controllers\ProdutoWeb->index()
#8 C:\xampp\htdocs\E-commerce-PizzaBack\system\CodeIgniter.php(494): CodeIgniter\CodeIgniter->runController(Object(App\Controllers\ProdutoWeb))
#9 C:\xampp\htdocs\E-commerce-PizzaBack\system\CodeIgniter.php(353): CodeIgniter\CodeIgniter->handleRequest(NULL, Object(Config\Cache), false)
#10 C:\xampp\htdocs\E-commerce-PizzaBack\public\index.php(79): CodeIgniter\CodeIgniter->run()
#11 C:\xampp\htdocs\E-commerce-PizzaBack\system\Commands\Server\rewrite.php(47): require_once('C:\\xampp\\htdocs...')
#12 {main}
CRITICAL - 2024-04-17 19:55:31 --> Unable to connect to the database.
Main connection [MySQLi]: Nenhuma conexão pôde ser feita porque a máquina de destino as recusou ativamente.

in SYSTEMPATH\Database\BaseConnection.php on line 427.
 1 SYSTEMPATH\Database\BaseConnection.php(574): CodeIgniter\Database\BaseConnection->initialize()
 2 SYSTEMPATH\Database\BaseBuilder.php(1615): CodeIgniter\Database\BaseConnection->query('SELECT `produtos`.`id`, `produtos`.`nome`, `produtos`.`ingredientes`, `produtos`.`slug`, `produtos`.`imagem`, `categorias`.`id` AS `categoria_id`, `categorias`.`nome` AS `categoria`, `categorias`.`slug` As `categoria_slug`, MIN(`produtos_especificacoes`.`preco`) AS `preco`
FROM `produtos`
JOIN `categorias` ON `categorias`.`id` = `produtos`.`categoria_id`
JOIN `produtos_especificacoes` ON `produtos_especificacoes`.`produto_id` = `produtos`.`id`
WHERE `produtos`.`ativo` = :produtos.ativo:
AND `produtos`.`deletado_em` IS NULL
GROUP BY `produtos`.`nome`
ORDER BY `categorias`.`nome` ASC', [...], false)
 3 SYSTEMPATH\Model.php(237): CodeIgniter\Database\BaseBuilder->get()
 4 SYSTEMPATH\BaseModel.php(624): CodeIgniter\Model->doFindAll(0, 0)
 5 APPPATH\Models\ProdutoModel.php(94): CodeIgniter\BaseModel->findAll()
 6 APPPATH\Controllers\ProdutoWeb.php(27): App\Models\ProdutoModel->buscaProdutosWebHome()
 7 SYSTEMPATH\CodeIgniter.php(919): App\Controllers\ProdutoWeb->index()
 8 SYSTEMPATH\CodeIgniter.php(494): CodeIgniter\CodeIgniter->runController(Object(App\Controllers\ProdutoWeb))
 9 SYSTEMPATH\CodeIgniter.php(353): CodeIgniter\CodeIgniter->handleRequest(null, Object(Config\Cache), false)
10 FCPATH\index.php(79): CodeIgniter\CodeIgniter->run()
11 SYSTEMPATH\Commands\Server\rewrite.php(47): require_once('C:\\xampp\\htdocs\\E-commerce-PizzaBack\\public\\index.php')
INFO - 2024-04-17 19:55:31 --> Session: Class initialized using 'CodeIgniter\Session\Handlers\FileHandler' driver.
ERROR - 2024-04-17 19:55:40 --> Error connecting to the database: mysqli_sql_exception: Nenhuma conexão pôde ser feita porque a máquina de destino as recusou ativamente.
 in C:\xampp\htdocs\E-commerce-PizzaBack\system\Database\MySQLi\Connection.php:185
Stack trace:
#0 C:\xampp\htdocs\E-commerce-PizzaBack\system\Database\MySQLi\Connection.php(185): mysqli->real_connect('localhost', 'root', '', 'itaipu', 3306, '', 0)
#1 C:\xampp\htdocs\E-commerce-PizzaBack\system\Database\BaseConnection.php(391): CodeIgniter\Database\MySQLi\Connection->connect(false)
#2 C:\xampp\htdocs\E-commerce-PizzaBack\system\Database\BaseConnection.php(574): CodeIgniter\Database\BaseConnection->initialize()
#3 C:\xampp\htdocs\E-commerce-PizzaBack\system\Database\BaseBuilder.php(1615): CodeIgniter\Database\BaseConnection->query('SELECT `produto...', Array, false)
#4 C:\xampp\htdocs\E-commerce-PizzaBack\system\Model.php(237): CodeIgniter\Database\BaseBuilder->get()
#5 C:\xampp\htdocs\E-commerce-PizzaBack\system\BaseModel.php(624): CodeIgniter\Model->doFindAll(0, 0)
#6 C:\xampp\htdocs\E-commerce-PizzaBack\app\Models\ProdutoModel.php(94): CodeIgniter\BaseModel->findAll()
#7 C:\xampp\htdocs\E-commerce-PizzaBack\app\Controllers\ProdutoWeb.php(27): App\Models\ProdutoModel->buscaProdutosWebHome()
#8 C:\xampp\htdocs\E-commerce-PizzaBack\system\CodeIgniter.php(919): App\Controllers\ProdutoWeb->index()
#9 C:\xampp\htdocs\E-commerce-PizzaBack\system\CodeIgniter.php(494): CodeIgniter\CodeIgniter->runController(Object(App\Controllers\ProdutoWeb))
#10 C:\xampp\htdocs\E-commerce-PizzaBack\system\CodeIgniter.php(353): CodeIgniter\CodeIgniter->handleRequest(NULL, Object(Config\Cache), false)
#11 C:\xampp\htdocs\E-commerce-PizzaBack\public\index.php(79): CodeIgniter\CodeIgniter->run()
#12 C:\xampp\htdocs\E-commerce-PizzaBack\system\Commands\Server\rewrite.php(47): require_once('C:\\xampp\\htdocs...')
#13 {main}

Next CodeIgniter\Database\Exceptions\DatabaseException: Nenhuma conexão pôde ser feita porque a máquina de destino as recusou ativamente.
 in C:\xampp\htdocs\E-commerce-PizzaBack\system\Database\MySQLi\Connection.php:229
Stack trace:
#0 C:\xampp\htdocs\E-commerce-PizzaBack\system\Database\BaseConnection.php(391): CodeIgniter\Database\MySQLi\Connection->connect(false)
#1 C:\xampp\htdocs\E-commerce-PizzaBack\system\Database\BaseConnection.php(574): CodeIgniter\Database\BaseConnection->initialize()
#2 C:\xampp\htdocs\E-commerce-PizzaBack\system\Database\BaseBuilder.php(1615): CodeIgniter\Database\BaseConnection->query('SELECT `produto...', Array, false)
#3 C:\xampp\htdocs\E-commerce-PizzaBack\system\Model.php(237): CodeIgniter\Database\BaseBuilder->get()
#4 C:\xampp\htdocs\E-commerce-PizzaBack\system\BaseModel.php(624): CodeIgniter\Model->doFindAll(0, 0)
#5 C:\xampp\htdocs\E-commerce-PizzaBack\app\Models\ProdutoModel.php(94): CodeIgniter\BaseModel->findAll()
#6 C:\xampp\htdocs\E-commerce-PizzaBack\app\Controllers\ProdutoWeb.php(27): App\Models\ProdutoModel->buscaProdutosWebHome()
#7 C:\xampp\htdocs\E-commerce-PizzaBack\system\CodeIgniter.php(919): App\Controllers\ProdutoWeb->index()
#8 C:\xampp\htdocs\E-commerce-PizzaBack\system\CodeIgniter.php(494): CodeIgniter\CodeIgniter->runController(Object(App\Controllers\ProdutoWeb))
#9 C:\xampp\htdocs\E-commerce-PizzaBack\system\CodeIgniter.php(353): CodeIgniter\CodeIgniter->handleRequest(NULL, Object(Config\Cache), false)
#10 C:\xampp\htdocs\E-commerce-PizzaBack\public\index.php(79): CodeIgniter\CodeIgniter->run()
#11 C:\xampp\htdocs\E-commerce-PizzaBack\system\Commands\Server\rewrite.php(47): require_once('C:\\xampp\\htdocs...')
#12 {main}
CRITICAL - 2024-04-17 19:55:40 --> Unable to connect to the database.
Main connection [MySQLi]: Nenhuma conexão pôde ser feita porque a máquina de destino as recusou ativamente.

in SYSTEMPATH\Database\BaseConnection.php on line 427.
 1 SYSTEMPATH\Database\BaseConnection.php(574): CodeIgniter\Database\BaseConnection->initialize()
 2 SYSTEMPATH\Database\BaseBuilder.php(1615): CodeIgniter\Database\BaseConnection->query('SELECT `produtos`.`id`, `produtos`.`nome`, `produtos`.`ingredientes`, `produtos`.`slug`, `produtos`.`imagem`, `categorias`.`id` AS `categoria_id`, `categorias`.`nome` AS `categoria`, `categorias`.`slug` As `categoria_slug`, MIN(`produtos_especificacoes`.`preco`) AS `preco`
FROM `produtos`
JOIN `categorias` ON `categorias`.`id` = `produtos`.`categoria_id`
JOIN `produtos_especificacoes` ON `produtos_especificacoes`.`produto_id` = `produtos`.`id`
WHERE `produtos`.`ativo` = :produtos.ativo:
AND `produtos`.`deletado_em` IS NULL
GROUP BY `produtos`.`nome`
ORDER BY `categorias`.`nome` ASC', [...], false)
 3 SYSTEMPATH\Model.php(237): CodeIgniter\Database\BaseBuilder->get()
 4 SYSTEMPATH\BaseModel.php(624): CodeIgniter\Model->doFindAll(0, 0)
 5 APPPATH\Models\ProdutoModel.php(94): CodeIgniter\BaseModel->findAll()
 6 APPPATH\Controllers\ProdutoWeb.php(27): App\Models\ProdutoModel->buscaProdutosWebHome()
 7 SYSTEMPATH\CodeIgniter.php(919): App\Controllers\ProdutoWeb->index()
 8 SYSTEMPATH\CodeIgniter.php(494): CodeIgniter\CodeIgniter->runController(Object(App\Controllers\ProdutoWeb))
 9 SYSTEMPATH\CodeIgniter.php(353): CodeIgniter\CodeIgniter->handleRequest(null, Object(Config\Cache), false)
10 FCPATH\index.php(79): CodeIgniter\CodeIgniter->run()
11 SYSTEMPATH\Commands\Server\rewrite.php(47): require_once('C:\\xampp\\htdocs\\E-commerce-PizzaBack\\public\\index.php')
ERROR - 2024-04-17 19:55:44 --> Error connecting to the database: mysqli_sql_exception: Nenhuma conexão pôde ser feita porque a máquina de destino as recusou ativamente.
 in C:\xampp\htdocs\E-commerce-PizzaBack\system\Database\MySQLi\Connection.php:185
Stack trace:
#0 C:\xampp\htdocs\E-commerce-PizzaBack\system\Database\MySQLi\Connection.php(185): mysqli->real_connect('localhost', 'root', '', 'itaipu', 3306, '', 0)
#1 C:\xampp\htdocs\E-commerce-PizzaBack\system\Database\BaseConnection.php(391): CodeIgniter\Database\MySQLi\Connection->connect(false)
#2 C:\xampp\htdocs\E-commerce-PizzaBack\system\Database\BaseConnection.php(574): CodeIgniter\Database\BaseConnection->initialize()
#3 C:\xampp\htdocs\E-commerce-PizzaBack\system\Database\BaseBuilder.php(1615): CodeIgniter\Database\BaseConnection->query('SELECT `produto...', Array, false)
#4 C:\xampp\htdocs\E-commerce-PizzaBack\system\Model.php(237): CodeIgniter\Database\BaseBuilder->get()
#5 C:\xampp\htdocs\E-commerce-PizzaBack\system\BaseModel.php(624): CodeIgniter\Model->doFindAll(0, 0)
#6 C:\xampp\htdocs\E-commerce-PizzaBack\app\Models\ProdutoModel.php(94): CodeIgniter\BaseModel->findAll()
#7 C:\xampp\htdocs\E-commerce-PizzaBack\app\Controllers\ProdutoWeb.php(27): App\Models\ProdutoModel->buscaProdutosWebHome()
#8 C:\xampp\htdocs\E-commerce-PizzaBack\system\CodeIgniter.php(919): App\Controllers\ProdutoWeb->index()
#9 C:\xampp\htdocs\E-commerce-PizzaBack\system\CodeIgniter.php(494): CodeIgniter\CodeIgniter->runController(Object(App\Controllers\ProdutoWeb))
#10 C:\xampp\htdocs\E-commerce-PizzaBack\system\CodeIgniter.php(353): CodeIgniter\CodeIgniter->handleRequest(NULL, Object(Config\Cache), false)
#11 C:\xampp\htdocs\E-commerce-PizzaBack\public\index.php(79): CodeIgniter\CodeIgniter->run()
#12 C:\xampp\htdocs\E-commerce-PizzaBack\system\Commands\Server\rewrite.php(47): require_once('C:\\xampp\\htdocs...')
#13 {main}

Next CodeIgniter\Database\Exceptions\DatabaseException: Nenhuma conexão pôde ser feita porque a máquina de destino as recusou ativamente.
 in C:\xampp\htdocs\E-commerce-PizzaBack\system\Database\MySQLi\Connection.php:229
Stack trace:
#0 C:\xampp\htdocs\E-commerce-PizzaBack\system\Database\BaseConnection.php(391): CodeIgniter\Database\MySQLi\Connection->connect(false)
#1 C:\xampp\htdocs\E-commerce-PizzaBack\system\Database\BaseConnection.php(574): CodeIgniter\Database\BaseConnection->initialize()
#2 C:\xampp\htdocs\E-commerce-PizzaBack\system\Database\BaseBuilder.php(1615): CodeIgniter\Database\BaseConnection->query('SELECT `produto...', Array, false)
#3 C:\xampp\htdocs\E-commerce-PizzaBack\system\Model.php(237): CodeIgniter\Database\BaseBuilder->get()
#4 C:\xampp\htdocs\E-commerce-PizzaBack\system\BaseModel.php(624): CodeIgniter\Model->doFindAll(0, 0)
#5 C:\xampp\htdocs\E-commerce-PizzaBack\app\Models\ProdutoModel.php(94): CodeIgniter\BaseModel->findAll()
#6 C:\xampp\htdocs\E-commerce-PizzaBack\app\Controllers\ProdutoWeb.php(27): App\Models\ProdutoModel->buscaProdutosWebHome()
#7 C:\xampp\htdocs\E-commerce-PizzaBack\system\CodeIgniter.php(919): App\Controllers\ProdutoWeb->index()
#8 C:\xampp\htdocs\E-commerce-PizzaBack\system\CodeIgniter.php(494): CodeIgniter\CodeIgniter->runController(Object(App\Controllers\ProdutoWeb))
#9 C:\xampp\htdocs\E-commerce-PizzaBack\system\CodeIgniter.php(353): CodeIgniter\CodeIgniter->handleRequest(NULL, Object(Config\Cache), false)
#10 C:\xampp\htdocs\E-commerce-PizzaBack\public\index.php(79): CodeIgniter\CodeIgniter->run()
#11 C:\xampp\htdocs\E-commerce-PizzaBack\system\Commands\Server\rewrite.php(47): require_once('C:\\xampp\\htdocs...')
#12 {main}
CRITICAL - 2024-04-17 19:55:44 --> Unable to connect to the database.
Main connection [MySQLi]: Nenhuma conexão pôde ser feita porque a máquina de destino as recusou ativamente.

in SYSTEMPATH\Database\BaseConnection.php on line 427.
 1 SYSTEMPATH\Database\BaseConnection.php(574): CodeIgniter\Database\BaseConnection->initialize()
 2 SYSTEMPATH\Database\BaseBuilder.php(1615): CodeIgniter\Database\BaseConnection->query('SELECT `produtos`.`id`, `produtos`.`nome`, `produtos`.`ingredientes`, `produtos`.`slug`, `produtos`.`imagem`, `categorias`.`id` AS `categoria_id`, `categorias`.`nome` AS `categoria`, `categorias`.`slug` As `categoria_slug`, MIN(`produtos_especificacoes`.`preco`) AS `preco`
FROM `produtos`
JOIN `categorias` ON `categorias`.`id` = `produtos`.`categoria_id`
JOIN `produtos_especificacoes` ON `produtos_especificacoes`.`produto_id` = `produtos`.`id`
WHERE `produtos`.`ativo` = :produtos.ativo:
AND `produtos`.`deletado_em` IS NULL
GROUP BY `produtos`.`nome`
ORDER BY `categorias`.`nome` ASC', [...], false)
 3 SYSTEMPATH\Model.php(237): CodeIgniter\Database\BaseBuilder->get()
 4 SYSTEMPATH\BaseModel.php(624): CodeIgniter\Model->doFindAll(0, 0)
 5 APPPATH\Models\ProdutoModel.php(94): CodeIgniter\BaseModel->findAll()
 6 APPPATH\Controllers\ProdutoWeb.php(27): App\Models\ProdutoModel->buscaProdutosWebHome()
 7 SYSTEMPATH\CodeIgniter.php(919): App\Controllers\ProdutoWeb->index()
 8 SYSTEMPATH\CodeIgniter.php(494): CodeIgniter\CodeIgniter->runController(Object(App\Controllers\ProdutoWeb))
 9 SYSTEMPATH\CodeIgniter.php(353): CodeIgniter\CodeIgniter->handleRequest(null, Object(Config\Cache), false)
10 FCPATH\index.php(79): CodeIgniter\CodeIgniter->run()
11 SYSTEMPATH\Commands\Server\rewrite.php(47): require_once('C:\\xampp\\htdocs\\E-commerce-PizzaBack\\public\\index.php')
ERROR - 2024-04-17 19:56:16 --> Error connecting to the database: mysqli_sql_exception: Nenhuma conexão pôde ser feita porque a máquina de destino as recusou ativamente.
 in C:\xampp\htdocs\E-commerce-PizzaBack\system\Database\MySQLi\Connection.php:185
Stack trace:
#0 C:\xampp\htdocs\E-commerce-PizzaBack\system\Database\MySQLi\Connection.php(185): mysqli->real_connect('localhost', 'root', '', 'itaipu', 3306, '', 0)
#1 C:\xampp\htdocs\E-commerce-PizzaBack\system\Database\BaseConnection.php(391): CodeIgniter\Database\MySQLi\Connection->connect(false)
#2 C:\xampp\htdocs\E-commerce-PizzaBack\system\Database\BaseConnection.php(574): CodeIgniter\Database\BaseConnection->initialize()
#3 C:\xampp\htdocs\E-commerce-PizzaBack\system\Database\BaseBuilder.php(1615): CodeIgniter\Database\BaseConnection->query('SELECT `produto...', Array, false)
#4 C:\xampp\htdocs\E-commerce-PizzaBack\system\Model.php(237): CodeIgniter\Database\BaseBuilder->get()
#5 C:\xampp\htdocs\E-commerce-PizzaBack\system\BaseModel.php(624): CodeIgniter\Model->doFindAll(0, 0)
#6 C:\xampp\htdocs\E-commerce-PizzaBack\app\Models\ProdutoModel.php(94): CodeIgniter\BaseModel->findAll()
#7 C:\xampp\htdocs\E-commerce-PizzaBack\app\Controllers\ProdutoWeb.php(27): App\Models\ProdutoModel->buscaProdutosWebHome()
#8 C:\xampp\htdocs\E-commerce-PizzaBack\system\CodeIgniter.php(919): App\Controllers\ProdutoWeb->index()
#9 C:\xampp\htdocs\E-commerce-PizzaBack\system\CodeIgniter.php(494): CodeIgniter\CodeIgniter->runController(Object(App\Controllers\ProdutoWeb))
#10 C:\xampp\htdocs\E-commerce-PizzaBack\system\CodeIgniter.php(353): CodeIgniter\CodeIgniter->handleRequest(NULL, Object(Config\Cache), false)
#11 C:\xampp\htdocs\E-commerce-PizzaBack\public\index.php(79): CodeIgniter\CodeIgniter->run()
#12 C:\xampp\htdocs\E-commerce-PizzaBack\system\Commands\Server\rewrite.php(47): require_once('C:\\xampp\\htdocs...')
#13 {main}

Next CodeIgniter\Database\Exceptions\DatabaseException: Nenhuma conexão pôde ser feita porque a máquina de destino as recusou ativamente.
 in C:\xampp\htdocs\E-commerce-PizzaBack\system\Database\MySQLi\Connection.php:229
Stack trace:
#0 C:\xampp\htdocs\E-commerce-PizzaBack\system\Database\BaseConnection.php(391): CodeIgniter\Database\MySQLi\Connection->connect(false)
#1 C:\xampp\htdocs\E-commerce-PizzaBack\system\Database\BaseConnection.php(574): CodeIgniter\Database\BaseConnection->initialize()
#2 C:\xampp\htdocs\E-commerce-PizzaBack\system\Database\BaseBuilder.php(1615): CodeIgniter\Database\BaseConnection->query('SELECT `produto...', Array, false)
#3 C:\xampp\htdocs\E-commerce-PizzaBack\system\Model.php(237): CodeIgniter\Database\BaseBuilder->get()
#4 C:\xampp\htdocs\E-commerce-PizzaBack\system\BaseModel.php(624): CodeIgniter\Model->doFindAll(0, 0)
#5 C:\xampp\htdocs\E-commerce-PizzaBack\app\Models\ProdutoModel.php(94): CodeIgniter\BaseModel->findAll()
#6 C:\xampp\htdocs\E-commerce-PizzaBack\app\Controllers\ProdutoWeb.php(27): App\Models\ProdutoModel->buscaProdutosWebHome()
#7 C:\xampp\htdocs\E-commerce-PizzaBack\system\CodeIgniter.php(919): App\Controllers\ProdutoWeb->index()
#8 C:\xampp\htdocs\E-commerce-PizzaBack\system\CodeIgniter.php(494): CodeIgniter\CodeIgniter->runController(Object(App\Controllers\ProdutoWeb))
#9 C:\xampp\htdocs\E-commerce-PizzaBack\system\CodeIgniter.php(353): CodeIgniter\CodeIgniter->handleRequest(NULL, Object(Config\Cache), false)
#10 C:\xampp\htdocs\E-commerce-PizzaBack\public\index.php(79): CodeIgniter\CodeIgniter->run()
#11 C:\xampp\htdocs\E-commerce-PizzaBack\system\Commands\Server\rewrite.php(47): require_once('C:\\xampp\\htdocs...')
#12 {main}
CRITICAL - 2024-04-17 19:56:16 --> Unable to connect to the database.
Main connection [MySQLi]: Nenhuma conexão pôde ser feita porque a máquina de destino as recusou ativamente.

in SYSTEMPATH\Database\BaseConnection.php on line 427.
 1 SYSTEMPATH\Database\BaseConnection.php(574): CodeIgniter\Database\BaseConnection->initialize()
 2 SYSTEMPATH\Database\BaseBuilder.php(1615): CodeIgniter\Database\BaseConnection->query('SELECT `produtos`.`id`, `produtos`.`nome`, `produtos`.`ingredientes`, `produtos`.`slug`, `produtos`.`imagem`, `categorias`.`id` AS `categoria_id`, `categorias`.`nome` AS `categoria`, `categorias`.`slug` As `categoria_slug`, MIN(`produtos_especificacoes`.`preco`) AS `preco`
FROM `produtos`
JOIN `categorias` ON `categorias`.`id` = `produtos`.`categoria_id`
JOIN `produtos_especificacoes` ON `produtos_especificacoes`.`produto_id` = `produtos`.`id`
WHERE `produtos`.`ativo` = :produtos.ativo:
AND `produtos`.`deletado_em` IS NULL
GROUP BY `produtos`.`nome`
ORDER BY `categorias`.`nome` ASC', [...], false)
 3 SYSTEMPATH\Model.php(237): CodeIgniter\Database\BaseBuilder->get()
 4 SYSTEMPATH\BaseModel.php(624): CodeIgniter\Model->doFindAll(0, 0)
 5 APPPATH\Models\ProdutoModel.php(94): CodeIgniter\BaseModel->findAll()
 6 APPPATH\Controllers\ProdutoWeb.php(27): App\Models\ProdutoModel->buscaProdutosWebHome()
 7 SYSTEMPATH\CodeIgniter.php(919): App\Controllers\ProdutoWeb->index()
 8 SYSTEMPATH\CodeIgniter.php(494): CodeIgniter\CodeIgniter->runController(Object(App\Controllers\ProdutoWeb))
 9 SYSTEMPATH\CodeIgniter.php(353): CodeIgniter\CodeIgniter->handleRequest(null, Object(Config\Cache), false)
10 FCPATH\index.php(79): CodeIgniter\CodeIgniter->run()
11 SYSTEMPATH\Commands\Server\rewrite.php(47): require_once('C:\\xampp\\htdocs\\E-commerce-PizzaBack\\public\\index.php')
ERROR - 2024-04-17 19:56:20 --> Error connecting to the database: mysqli_sql_exception: Nenhuma conexão pôde ser feita porque a máquina de destino as recusou ativamente.
 in C:\xampp\htdocs\E-commerce-PizzaBack\system\Database\MySQLi\Connection.php:185
Stack trace:
#0 C:\xampp\htdocs\E-commerce-PizzaBack\system\Database\MySQLi\Connection.php(185): mysqli->real_connect('localhost', 'root', '', 'itaipu', 3306, '', 0)
#1 C:\xampp\htdocs\E-commerce-PizzaBack\system\Database\BaseConnection.php(391): CodeIgniter\Database\MySQLi\Connection->connect(false)
#2 C:\xampp\htdocs\E-commerce-PizzaBack\system\Database\BaseConnection.php(574): CodeIgniter\Database\BaseConnection->initialize()
#3 C:\xampp\htdocs\E-commerce-PizzaBack\system\Database\BaseBuilder.php(1615): CodeIgniter\Database\BaseConnection->query('SELECT `produto...', Array, false)
#4 C:\xampp\htdocs\E-commerce-PizzaBack\system\Model.php(237): CodeIgniter\Database\BaseBuilder->get()
#5 C:\xampp\htdocs\E-commerce-PizzaBack\system\BaseModel.php(624): CodeIgniter\Model->doFindAll(0, 0)
#6 C:\xampp\htdocs\E-commerce-PizzaBack\app\Models\ProdutoModel.php(94): CodeIgniter\BaseModel->findAll()
#7 C:\xampp\htdocs\E-commerce-PizzaBack\app\Controllers\ProdutoWeb.php(27): App\Models\ProdutoModel->buscaProdutosWebHome()
#8 C:\xampp\htdocs\E-commerce-PizzaBack\system\CodeIgniter.php(919): App\Controllers\ProdutoWeb->index()
#9 C:\xampp\htdocs\E-commerce-PizzaBack\system\CodeIgniter.php(494): CodeIgniter\CodeIgniter->runController(Object(App\Controllers\ProdutoWeb))
#10 C:\xampp\htdocs\E-commerce-PizzaBack\system\CodeIgniter.php(353): CodeIgniter\CodeIgniter->handleRequest(NULL, Object(Config\Cache), false)
#11 C:\xampp\htdocs\E-commerce-PizzaBack\public\index.php(79): CodeIgniter\CodeIgniter->run()
#12 C:\xampp\htdocs\E-commerce-PizzaBack\system\Commands\Server\rewrite.php(47): require_once('C:\\xampp\\htdocs...')
#13 {main}

Next CodeIgniter\Database\Exceptions\DatabaseException: Nenhuma conexão pôde ser feita porque a máquina de destino as recusou ativamente.
 in C:\xampp\htdocs\E-commerce-PizzaBack\system\Database\MySQLi\Connection.php:229
Stack trace:
#0 C:\xampp\htdocs\E-commerce-PizzaBack\system\Database\BaseConnection.php(391): CodeIgniter\Database\MySQLi\Connection->connect(false)
#1 C:\xampp\htdocs\E-commerce-PizzaBack\system\Database\BaseConnection.php(574): CodeIgniter\Database\BaseConnection->initialize()
#2 C:\xampp\htdocs\E-commerce-PizzaBack\system\Database\BaseBuilder.php(1615): CodeIgniter\Database\BaseConnection->query('SELECT `produto...', Array, false)
#3 C:\xampp\htdocs\E-commerce-PizzaBack\system\Model.php(237): CodeIgniter\Database\BaseBuilder->get()
#4 C:\xampp\htdocs\E-commerce-PizzaBack\system\BaseModel.php(624): CodeIgniter\Model->doFindAll(0, 0)
#5 C:\xampp\htdocs\E-commerce-PizzaBack\app\Models\ProdutoModel.php(94): CodeIgniter\BaseModel->findAll()
#6 C:\xampp\htdocs\E-commerce-PizzaBack\app\Controllers\ProdutoWeb.php(27): App\Models\ProdutoModel->buscaProdutosWebHome()
#7 C:\xampp\htdocs\E-commerce-PizzaBack\system\CodeIgniter.php(919): App\Controllers\ProdutoWeb->index()
#8 C:\xampp\htdocs\E-commerce-PizzaBack\system\CodeIgniter.php(494): CodeIgniter\CodeIgniter->runController(Object(App\Controllers\ProdutoWeb))
#9 C:\xampp\htdocs\E-commerce-PizzaBack\system\CodeIgniter.php(353): CodeIgniter\CodeIgniter->handleRequest(NULL, Object(Config\Cache), false)
#10 C:\xampp\htdocs\E-commerce-PizzaBack\public\index.php(79): CodeIgniter\CodeIgniter->run()
#11 C:\xampp\htdocs\E-commerce-PizzaBack\system\Commands\Server\rewrite.php(47): require_once('C:\\xampp\\htdocs...')
#12 {main}
CRITICAL - 2024-04-17 19:56:20 --> Unable to connect to the database.
Main connection [MySQLi]: Nenhuma conexão pôde ser feita porque a máquina de destino as recusou ativamente.

in SYSTEMPATH\Database\BaseConnection.php on line 427.
 1 SYSTEMPATH\Database\BaseConnection.php(574): CodeIgniter\Database\BaseConnection->initialize()
 2 SYSTEMPATH\Database\BaseBuilder.php(1615): CodeIgniter\Database\BaseConnection->query('SELECT `produtos`.`id`, `produtos`.`nome`, `produtos`.`ingredientes`, `produtos`.`slug`, `produtos`.`imagem`, `categorias`.`id` AS `categoria_id`, `categorias`.`nome` AS `categoria`, `categorias`.`slug` As `categoria_slug`, MIN(`produtos_especificacoes`.`preco`) AS `preco`
FROM `produtos`
JOIN `categorias` ON `categorias`.`id` = `produtos`.`categoria_id`
JOIN `produtos_especificacoes` ON `produtos_especificacoes`.`produto_id` = `produtos`.`id`
WHERE `produtos`.`ativo` = :produtos.ativo:
AND `produtos`.`deletado_em` IS NULL
GROUP BY `produtos`.`nome`
ORDER BY `categorias`.`nome` ASC', [...], false)
 3 SYSTEMPATH\Model.php(237): CodeIgniter\Database\BaseBuilder->get()
 4 SYSTEMPATH\BaseModel.php(624): CodeIgniter\Model->doFindAll(0, 0)
 5 APPPATH\Models\ProdutoModel.php(94): CodeIgniter\BaseModel->findAll()
 6 APPPATH\Controllers\ProdutoWeb.php(27): App\Models\ProdutoModel->buscaProdutosWebHome()
 7 SYSTEMPATH\CodeIgniter.php(919): App\Controllers\ProdutoWeb->index()
 8 SYSTEMPATH\CodeIgniter.php(494): CodeIgniter\CodeIgniter->runController(Object(App\Controllers\ProdutoWeb))
 9 SYSTEMPATH\CodeIgniter.php(353): CodeIgniter\CodeIgniter->handleRequest(null, Object(Config\Cache), false)
10 FCPATH\index.php(79): CodeIgniter\CodeIgniter->run()
11 SYSTEMPATH\Commands\Server\rewrite.php(47): require_once('C:\\xampp\\htdocs\\E-commerce-PizzaBack\\public\\index.php')
ERROR - 2024-04-17 19:58:25 --> Error connecting to the database: mysqli_sql_exception: Nenhuma conexão pôde ser feita porque a máquina de destino as recusou ativamente.
 in C:\xampp\htdocs\E-commerce-PizzaBack\system\Database\MySQLi\Connection.php:185
Stack trace:
#0 C:\xampp\htdocs\E-commerce-PizzaBack\system\Database\MySQLi\Connection.php(185): mysqli->real_connect('localhost', 'root', '', 'itaipu', 3306, '', 0)
#1 C:\xampp\htdocs\E-commerce-PizzaBack\system\Database\BaseConnection.php(391): CodeIgniter\Database\MySQLi\Connection->connect(false)
#2 C:\xampp\htdocs\E-commerce-PizzaBack\system\Database\BaseConnection.php(574): CodeIgniter\Database\BaseConnection->initialize()
#3 C:\xampp\htdocs\E-commerce-PizzaBack\system\Database\BaseBuilder.php(1615): CodeIgniter\Database\BaseConnection->query('SELECT `produto...', Array, false)
#4 C:\xampp\htdocs\E-commerce-PizzaBack\system\Model.php(237): CodeIgniter\Database\BaseBuilder->get()
#5 C:\xampp\htdocs\E-commerce-PizzaBack\system\BaseModel.php(624): CodeIgniter\Model->doFindAll(0, 0)
#6 C:\xampp\htdocs\E-commerce-PizzaBack\app\Models\ProdutoModel.php(94): CodeIgniter\BaseModel->findAll()
#7 C:\xampp\htdocs\E-commerce-PizzaBack\app\Controllers\ProdutoWeb.php(27): App\Models\ProdutoModel->buscaProdutosWebHome()
#8 C:\xampp\htdocs\E-commerce-PizzaBack\system\CodeIgniter.php(919): App\Controllers\ProdutoWeb->index()
#9 C:\xampp\htdocs\E-commerce-PizzaBack\system\CodeIgniter.php(494): CodeIgniter\CodeIgniter->runController(Object(App\Controllers\ProdutoWeb))
#10 C:\xampp\htdocs\E-commerce-PizzaBack\system\CodeIgniter.php(353): CodeIgniter\CodeIgniter->handleRequest(NULL, Object(Config\Cache), false)
#11 C:\xampp\htdocs\E-commerce-PizzaBack\public\index.php(79): CodeIgniter\CodeIgniter->run()
#12 C:\xampp\htdocs\E-commerce-PizzaBack\system\Commands\Server\rewrite.php(47): require_once('C:\\xampp\\htdocs...')
#13 {main}

Next CodeIgniter\Database\Exceptions\DatabaseException: Nenhuma conexão pôde ser feita porque a máquina de destino as recusou ativamente.
 in C:\xampp\htdocs\E-commerce-PizzaBack\system\Database\MySQLi\Connection.php:229
Stack trace:
#0 C:\xampp\htdocs\E-commerce-PizzaBack\system\Database\BaseConnection.php(391): CodeIgniter\Database\MySQLi\Connection->connect(false)
#1 C:\xampp\htdocs\E-commerce-PizzaBack\system\Database\BaseConnection.php(574): CodeIgniter\Database\BaseConnection->initialize()
#2 C:\xampp\htdocs\E-commerce-PizzaBack\system\Database\BaseBuilder.php(1615): CodeIgniter\Database\BaseConnection->query('SELECT `produto...', Array, false)
#3 C:\xampp\htdocs\E-commerce-PizzaBack\system\Model.php(237): CodeIgniter\Database\BaseBuilder->get()
#4 C:\xampp\htdocs\E-commerce-PizzaBack\system\BaseModel.php(624): CodeIgniter\Model->doFindAll(0, 0)
#5 C:\xampp\htdocs\E-commerce-PizzaBack\app\Models\ProdutoModel.php(94): CodeIgniter\BaseModel->findAll()
#6 C:\xampp\htdocs\E-commerce-PizzaBack\app\Controllers\ProdutoWeb.php(27): App\Models\ProdutoModel->buscaProdutosWebHome()
#7 C:\xampp\htdocs\E-commerce-PizzaBack\system\CodeIgniter.php(919): App\Controllers\ProdutoWeb->index()
#8 C:\xampp\htdocs\E-commerce-PizzaBack\system\CodeIgniter.php(494): CodeIgniter\CodeIgniter->runController(Object(App\Controllers\ProdutoWeb))
#9 C:\xampp\htdocs\E-commerce-PizzaBack\system\CodeIgniter.php(353): CodeIgniter\CodeIgniter->handleRequest(NULL, Object(Config\Cache), false)
#10 C:\xampp\htdocs\E-commerce-PizzaBack\public\index.php(79): CodeIgniter\CodeIgniter->run()
#11 C:\xampp\htdocs\E-commerce-PizzaBack\system\Commands\Server\rewrite.php(47): require_once('C:\\xampp\\htdocs...')
#12 {main}
CRITICAL - 2024-04-17 19:58:25 --> Unable to connect to the database.
Main connection [MySQLi]: Nenhuma conexão pôde ser feita porque a máquina de destino as recusou ativamente.

in SYSTEMPATH\Database\BaseConnection.php on line 427.
 1 SYSTEMPATH\Database\BaseConnection.php(574): CodeIgniter\Database\BaseConnection->initialize()
 2 SYSTEMPATH\Database\BaseBuilder.php(1615): CodeIgniter\Database\BaseConnection->query('SELECT `produtos`.`id`, `produtos`.`nome`, `produtos`.`ingredientes`, `produtos`.`slug`, `produtos`.`imagem`, `categorias`.`id` AS `categoria_id`, `categorias`.`nome` AS `categoria`, `categorias`.`slug` As `categoria_slug`, MIN(`produtos_especificacoes`.`preco`) AS `preco`
FROM `produtos`
JOIN `categorias` ON `categorias`.`id` = `produtos`.`categoria_id`
JOIN `produtos_especificacoes` ON `produtos_especificacoes`.`produto_id` = `produtos`.`id`
WHERE `produtos`.`ativo` = :produtos.ativo:
AND `produtos`.`deletado_em` IS NULL
GROUP BY `produtos`.`nome`
ORDER BY `categorias`.`nome` ASC', [...], false)
 3 SYSTEMPATH\Model.php(237): CodeIgniter\Database\BaseBuilder->get()
 4 SYSTEMPATH\BaseModel.php(624): CodeIgniter\Model->doFindAll(0, 0)
 5 APPPATH\Models\ProdutoModel.php(94): CodeIgniter\BaseModel->findAll()
 6 APPPATH\Controllers\ProdutoWeb.php(27): App\Models\ProdutoModel->buscaProdutosWebHome()
 7 SYSTEMPATH\CodeIgniter.php(919): App\Controllers\ProdutoWeb->index()
 8 SYSTEMPATH\CodeIgniter.php(494): CodeIgniter\CodeIgniter->runController(Object(App\Controllers\ProdutoWeb))
 9 SYSTEMPATH\CodeIgniter.php(353): CodeIgniter\CodeIgniter->handleRequest(null, Object(Config\Cache), false)
10 FCPATH\index.php(79): CodeIgniter\CodeIgniter->run()
11 SYSTEMPATH\Commands\Server\rewrite.php(47): require_once('C:\\xampp\\htdocs\\E-commerce-PizzaBack\\public\\index.php')
ERROR - 2024-04-17 19:58:29 --> Error connecting to the database: mysqli_sql_exception: Nenhuma conexão pôde ser feita porque a máquina de destino as recusou ativamente.
 in C:\xampp\htdocs\E-commerce-PizzaBack\system\Database\MySQLi\Connection.php:185
Stack trace:
#0 C:\xampp\htdocs\E-commerce-PizzaBack\system\Database\MySQLi\Connection.php(185): mysqli->real_connect('localhost', 'root', '', 'itaipu', 3306, '', 0)
#1 C:\xampp\htdocs\E-commerce-PizzaBack\system\Database\BaseConnection.php(391): CodeIgniter\Database\MySQLi\Connection->connect(false)
#2 C:\xampp\htdocs\E-commerce-PizzaBack\system\Database\BaseConnection.php(574): CodeIgniter\Database\BaseConnection->initialize()
#3 C:\xampp\htdocs\E-commerce-PizzaBack\system\Database\BaseBuilder.php(1615): CodeIgniter\Database\BaseConnection->query('SELECT `produto...', Array, false)
#4 C:\xampp\htdocs\E-commerce-PizzaBack\system\Model.php(237): CodeIgniter\Database\BaseBuilder->get()
#5 C:\xampp\htdocs\E-commerce-PizzaBack\system\BaseModel.php(624): CodeIgniter\Model->doFindAll(0, 0)
#6 C:\xampp\htdocs\E-commerce-PizzaBack\app\Models\ProdutoModel.php(94): CodeIgniter\BaseModel->findAll()
#7 C:\xampp\htdocs\E-commerce-PizzaBack\app\Controllers\ProdutoWeb.php(27): App\Models\ProdutoModel->buscaProdutosWebHome()
#8 C:\xampp\htdocs\E-commerce-PizzaBack\system\CodeIgniter.php(919): App\Controllers\ProdutoWeb->index()
#9 C:\xampp\htdocs\E-commerce-PizzaBack\system\CodeIgniter.php(494): CodeIgniter\CodeIgniter->runController(Object(App\Controllers\ProdutoWeb))
#10 C:\xampp\htdocs\E-commerce-PizzaBack\system\CodeIgniter.php(353): CodeIgniter\CodeIgniter->handleRequest(NULL, Object(Config\Cache), false)
#11 C:\xampp\htdocs\E-commerce-PizzaBack\public\index.php(79): CodeIgniter\CodeIgniter->run()
#12 C:\xampp\htdocs\E-commerce-PizzaBack\system\Commands\Server\rewrite.php(47): require_once('C:\\xampp\\htdocs...')
#13 {main}

Next CodeIgniter\Database\Exceptions\DatabaseException: Nenhuma conexão pôde ser feita porque a máquina de destino as recusou ativamente.
 in C:\xampp\htdocs\E-commerce-PizzaBack\system\Database\MySQLi\Connection.php:229
Stack trace:
#0 C:\xampp\htdocs\E-commerce-PizzaBack\system\Database\BaseConnection.php(391): CodeIgniter\Database\MySQLi\Connection->connect(false)
#1 C:\xampp\htdocs\E-commerce-PizzaBack\system\Database\BaseConnection.php(574): CodeIgniter\Database\BaseConnection->initialize()
#2 C:\xampp\htdocs\E-commerce-PizzaBack\system\Database\BaseBuilder.php(1615): CodeIgniter\Database\BaseConnection->query('SELECT `produto...', Array, false)
#3 C:\xampp\htdocs\E-commerce-PizzaBack\system\Model.php(237): CodeIgniter\Database\BaseBuilder->get()
#4 C:\xampp\htdocs\E-commerce-PizzaBack\system\BaseModel.php(624): CodeIgniter\Model->doFindAll(0, 0)
#5 C:\xampp\htdocs\E-commerce-PizzaBack\app\Models\ProdutoModel.php(94): CodeIgniter\BaseModel->findAll()
#6 C:\xampp\htdocs\E-commerce-PizzaBack\app\Controllers\ProdutoWeb.php(27): App\Models\ProdutoModel->buscaProdutosWebHome()
#7 C:\xampp\htdocs\E-commerce-PizzaBack\system\CodeIgniter.php(919): App\Controllers\ProdutoWeb->index()
#8 C:\xampp\htdocs\E-commerce-PizzaBack\system\CodeIgniter.php(494): CodeIgniter\CodeIgniter->runController(Object(App\Controllers\ProdutoWeb))
#9 C:\xampp\htdocs\E-commerce-PizzaBack\system\CodeIgniter.php(353): CodeIgniter\CodeIgniter->handleRequest(NULL, Object(Config\Cache), false)
#10 C:\xampp\htdocs\E-commerce-PizzaBack\public\index.php(79): CodeIgniter\CodeIgniter->run()
#11 C:\xampp\htdocs\E-commerce-PizzaBack\system\Commands\Server\rewrite.php(47): require_once('C:\\xampp\\htdocs...')
#12 {main}
CRITICAL - 2024-04-17 19:58:29 --> Unable to connect to the database.
Main connection [MySQLi]: Nenhuma conexão pôde ser feita porque a máquina de destino as recusou ativamente.

in SYSTEMPATH\Database\BaseConnection.php on line 427.
 1 SYSTEMPATH\Database\BaseConnection.php(574): CodeIgniter\Database\BaseConnection->initialize()
 2 SYSTEMPATH\Database\BaseBuilder.php(1615): CodeIgniter\Database\BaseConnection->query('SELECT `produtos`.`id`, `produtos`.`nome`, `produtos`.`ingredientes`, `produtos`.`slug`, `produtos`.`imagem`, `categorias`.`id` AS `categoria_id`, `categorias`.`nome` AS `categoria`, `categorias`.`slug` As `categoria_slug`, MIN(`produtos_especificacoes`.`preco`) AS `preco`
FROM `produtos`
JOIN `categorias` ON `categorias`.`id` = `produtos`.`categoria_id`
JOIN `produtos_especificacoes` ON `produtos_especificacoes`.`produto_id` = `produtos`.`id`
WHERE `produtos`.`ativo` = :produtos.ativo:
AND `produtos`.`deletado_em` IS NULL
GROUP BY `produtos`.`nome`
ORDER BY `categorias`.`nome` ASC', [...], false)
 3 SYSTEMPATH\Model.php(237): CodeIgniter\Database\BaseBuilder->get()
 4 SYSTEMPATH\BaseModel.php(624): CodeIgniter\Model->doFindAll(0, 0)
 5 APPPATH\Models\ProdutoModel.php(94): CodeIgniter\BaseModel->findAll()
 6 APPPATH\Controllers\ProdutoWeb.php(27): App\Models\ProdutoModel->buscaProdutosWebHome()
 7 SYSTEMPATH\CodeIgniter.php(919): App\Controllers\ProdutoWeb->index()
 8 SYSTEMPATH\CodeIgniter.php(494): CodeIgniter\CodeIgniter->runController(Object(App\Controllers\ProdutoWeb))
 9 SYSTEMPATH\CodeIgniter.php(353): CodeIgniter\CodeIgniter->handleRequest(null, Object(Config\Cache), false)
10 FCPATH\index.php(79): CodeIgniter\CodeIgniter->run()
11 SYSTEMPATH\Commands\Server\rewrite.php(47): require_once('C:\\xampp\\htdocs\\E-commerce-PizzaBack\\public\\index.php')
ERROR - 2024-04-17 20:03:02 --> Error connecting to the database: mysqli_sql_exception: Nenhuma conexão pôde ser feita porque a máquina de destino as recusou ativamente.
 in C:\xampp\htdocs\E-commerce-PizzaBack\system\Database\MySQLi\Connection.php:185
Stack trace:
#0 C:\xampp\htdocs\E-commerce-PizzaBack\system\Database\MySQLi\Connection.php(185): mysqli->real_connect('localhost', 'root', '', 'itaipu', 3306, '', 0)
#1 C:\xampp\htdocs\E-commerce-PizzaBack\system\Database\BaseConnection.php(391): CodeIgniter\Database\MySQLi\Connection->connect(false)
#2 C:\xampp\htdocs\E-commerce-PizzaBack\system\Database\BaseConnection.php(574): CodeIgniter\Database\BaseConnection->initialize()
#3 C:\xampp\htdocs\E-commerce-PizzaBack\system\Database\BaseBuilder.php(1615): CodeIgniter\Database\BaseConnection->query('SELECT `produto...', Array, false)
#4 C:\xampp\htdocs\E-commerce-PizzaBack\system\Model.php(237): CodeIgniter\Database\BaseBuilder->get()
#5 C:\xampp\htdocs\E-commerce-PizzaBack\system\BaseModel.php(624): CodeIgniter\Model->doFindAll(0, 0)
#6 C:\xampp\htdocs\E-commerce-PizzaBack\app\Models\ProdutoModel.php(94): CodeIgniter\BaseModel->findAll()
#7 C:\xampp\htdocs\E-commerce-PizzaBack\app\Controllers\ProdutoWeb.php(27): App\Models\ProdutoModel->buscaProdutosWebHome()
#8 C:\xampp\htdocs\E-commerce-PizzaBack\system\CodeIgniter.php(919): App\Controllers\ProdutoWeb->index()
#9 C:\xampp\htdocs\E-commerce-PizzaBack\system\CodeIgniter.php(494): CodeIgniter\CodeIgniter->runController(Object(App\Controllers\ProdutoWeb))
#10 C:\xampp\htdocs\E-commerce-PizzaBack\system\CodeIgniter.php(353): CodeIgniter\CodeIgniter->handleRequest(NULL, Object(Config\Cache), false)
#11 C:\xampp\htdocs\E-commerce-PizzaBack\public\index.php(79): CodeIgniter\CodeIgniter->run()
#12 C:\xampp\htdocs\E-commerce-PizzaBack\system\Commands\Server\rewrite.php(47): require_once('C:\\xampp\\htdocs...')
#13 {main}

Next CodeIgniter\Database\Exceptions\DatabaseException: Nenhuma conexão pôde ser feita porque a máquina de destino as recusou ativamente.
 in C:\xampp\htdocs\E-commerce-PizzaBack\system\Database\MySQLi\Connection.php:229
Stack trace:
#0 C:\xampp\htdocs\E-commerce-PizzaBack\system\Database\BaseConnection.php(391): CodeIgniter\Database\MySQLi\Connection->connect(false)
#1 C:\xampp\htdocs\E-commerce-PizzaBack\system\Database\BaseConnection.php(574): CodeIgniter\Database\BaseConnection->initialize()
#2 C:\xampp\htdocs\E-commerce-PizzaBack\system\Database\BaseBuilder.php(1615): CodeIgniter\Database\BaseConnection->query('SELECT `produto...', Array, false)
#3 C:\xampp\htdocs\E-commerce-PizzaBack\system\Model.php(237): CodeIgniter\Database\BaseBuilder->get()
#4 C:\xampp\htdocs\E-commerce-PizzaBack\system\BaseModel.php(624): CodeIgniter\Model->doFindAll(0, 0)
#5 C:\xampp\htdocs\E-commerce-PizzaBack\app\Models\ProdutoModel.php(94): CodeIgniter\BaseModel->findAll()
#6 C:\xampp\htdocs\E-commerce-PizzaBack\app\Controllers\ProdutoWeb.php(27): App\Models\ProdutoModel->buscaProdutosWebHome()
#7 C:\xampp\htdocs\E-commerce-PizzaBack\system\CodeIgniter.php(919): App\Controllers\ProdutoWeb->index()
#8 C:\xampp\htdocs\E-commerce-PizzaBack\system\CodeIgniter.php(494): CodeIgniter\CodeIgniter->runController(Object(App\Controllers\ProdutoWeb))
#9 C:\xampp\htdocs\E-commerce-PizzaBack\system\CodeIgniter.php(353): CodeIgniter\CodeIgniter->handleRequest(NULL, Object(Config\Cache), false)
#10 C:\xampp\htdocs\E-commerce-PizzaBack\public\index.php(79): CodeIgniter\CodeIgniter->run()
#11 C:\xampp\htdocs\E-commerce-PizzaBack\system\Commands\Server\rewrite.php(47): require_once('C:\\xampp\\htdocs...')
#12 {main}
CRITICAL - 2024-04-17 20:03:02 --> Unable to connect to the database.
Main connection [MySQLi]: Nenhuma conexão pôde ser feita porque a máquina de destino as recusou ativamente.

in SYSTEMPATH\Database\BaseConnection.php on line 427.
 1 SYSTEMPATH\Database\BaseConnection.php(574): CodeIgniter\Database\BaseConnection->initialize()
 2 SYSTEMPATH\Database\BaseBuilder.php(1615): CodeIgniter\Database\BaseConnection->query('SELECT `produtos`.`id`, `produtos`.`nome`, `produtos`.`ingredientes`, `produtos`.`slug`, `produtos`.`imagem`, `categorias`.`id` AS `categoria_id`, `categorias`.`nome` AS `categoria`, `categorias`.`slug` As `categoria_slug`, MIN(`produtos_especificacoes`.`preco`) AS `preco`
FROM `produtos`
JOIN `categorias` ON `categorias`.`id` = `produtos`.`categoria_id`
JOIN `produtos_especificacoes` ON `produtos_especificacoes`.`produto_id` = `produtos`.`id`
WHERE `produtos`.`ativo` = :produtos.ativo:
AND `produtos`.`deletado_em` IS NULL
GROUP BY `produtos`.`nome`
ORDER BY `categorias`.`nome` ASC', [...], false)
 3 SYSTEMPATH\Model.php(237): CodeIgniter\Database\BaseBuilder->get()
 4 SYSTEMPATH\BaseModel.php(624): CodeIgniter\Model->doFindAll(0, 0)
 5 APPPATH\Models\ProdutoModel.php(94): CodeIgniter\BaseModel->findAll()
 6 APPPATH\Controllers\ProdutoWeb.php(27): App\Models\ProdutoModel->buscaProdutosWebHome()
 7 SYSTEMPATH\CodeIgniter.php(919): App\Controllers\ProdutoWeb->index()
 8 SYSTEMPATH\CodeIgniter.php(494): CodeIgniter\CodeIgniter->runController(Object(App\Controllers\ProdutoWeb))
 9 SYSTEMPATH\CodeIgniter.php(353): CodeIgniter\CodeIgniter->handleRequest(null, Object(Config\Cache), false)
10 FCPATH\index.php(79): CodeIgniter\CodeIgniter->run()
11 SYSTEMPATH\Commands\Server\rewrite.php(47): require_once('C:\\xampp\\htdocs\\E-commerce-PizzaBack\\public\\index.php')
