INFO - 2024-02-04 13:32:54 --> Session: Class initialized using 'CodeIgniter\Session\Handlers\FileHandler' driver.
INFO - 2024-02-04 13:32:54 --> Session: Class initialized using 'CodeIgniter\Session\Handlers\FileHandler' driver.
INFO - 2024-02-04 13:32:54 --> Session: Class initialized using 'CodeIgniter\Session\Handlers\FileHandler' driver.
INFO - 2024-02-04 13:33:14 --> CSRF token verified.
INFO - 2024-02-04 13:33:14 --> Session: Class initialized using 'CodeIgniter\Session\Handlers\FileHandler' driver.
INFO - 2024-02-04 13:33:14 --> Session: Class initialized using 'CodeIgniter\Session\Handlers\FileHandler' driver.
INFO - 2024-02-04 13:33:14 --> Session: Class initialized using 'CodeIgniter\Session\Handlers\FileHandler' driver.
INFO - 2024-02-04 13:33:16 --> Session: Class initialized using 'CodeIgniter\Session\Handlers\FileHandler' driver.
INFO - 2024-02-04 13:33:17 --> Session: Class initialized using 'CodeIgniter\Session\Handlers\FileHandler' driver.
INFO - 2024-02-04 13:33:20 --> Session: Class initialized using 'CodeIgniter\Session\Handlers\FileHandler' driver.
INFO - 2024-02-04 13:33:22 --> Session: Class initialized using 'CodeIgniter\Session\Handlers\FileHandler' driver.
INFO - 2024-02-04 13:33:22 --> Session: Class initialized using 'CodeIgniter\Session\Handlers\FileHandler' driver.
INFO - 2024-02-04 13:33:24 --> Session: Class initialized using 'CodeIgniter\Session\Handlers\FileHandler' driver.
INFO - 2024-02-04 13:33:24 --> Session: Class initialized using 'CodeIgniter\Session\Handlers\FileHandler' driver.
CRITICAL - 2024-02-04 13:33:24 --> Argument 1 passed to App\Controllers\Admin\Extras::buscaextraOu404() must be of the type int or null, string given, called in C:\xampp\htdocs\itaipu\app\Controllers\Admin\Extras.php on line 110
in APPPATH\Controllers\Admin\Extras.php on line 101.
 1 APPPATH\Controllers\Admin\Extras.php(110): App\Controllers\Admin\Extras->buscaextraOu404('images')
 2 SYSTEMPATH\CodeIgniter.php(919): App\Controllers\Admin\Extras->show('images', 'logo_itaipu.png')
 3 SYSTEMPATH\CodeIgniter.php(494): CodeIgniter\CodeIgniter->runController(Object(App\Controllers\Admin\Extras))
 4 SYSTEMPATH\CodeIgniter.php(353): CodeIgniter\CodeIgniter->handleRequest(null, Object(Config\Cache), false)
 5 FCPATH\index.php(79): CodeIgniter\CodeIgniter->run()
 6 SYSTEMPATH\Commands\Server\rewrite.php(47): require_once('C:\\xampp\\htdocs\\itaipu\\public\\index.php')
INFO - 2024-02-04 13:33:24 --> Session: Class initialized using 'CodeIgniter\Session\Handlers\FileHandler' driver.
CRITICAL - 2024-02-04 13:33:24 --> Argument 1 passed to App\Controllers\Admin\Extras::buscaextraOu404() must be of the type int or null, string given, called in C:\xampp\htdocs\itaipu\app\Controllers\Admin\Extras.php on line 110
in APPPATH\Controllers\Admin\Extras.php on line 101.
 1 APPPATH\Controllers\Admin\Extras.php(110): App\Controllers\Admin\Extras->buscaextraOu404('images')
 2 SYSTEMPATH\CodeIgniter.php(919): App\Controllers\Admin\Extras->show('images', 'logo-mini.png')
 3 SYSTEMPATH\CodeIgniter.php(494): CodeIgniter\CodeIgniter->runController(Object(App\Controllers\Admin\Extras))
 4 SYSTEMPATH\CodeIgniter.php(353): CodeIgniter\CodeIgniter->handleRequest(null, Object(Config\Cache), false)
 5 FCPATH\index.php(79): CodeIgniter\CodeIgniter->run()
 6 SYSTEMPATH\Commands\Server\rewrite.php(47): require_once('C:\\xampp\\htdocs\\itaipu\\public\\index.php')
INFO - 2024-02-04 13:33:24 --> Session: Class initialized using 'CodeIgniter\Session\Handlers\FileHandler' driver.
CRITICAL - 2024-02-04 13:33:24 --> Argument 1 passed to App\Controllers\Admin\Extras::buscaextraOu404() must be of the type int or null, string given, called in C:\xampp\htdocs\itaipu\app\Controllers\Admin\Extras.php on line 110
in APPPATH\Controllers\Admin\Extras.php on line 101.
 1 APPPATH\Controllers\Admin\Extras.php(110): App\Controllers\Admin\Extras->buscaextraOu404('images')
 2 SYSTEMPATH\CodeIgniter.php(919): App\Controllers\Admin\Extras->show('images', 'faces', 'face4.jpg')
 3 SYSTEMPATH\CodeIgniter.php(494): CodeIgniter\CodeIgniter->runController(Object(App\Controllers\Admin\Extras))
 4 SYSTEMPATH\CodeIgniter.php(353): CodeIgniter\CodeIgniter->handleRequest(null, Object(Config\Cache), false)
 5 FCPATH\index.php(79): CodeIgniter\CodeIgniter->run()
 6 SYSTEMPATH\Commands\Server\rewrite.php(47): require_once('C:\\xampp\\htdocs\\itaipu\\public\\index.php')
INFO - 2024-02-04 13:33:24 --> Session: Class initialized using 'CodeIgniter\Session\Handlers\FileHandler' driver.
CRITICAL - 2024-02-04 13:33:24 --> Argument 1 passed to App\Controllers\Admin\Extras::buscaextraOu404() must be of the type int or null, string given, called in C:\xampp\htdocs\itaipu\app\Controllers\Admin\Extras.php on line 110
in APPPATH\Controllers\Admin\Extras.php on line 101.
 1 APPPATH\Controllers\Admin\Extras.php(110): App\Controllers\Admin\Extras->buscaextraOu404('images')
 2 SYSTEMPATH\CodeIgniter.php(919): App\Controllers\Admin\Extras->show('images', 'faces', 'face2.jpg')
 3 SYSTEMPATH\CodeIgniter.php(494): CodeIgniter\CodeIgniter->runController(Object(App\Controllers\Admin\Extras))
 4 SYSTEMPATH\CodeIgniter.php(353): CodeIgniter\CodeIgniter->handleRequest(null, Object(Config\Cache), false)
 5 FCPATH\index.php(79): CodeIgniter\CodeIgniter->run()
 6 SYSTEMPATH\Commands\Server\rewrite.php(47): require_once('C:\\xampp\\htdocs\\itaipu\\public\\index.php')
INFO - 2024-02-04 13:33:24 --> Session: Class initialized using 'CodeIgniter\Session\Handlers\FileHandler' driver.
CRITICAL - 2024-02-04 13:33:24 --> Argument 1 passed to App\Controllers\Admin\Extras::buscaextraOu404() must be of the type int or null, string given, called in C:\xampp\htdocs\itaipu\app\Controllers\Admin\Extras.php on line 110
in APPPATH\Controllers\Admin\Extras.php on line 101.
 1 APPPATH\Controllers\Admin\Extras.php(110): App\Controllers\Admin\Extras->buscaextraOu404('images')
 2 SYSTEMPATH\CodeIgniter.php(919): App\Controllers\Admin\Extras->show('images', 'faces', 'face3.jpg')
 3 SYSTEMPATH\CodeIgniter.php(494): CodeIgniter\CodeIgniter->runController(Object(App\Controllers\Admin\Extras))
 4 SYSTEMPATH\CodeIgniter.php(353): CodeIgniter\CodeIgniter->handleRequest(null, Object(Config\Cache), false)
 5 FCPATH\index.php(79): CodeIgniter\CodeIgniter->run()
 6 SYSTEMPATH\Commands\Server\rewrite.php(47): require_once('C:\\xampp\\htdocs\\itaipu\\public\\index.php')
INFO - 2024-02-04 13:33:24 --> Session: Class initialized using 'CodeIgniter\Session\Handlers\FileHandler' driver.
CRITICAL - 2024-02-04 13:33:24 --> Argument 1 passed to App\Controllers\Admin\Extras::buscaextraOu404() must be of the type int or null, string given, called in C:\xampp\htdocs\itaipu\app\Controllers\Admin\Extras.php on line 110
in APPPATH\Controllers\Admin\Extras.php on line 101.
 1 APPPATH\Controllers\Admin\Extras.php(110): App\Controllers\Admin\Extras->buscaextraOu404('images')
 2 SYSTEMPATH\CodeIgniter.php(919): App\Controllers\Admin\Extras->show('images', 'faces', 'face5.jpg')
 3 SYSTEMPATH\CodeIgniter.php(494): CodeIgniter\CodeIgniter->runController(Object(App\Controllers\Admin\Extras))
 4 SYSTEMPATH\CodeIgniter.php(353): CodeIgniter\CodeIgniter->handleRequest(null, Object(Config\Cache), false)
 5 FCPATH\index.php(79): CodeIgniter\CodeIgniter->run()
 6 SYSTEMPATH\Commands\Server\rewrite.php(47): require_once('C:\\xampp\\htdocs\\itaipu\\public\\index.php')
INFO - 2024-02-04 13:33:25 --> Session: Class initialized using 'CodeIgniter\Session\Handlers\FileHandler' driver.
INFO - 2024-02-04 13:33:26 --> Session: Class initialized using 'CodeIgniter\Session\Handlers\FileHandler' driver.
CRITICAL - 2024-02-04 13:33:26 --> Argument 1 passed to App\Controllers\Admin\Extras::buscaextraOu404() must be of the type int or null, string given, called in C:\xampp\htdocs\itaipu\app\Controllers\Admin\Extras.php on line 30
in APPPATH\Controllers\Admin\Extras.php on line 101.
 1 APPPATH\Controllers\Admin\Extras.php(30): App\Controllers\Admin\Extras->buscaextraOu404('images')
 2 SYSTEMPATH\CodeIgniter.php(919): App\Controllers\Admin\Extras->editar('images', 'logo_itaipu.png')
 3 SYSTEMPATH\CodeIgniter.php(494): CodeIgniter\CodeIgniter->runController(Object(App\Controllers\Admin\Extras))
 4 SYSTEMPATH\CodeIgniter.php(353): CodeIgniter\CodeIgniter->handleRequest(null, Object(Config\Cache), false)
 5 FCPATH\index.php(79): CodeIgniter\CodeIgniter->run()
 6 SYSTEMPATH\Commands\Server\rewrite.php(47): require_once('C:\\xampp\\htdocs\\itaipu\\public\\index.php')
INFO - 2024-02-04 13:33:26 --> Session: Class initialized using 'CodeIgniter\Session\Handlers\FileHandler' driver.
CRITICAL - 2024-02-04 13:33:26 --> Argument 1 passed to App\Controllers\Admin\Extras::buscaextraOu404() must be of the type int or null, string given, called in C:\xampp\htdocs\itaipu\app\Controllers\Admin\Extras.php on line 30
in APPPATH\Controllers\Admin\Extras.php on line 101.
 1 APPPATH\Controllers\Admin\Extras.php(30): App\Controllers\Admin\Extras->buscaextraOu404('images')
 2 SYSTEMPATH\CodeIgniter.php(919): App\Controllers\Admin\Extras->editar('images', 'logo-mini.png')
 3 SYSTEMPATH\CodeIgniter.php(494): CodeIgniter\CodeIgniter->runController(Object(App\Controllers\Admin\Extras))
 4 SYSTEMPATH\CodeIgniter.php(353): CodeIgniter\CodeIgniter->handleRequest(null, Object(Config\Cache), false)
 5 FCPATH\index.php(79): CodeIgniter\CodeIgniter->run()
 6 SYSTEMPATH\Commands\Server\rewrite.php(47): require_once('C:\\xampp\\htdocs\\itaipu\\public\\index.php')
INFO - 2024-02-04 13:33:26 --> Session: Class initialized using 'CodeIgniter\Session\Handlers\FileHandler' driver.
CRITICAL - 2024-02-04 13:33:26 --> Argument 1 passed to App\Controllers\Admin\Extras::buscaextraOu404() must be of the type int or null, string given, called in C:\xampp\htdocs\itaipu\app\Controllers\Admin\Extras.php on line 30
in APPPATH\Controllers\Admin\Extras.php on line 101.
 1 APPPATH\Controllers\Admin\Extras.php(30): App\Controllers\Admin\Extras->buscaextraOu404('images')
 2 SYSTEMPATH\CodeIgniter.php(919): App\Controllers\Admin\Extras->editar('images', 'faces', 'face4.jpg')
 3 SYSTEMPATH\CodeIgniter.php(494): CodeIgniter\CodeIgniter->runController(Object(App\Controllers\Admin\Extras))
 4 SYSTEMPATH\CodeIgniter.php(353): CodeIgniter\CodeIgniter->handleRequest(null, Object(Config\Cache), false)
 5 FCPATH\index.php(79): CodeIgniter\CodeIgniter->run()
 6 SYSTEMPATH\Commands\Server\rewrite.php(47): require_once('C:\\xampp\\htdocs\\itaipu\\public\\index.php')
INFO - 2024-02-04 13:33:26 --> Session: Class initialized using 'CodeIgniter\Session\Handlers\FileHandler' driver.
CRITICAL - 2024-02-04 13:33:26 --> Argument 1 passed to App\Controllers\Admin\Extras::buscaextraOu404() must be of the type int or null, string given, called in C:\xampp\htdocs\itaipu\app\Controllers\Admin\Extras.php on line 30
in APPPATH\Controllers\Admin\Extras.php on line 101.
 1 APPPATH\Controllers\Admin\Extras.php(30): App\Controllers\Admin\Extras->buscaextraOu404('images')
 2 SYSTEMPATH\CodeIgniter.php(919): App\Controllers\Admin\Extras->editar('images', 'faces', 'face2.jpg')
 3 SYSTEMPATH\CodeIgniter.php(494): CodeIgniter\CodeIgniter->runController(Object(App\Controllers\Admin\Extras))
 4 SYSTEMPATH\CodeIgniter.php(353): CodeIgniter\CodeIgniter->handleRequest(null, Object(Config\Cache), false)
 5 FCPATH\index.php(79): CodeIgniter\CodeIgniter->run()
 6 SYSTEMPATH\Commands\Server\rewrite.php(47): require_once('C:\\xampp\\htdocs\\itaipu\\public\\index.php')
INFO - 2024-02-04 13:33:26 --> Session: Class initialized using 'CodeIgniter\Session\Handlers\FileHandler' driver.
CRITICAL - 2024-02-04 13:33:26 --> Argument 1 passed to App\Controllers\Admin\Extras::buscaextraOu404() must be of the type int or null, string given, called in C:\xampp\htdocs\itaipu\app\Controllers\Admin\Extras.php on line 30
in APPPATH\Controllers\Admin\Extras.php on line 101.
 1 APPPATH\Controllers\Admin\Extras.php(30): App\Controllers\Admin\Extras->buscaextraOu404('images')
 2 SYSTEMPATH\CodeIgniter.php(919): App\Controllers\Admin\Extras->editar('images', 'faces', 'face3.jpg')
 3 SYSTEMPATH\CodeIgniter.php(494): CodeIgniter\CodeIgniter->runController(Object(App\Controllers\Admin\Extras))
 4 SYSTEMPATH\CodeIgniter.php(353): CodeIgniter\CodeIgniter->handleRequest(null, Object(Config\Cache), false)
 5 FCPATH\index.php(79): CodeIgniter\CodeIgniter->run()
 6 SYSTEMPATH\Commands\Server\rewrite.php(47): require_once('C:\\xampp\\htdocs\\itaipu\\public\\index.php')
INFO - 2024-02-04 13:33:26 --> Session: Class initialized using 'CodeIgniter\Session\Handlers\FileHandler' driver.
CRITICAL - 2024-02-04 13:33:26 --> Argument 1 passed to App\Controllers\Admin\Extras::buscaextraOu404() must be of the type int or null, string given, called in C:\xampp\htdocs\itaipu\app\Controllers\Admin\Extras.php on line 30
in APPPATH\Controllers\Admin\Extras.php on line 101.
 1 APPPATH\Controllers\Admin\Extras.php(30): App\Controllers\Admin\Extras->buscaextraOu404('images')
 2 SYSTEMPATH\CodeIgniter.php(919): App\Controllers\Admin\Extras->editar('images', 'faces', 'face5.jpg')
 3 SYSTEMPATH\CodeIgniter.php(494): CodeIgniter\CodeIgniter->runController(Object(App\Controllers\Admin\Extras))
 4 SYSTEMPATH\CodeIgniter.php(353): CodeIgniter\CodeIgniter->handleRequest(null, Object(Config\Cache), false)
 5 FCPATH\index.php(79): CodeIgniter\CodeIgniter->run()
 6 SYSTEMPATH\Commands\Server\rewrite.php(47): require_once('C:\\xampp\\htdocs\\itaipu\\public\\index.php')
INFO - 2024-02-04 13:33:28 --> CSRF token verified.
INFO - 2024-02-04 13:33:28 --> Session: Class initialized using 'CodeIgniter\Session\Handlers\FileHandler' driver.
INFO - 2024-02-04 13:33:28 --> Session: Class initialized using 'CodeIgniter\Session\Handlers\FileHandler' driver.
INFO - 2024-02-04 13:33:29 --> Session: Class initialized using 'CodeIgniter\Session\Handlers\FileHandler' driver.
CRITICAL - 2024-02-04 13:33:29 --> Argument 1 passed to App\Controllers\Admin\Extras::buscaextraOu404() must be of the type int or null, string given, called in C:\xampp\htdocs\itaipu\app\Controllers\Admin\Extras.php on line 30
in APPPATH\Controllers\Admin\Extras.php on line 101.
 1 APPPATH\Controllers\Admin\Extras.php(30): App\Controllers\Admin\Extras->buscaextraOu404('images')
 2 SYSTEMPATH\CodeIgniter.php(919): App\Controllers\Admin\Extras->editar('images', 'logo_itaipu.png')
 3 SYSTEMPATH\CodeIgniter.php(494): CodeIgniter\CodeIgniter->runController(Object(App\Controllers\Admin\Extras))
 4 SYSTEMPATH\CodeIgniter.php(353): CodeIgniter\CodeIgniter->handleRequest(null, Object(Config\Cache), false)
 5 FCPATH\index.php(79): CodeIgniter\CodeIgniter->run()
 6 SYSTEMPATH\Commands\Server\rewrite.php(47): require_once('C:\\xampp\\htdocs\\itaipu\\public\\index.php')
INFO - 2024-02-04 13:33:29 --> Session: Class initialized using 'CodeIgniter\Session\Handlers\FileHandler' driver.
CRITICAL - 2024-02-04 13:33:29 --> Argument 1 passed to App\Controllers\Admin\Extras::buscaextraOu404() must be of the type int or null, string given, called in C:\xampp\htdocs\itaipu\app\Controllers\Admin\Extras.php on line 30
in APPPATH\Controllers\Admin\Extras.php on line 101.
 1 APPPATH\Controllers\Admin\Extras.php(30): App\Controllers\Admin\Extras->buscaextraOu404('images')
 2 SYSTEMPATH\CodeIgniter.php(919): App\Controllers\Admin\Extras->editar('images', 'logo-mini.png')
 3 SYSTEMPATH\CodeIgniter.php(494): CodeIgniter\CodeIgniter->runController(Object(App\Controllers\Admin\Extras))
 4 SYSTEMPATH\CodeIgniter.php(353): CodeIgniter\CodeIgniter->handleRequest(null, Object(Config\Cache), false)
 5 FCPATH\index.php(79): CodeIgniter\CodeIgniter->run()
 6 SYSTEMPATH\Commands\Server\rewrite.php(47): require_once('C:\\xampp\\htdocs\\itaipu\\public\\index.php')
INFO - 2024-02-04 13:33:29 --> Session: Class initialized using 'CodeIgniter\Session\Handlers\FileHandler' driver.
CRITICAL - 2024-02-04 13:33:29 --> Argument 1 passed to App\Controllers\Admin\Extras::buscaextraOu404() must be of the type int or null, string given, called in C:\xampp\htdocs\itaipu\app\Controllers\Admin\Extras.php on line 30
in APPPATH\Controllers\Admin\Extras.php on line 101.
 1 APPPATH\Controllers\Admin\Extras.php(30): App\Controllers\Admin\Extras->buscaextraOu404('images')
 2 SYSTEMPATH\CodeIgniter.php(919): App\Controllers\Admin\Extras->editar('images', 'faces', 'face4.jpg')
 3 SYSTEMPATH\CodeIgniter.php(494): CodeIgniter\CodeIgniter->runController(Object(App\Controllers\Admin\Extras))
 4 SYSTEMPATH\CodeIgniter.php(353): CodeIgniter\CodeIgniter->handleRequest(null, Object(Config\Cache), false)
 5 FCPATH\index.php(79): CodeIgniter\CodeIgniter->run()
 6 SYSTEMPATH\Commands\Server\rewrite.php(47): require_once('C:\\xampp\\htdocs\\itaipu\\public\\index.php')
INFO - 2024-02-04 13:33:29 --> Session: Class initialized using 'CodeIgniter\Session\Handlers\FileHandler' driver.
CRITICAL - 2024-02-04 13:33:29 --> Argument 1 passed to App\Controllers\Admin\Extras::buscaextraOu404() must be of the type int or null, string given, called in C:\xampp\htdocs\itaipu\app\Controllers\Admin\Extras.php on line 30
in APPPATH\Controllers\Admin\Extras.php on line 101.
 1 APPPATH\Controllers\Admin\Extras.php(30): App\Controllers\Admin\Extras->buscaextraOu404('images')
 2 SYSTEMPATH\CodeIgniter.php(919): App\Controllers\Admin\Extras->editar('images', 'faces', 'face2.jpg')
 3 SYSTEMPATH\CodeIgniter.php(494): CodeIgniter\CodeIgniter->runController(Object(App\Controllers\Admin\Extras))
 4 SYSTEMPATH\CodeIgniter.php(353): CodeIgniter\CodeIgniter->handleRequest(null, Object(Config\Cache), false)
 5 FCPATH\index.php(79): CodeIgniter\CodeIgniter->run()
 6 SYSTEMPATH\Commands\Server\rewrite.php(47): require_once('C:\\xampp\\htdocs\\itaipu\\public\\index.php')
INFO - 2024-02-04 13:33:29 --> Session: Class initialized using 'CodeIgniter\Session\Handlers\FileHandler' driver.
CRITICAL - 2024-02-04 13:33:29 --> Argument 1 passed to App\Controllers\Admin\Extras::buscaextraOu404() must be of the type int or null, string given, called in C:\xampp\htdocs\itaipu\app\Controllers\Admin\Extras.php on line 30
in APPPATH\Controllers\Admin\Extras.php on line 101.
 1 APPPATH\Controllers\Admin\Extras.php(30): App\Controllers\Admin\Extras->buscaextraOu404('images')
 2 SYSTEMPATH\CodeIgniter.php(919): App\Controllers\Admin\Extras->editar('images', 'faces', 'face3.jpg')
 3 SYSTEMPATH\CodeIgniter.php(494): CodeIgniter\CodeIgniter->runController(Object(App\Controllers\Admin\Extras))
 4 SYSTEMPATH\CodeIgniter.php(353): CodeIgniter\CodeIgniter->handleRequest(null, Object(Config\Cache), false)
 5 FCPATH\index.php(79): CodeIgniter\CodeIgniter->run()
 6 SYSTEMPATH\Commands\Server\rewrite.php(47): require_once('C:\\xampp\\htdocs\\itaipu\\public\\index.php')
INFO - 2024-02-04 13:33:29 --> Session: Class initialized using 'CodeIgniter\Session\Handlers\FileHandler' driver.
CRITICAL - 2024-02-04 13:33:29 --> Argument 1 passed to App\Controllers\Admin\Extras::buscaextraOu404() must be of the type int or null, string given, called in C:\xampp\htdocs\itaipu\app\Controllers\Admin\Extras.php on line 30
in APPPATH\Controllers\Admin\Extras.php on line 101.
 1 APPPATH\Controllers\Admin\Extras.php(30): App\Controllers\Admin\Extras->buscaextraOu404('images')
 2 SYSTEMPATH\CodeIgniter.php(919): App\Controllers\Admin\Extras->editar('images', 'faces', 'face5.jpg')
 3 SYSTEMPATH\CodeIgniter.php(494): CodeIgniter\CodeIgniter->runController(Object(App\Controllers\Admin\Extras))
 4 SYSTEMPATH\CodeIgniter.php(353): CodeIgniter\CodeIgniter->handleRequest(null, Object(Config\Cache), false)
 5 FCPATH\index.php(79): CodeIgniter\CodeIgniter->run()
 6 SYSTEMPATH\Commands\Server\rewrite.php(47): require_once('C:\\xampp\\htdocs\\itaipu\\public\\index.php')
INFO - 2024-02-04 13:33:32 --> Session: Class initialized using 'CodeIgniter\Session\Handlers\FileHandler' driver.
INFO - 2024-02-04 13:33:32 --> Session: Class initialized using 'CodeIgniter\Session\Handlers\FileHandler' driver.
CRITICAL - 2024-02-04 13:33:32 --> Argument 1 passed to App\Controllers\Admin\Extras::buscaextraOu404() must be of the type int or null, string given, called in C:\xampp\htdocs\itaipu\app\Controllers\Admin\Extras.php on line 110
in APPPATH\Controllers\Admin\Extras.php on line 101.
 1 APPPATH\Controllers\Admin\Extras.php(110): App\Controllers\Admin\Extras->buscaextraOu404('images')
 2 SYSTEMPATH\CodeIgniter.php(919): App\Controllers\Admin\Extras->show('images', 'logo_itaipu.png')
 3 SYSTEMPATH\CodeIgniter.php(494): CodeIgniter\CodeIgniter->runController(Object(App\Controllers\Admin\Extras))
 4 SYSTEMPATH\CodeIgniter.php(353): CodeIgniter\CodeIgniter->handleRequest(null, Object(Config\Cache), false)
 5 FCPATH\index.php(79): CodeIgniter\CodeIgniter->run()
 6 SYSTEMPATH\Commands\Server\rewrite.php(47): require_once('C:\\xampp\\htdocs\\itaipu\\public\\index.php')
INFO - 2024-02-04 13:33:32 --> Session: Class initialized using 'CodeIgniter\Session\Handlers\FileHandler' driver.
CRITICAL - 2024-02-04 13:33:32 --> Argument 1 passed to App\Controllers\Admin\Extras::buscaextraOu404() must be of the type int or null, string given, called in C:\xampp\htdocs\itaipu\app\Controllers\Admin\Extras.php on line 110
in APPPATH\Controllers\Admin\Extras.php on line 101.
 1 APPPATH\Controllers\Admin\Extras.php(110): App\Controllers\Admin\Extras->buscaextraOu404('images')
 2 SYSTEMPATH\CodeIgniter.php(919): App\Controllers\Admin\Extras->show('images', 'logo-mini.png')
 3 SYSTEMPATH\CodeIgniter.php(494): CodeIgniter\CodeIgniter->runController(Object(App\Controllers\Admin\Extras))
 4 SYSTEMPATH\CodeIgniter.php(353): CodeIgniter\CodeIgniter->handleRequest(null, Object(Config\Cache), false)
 5 FCPATH\index.php(79): CodeIgniter\CodeIgniter->run()
 6 SYSTEMPATH\Commands\Server\rewrite.php(47): require_once('C:\\xampp\\htdocs\\itaipu\\public\\index.php')
INFO - 2024-02-04 13:33:32 --> Session: Class initialized using 'CodeIgniter\Session\Handlers\FileHandler' driver.
CRITICAL - 2024-02-04 13:33:32 --> Argument 1 passed to App\Controllers\Admin\Extras::buscaextraOu404() must be of the type int or null, string given, called in C:\xampp\htdocs\itaipu\app\Controllers\Admin\Extras.php on line 110
in APPPATH\Controllers\Admin\Extras.php on line 101.
 1 APPPATH\Controllers\Admin\Extras.php(110): App\Controllers\Admin\Extras->buscaextraOu404('images')
 2 SYSTEMPATH\CodeIgniter.php(919): App\Controllers\Admin\Extras->show('images', 'faces', 'face4.jpg')
 3 SYSTEMPATH\CodeIgniter.php(494): CodeIgniter\CodeIgniter->runController(Object(App\Controllers\Admin\Extras))
 4 SYSTEMPATH\CodeIgniter.php(353): CodeIgniter\CodeIgniter->handleRequest(null, Object(Config\Cache), false)
 5 FCPATH\index.php(79): CodeIgniter\CodeIgniter->run()
 6 SYSTEMPATH\Commands\Server\rewrite.php(47): require_once('C:\\xampp\\htdocs\\itaipu\\public\\index.php')
INFO - 2024-02-04 13:33:32 --> Session: Class initialized using 'CodeIgniter\Session\Handlers\FileHandler' driver.
CRITICAL - 2024-02-04 13:33:32 --> Argument 1 passed to App\Controllers\Admin\Extras::buscaextraOu404() must be of the type int or null, string given, called in C:\xampp\htdocs\itaipu\app\Controllers\Admin\Extras.php on line 110
in APPPATH\Controllers\Admin\Extras.php on line 101.
 1 APPPATH\Controllers\Admin\Extras.php(110): App\Controllers\Admin\Extras->buscaextraOu404('images')
 2 SYSTEMPATH\CodeIgniter.php(919): App\Controllers\Admin\Extras->show('images', 'faces', 'face2.jpg')
 3 SYSTEMPATH\CodeIgniter.php(494): CodeIgniter\CodeIgniter->runController(Object(App\Controllers\Admin\Extras))
 4 SYSTEMPATH\CodeIgniter.php(353): CodeIgniter\CodeIgniter->handleRequest(null, Object(Config\Cache), false)
 5 FCPATH\index.php(79): CodeIgniter\CodeIgniter->run()
 6 SYSTEMPATH\Commands\Server\rewrite.php(47): require_once('C:\\xampp\\htdocs\\itaipu\\public\\index.php')
INFO - 2024-02-04 13:33:32 --> Session: Class initialized using 'CodeIgniter\Session\Handlers\FileHandler' driver.
CRITICAL - 2024-02-04 13:33:32 --> Argument 1 passed to App\Controllers\Admin\Extras::buscaextraOu404() must be of the type int or null, string given, called in C:\xampp\htdocs\itaipu\app\Controllers\Admin\Extras.php on line 110
in APPPATH\Controllers\Admin\Extras.php on line 101.
 1 APPPATH\Controllers\Admin\Extras.php(110): App\Controllers\Admin\Extras->buscaextraOu404('images')
 2 SYSTEMPATH\CodeIgniter.php(919): App\Controllers\Admin\Extras->show('images', 'faces', 'face3.jpg')
 3 SYSTEMPATH\CodeIgniter.php(494): CodeIgniter\CodeIgniter->runController(Object(App\Controllers\Admin\Extras))
 4 SYSTEMPATH\CodeIgniter.php(353): CodeIgniter\CodeIgniter->handleRequest(null, Object(Config\Cache), false)
 5 FCPATH\index.php(79): CodeIgniter\CodeIgniter->run()
 6 SYSTEMPATH\Commands\Server\rewrite.php(47): require_once('C:\\xampp\\htdocs\\itaipu\\public\\index.php')
INFO - 2024-02-04 13:33:32 --> Session: Class initialized using 'CodeIgniter\Session\Handlers\FileHandler' driver.
CRITICAL - 2024-02-04 13:33:32 --> Argument 1 passed to App\Controllers\Admin\Extras::buscaextraOu404() must be of the type int or null, string given, called in C:\xampp\htdocs\itaipu\app\Controllers\Admin\Extras.php on line 110
in APPPATH\Controllers\Admin\Extras.php on line 101.
 1 APPPATH\Controllers\Admin\Extras.php(110): App\Controllers\Admin\Extras->buscaextraOu404('images')
 2 SYSTEMPATH\CodeIgniter.php(919): App\Controllers\Admin\Extras->show('images', 'faces', 'face5.jpg')
 3 SYSTEMPATH\CodeIgniter.php(494): CodeIgniter\CodeIgniter->runController(Object(App\Controllers\Admin\Extras))
 4 SYSTEMPATH\CodeIgniter.php(353): CodeIgniter\CodeIgniter->handleRequest(null, Object(Config\Cache), false)
 5 FCPATH\index.php(79): CodeIgniter\CodeIgniter->run()
 6 SYSTEMPATH\Commands\Server\rewrite.php(47): require_once('C:\\xampp\\htdocs\\itaipu\\public\\index.php')
INFO - 2024-02-04 13:33:34 --> Session: Class initialized using 'CodeIgniter\Session\Handlers\FileHandler' driver.
INFO - 2024-02-04 13:33:34 --> Session: Class initialized using 'CodeIgniter\Session\Handlers\FileHandler' driver.
INFO - 2024-02-04 13:54:32 --> Session: Class initialized using 'CodeIgniter\Session\Handlers\FileHandler' driver.
INFO - 2024-02-04 13:54:32 --> Session: Class initialized using 'CodeIgniter\Session\Handlers\FileHandler' driver.
INFO - 2024-02-04 13:54:32 --> Session: Class initialized using 'CodeIgniter\Session\Handlers\FileHandler' driver.
INFO - 2024-02-04 13:54:32 --> Session: Class initialized using 'CodeIgniter\Session\Handlers\FileHandler' driver.
INFO - 2024-02-04 13:54:33 --> Session: Class initialized using 'CodeIgniter\Session\Handlers\FileHandler' driver.
INFO - 2024-02-04 13:54:33 --> Session: Class initialized using 'CodeIgniter\Session\Handlers\FileHandler' driver.
INFO - 2024-02-04 13:54:33 --> Session: Class initialized using 'CodeIgniter\Session\Handlers\FileHandler' driver.
