INFO - 2024-03-18 13:05:38 --> Session: Class initialized using 'CodeIgniter\Session\Handlers\FileHandler' driver.
INFO - 2024-03-18 13:05:44 --> CSRF token verified.
INFO - 2024-03-18 13:05:44 --> Session: Class initialized using 'CodeIgniter\Session\Handlers\FileHandler' driver.
INFO - 2024-03-18 13:05:44 --> Session: Class initialized using 'CodeIgniter\Session\Handlers\FileHandler' driver.
INFO - 2024-03-18 13:05:44 --> Session: Class initialized using 'CodeIgniter\Session\Handlers\FileHandler' driver.
INFO - 2024-03-18 13:06:09 --> Session: Class initialized using 'CodeIgniter\Session\Handlers\FileHandler' driver.
INFO - 2024-03-18 13:06:09 --> Session: Class initialized using 'CodeIgniter\Session\Handlers\FileHandler' driver.
INFO - 2024-03-18 13:15:10 --> Session: Class initialized using 'CodeIgniter\Session\Handlers\FileHandler' driver.
INFO - 2024-03-18 13:15:10 --> Session: Class initialized using 'CodeIgniter\Session\Handlers\FileHandler' driver.
INFO - 2024-03-18 13:18:09 --> Session: Class initialized using 'CodeIgniter\Session\Handlers\FileHandler' driver.
INFO - 2024-03-18 13:18:09 --> Session: Class initialized using 'CodeIgniter\Session\Handlers\FileHandler' driver.
CRITICAL - 2024-03-18 13:18:09 --> Argument 1 passed to App\Controllers\Admin\Produtos::buscaProdutoOu404() must be of the type int or null, string given, called in C:\xampp\htdocs\itaipu\app\Controllers\Admin\Produtos.php on line 108
in APPPATH\Controllers\Admin\Produtos.php on line 479.
 1 APPPATH\Controllers\Admin\Produtos.php(108): App\Controllers\Admin\Produtos->buscaProdutoOu404('images')
 2 SYSTEMPATH\CodeIgniter.php(919): App\Controllers\Admin\Produtos->show('images', 'logo_itaipu.png')
 3 SYSTEMPATH\CodeIgniter.php(494): CodeIgniter\CodeIgniter->runController(Object(App\Controllers\Admin\Produtos))
 4 SYSTEMPATH\CodeIgniter.php(353): CodeIgniter\CodeIgniter->handleRequest(null, Object(Config\Cache), false)
 5 FCPATH\index.php(79): CodeIgniter\CodeIgniter->run()
 6 SYSTEMPATH\Commands\Server\rewrite.php(47): require_once('C:\\xampp\\htdocs\\itaipu\\public\\index.php')
INFO - 2024-03-18 13:18:09 --> Session: Class initialized using 'CodeIgniter\Session\Handlers\FileHandler' driver.
CRITICAL - 2024-03-18 13:18:09 --> Argument 1 passed to App\Controllers\Admin\Produtos::buscaProdutoOu404() must be of the type int or null, string given, called in C:\xampp\htdocs\itaipu\app\Controllers\Admin\Produtos.php on line 108
in APPPATH\Controllers\Admin\Produtos.php on line 479.
 1 APPPATH\Controllers\Admin\Produtos.php(108): App\Controllers\Admin\Produtos->buscaProdutoOu404('images')
 2 SYSTEMPATH\CodeIgniter.php(919): App\Controllers\Admin\Produtos->show('images', 'logo-mini.png')
 3 SYSTEMPATH\CodeIgniter.php(494): CodeIgniter\CodeIgniter->runController(Object(App\Controllers\Admin\Produtos))
 4 SYSTEMPATH\CodeIgniter.php(353): CodeIgniter\CodeIgniter->handleRequest(null, Object(Config\Cache), false)
 5 FCPATH\index.php(79): CodeIgniter\CodeIgniter->run()
 6 SYSTEMPATH\Commands\Server\rewrite.php(47): require_once('C:\\xampp\\htdocs\\itaipu\\public\\index.php')
INFO - 2024-03-18 13:18:09 --> Session: Class initialized using 'CodeIgniter\Session\Handlers\FileHandler' driver.
CRITICAL - 2024-03-18 13:18:09 --> Argument 1 passed to App\Controllers\Admin\Produtos::buscaProdutoOu404() must be of the type int or null, string given, called in C:\xampp\htdocs\itaipu\app\Controllers\Admin\Produtos.php on line 108
in APPPATH\Controllers\Admin\Produtos.php on line 479.
 1 APPPATH\Controllers\Admin\Produtos.php(108): App\Controllers\Admin\Produtos->buscaProdutoOu404('images')
 2 SYSTEMPATH\CodeIgniter.php(919): App\Controllers\Admin\Produtos->show('images', 'faces', 'face4.jpg')
 3 SYSTEMPATH\CodeIgniter.php(494): CodeIgniter\CodeIgniter->runController(Object(App\Controllers\Admin\Produtos))
 4 SYSTEMPATH\CodeIgniter.php(353): CodeIgniter\CodeIgniter->handleRequest(null, Object(Config\Cache), false)
 5 FCPATH\index.php(79): CodeIgniter\CodeIgniter->run()
 6 SYSTEMPATH\Commands\Server\rewrite.php(47): require_once('C:\\xampp\\htdocs\\itaipu\\public\\index.php')
INFO - 2024-03-18 13:18:09 --> Session: Class initialized using 'CodeIgniter\Session\Handlers\FileHandler' driver.
CRITICAL - 2024-03-18 13:18:09 --> Argument 1 passed to App\Controllers\Admin\Produtos::buscaProdutoOu404() must be of the type int or null, string given, called in C:\xampp\htdocs\itaipu\app\Controllers\Admin\Produtos.php on line 108
in APPPATH\Controllers\Admin\Produtos.php on line 479.
 1 APPPATH\Controllers\Admin\Produtos.php(108): App\Controllers\Admin\Produtos->buscaProdutoOu404('images')
 2 SYSTEMPATH\CodeIgniter.php(919): App\Controllers\Admin\Produtos->show('images', 'faces', 'face2.jpg')
 3 SYSTEMPATH\CodeIgniter.php(494): CodeIgniter\CodeIgniter->runController(Object(App\Controllers\Admin\Produtos))
 4 SYSTEMPATH\CodeIgniter.php(353): CodeIgniter\CodeIgniter->handleRequest(null, Object(Config\Cache), false)
 5 FCPATH\index.php(79): CodeIgniter\CodeIgniter->run()
 6 SYSTEMPATH\Commands\Server\rewrite.php(47): require_once('C:\\xampp\\htdocs\\itaipu\\public\\index.php')
INFO - 2024-03-18 13:18:09 --> Session: Class initialized using 'CodeIgniter\Session\Handlers\FileHandler' driver.
CRITICAL - 2024-03-18 13:18:10 --> Argument 1 passed to App\Controllers\Admin\Produtos::buscaProdutoOu404() must be of the type int or null, string given, called in C:\xampp\htdocs\itaipu\app\Controllers\Admin\Produtos.php on line 108
in APPPATH\Controllers\Admin\Produtos.php on line 479.
 1 APPPATH\Controllers\Admin\Produtos.php(108): App\Controllers\Admin\Produtos->buscaProdutoOu404('images')
 2 SYSTEMPATH\CodeIgniter.php(919): App\Controllers\Admin\Produtos->show('images', 'faces', 'face3.jpg')
 3 SYSTEMPATH\CodeIgniter.php(494): CodeIgniter\CodeIgniter->runController(Object(App\Controllers\Admin\Produtos))
 4 SYSTEMPATH\CodeIgniter.php(353): CodeIgniter\CodeIgniter->handleRequest(null, Object(Config\Cache), false)
 5 FCPATH\index.php(79): CodeIgniter\CodeIgniter->run()
 6 SYSTEMPATH\Commands\Server\rewrite.php(47): require_once('C:\\xampp\\htdocs\\itaipu\\public\\index.php')
INFO - 2024-03-18 13:18:10 --> Session: Class initialized using 'CodeIgniter\Session\Handlers\FileHandler' driver.
CRITICAL - 2024-03-18 13:18:10 --> Argument 1 passed to App\Controllers\Admin\Produtos::buscaProdutoOu404() must be of the type int or null, string given, called in C:\xampp\htdocs\itaipu\app\Controllers\Admin\Produtos.php on line 108
in APPPATH\Controllers\Admin\Produtos.php on line 479.
 1 APPPATH\Controllers\Admin\Produtos.php(108): App\Controllers\Admin\Produtos->buscaProdutoOu404('images')
 2 SYSTEMPATH\CodeIgniter.php(919): App\Controllers\Admin\Produtos->show('images', 'faces', 'face5.jpg')
 3 SYSTEMPATH\CodeIgniter.php(494): CodeIgniter\CodeIgniter->runController(Object(App\Controllers\Admin\Produtos))
 4 SYSTEMPATH\CodeIgniter.php(353): CodeIgniter\CodeIgniter->handleRequest(null, Object(Config\Cache), false)
 5 FCPATH\index.php(79): CodeIgniter\CodeIgniter->run()
 6 SYSTEMPATH\Commands\Server\rewrite.php(47): require_once('C:\\xampp\\htdocs\\itaipu\\public\\index.php')
INFO - 2024-03-18 13:18:10 --> Session: Class initialized using 'CodeIgniter\Session\Handlers\FileHandler' driver.
INFO - 2024-03-18 13:18:11 --> Session: Class initialized using 'CodeIgniter\Session\Handlers\FileHandler' driver.
INFO - 2024-03-18 13:18:11 --> Session: Class initialized using 'CodeIgniter\Session\Handlers\FileHandler' driver.
INFO - 2024-03-18 13:19:39 --> Session: Class initialized using 'CodeIgniter\Session\Handlers\FileHandler' driver.
INFO - 2024-03-18 13:19:40 --> Session: Class initialized using 'CodeIgniter\Session\Handlers\FileHandler' driver.
CRITICAL - 2024-03-18 13:19:40 --> Argument 1 passed to App\Controllers\Admin\Produtos::buscaProdutoOu404() must be of the type int or null, string given, called in C:\xampp\htdocs\itaipu\app\Controllers\Admin\Produtos.php on line 108
in APPPATH\Controllers\Admin\Produtos.php on line 479.
 1 APPPATH\Controllers\Admin\Produtos.php(108): App\Controllers\Admin\Produtos->buscaProdutoOu404('images')
 2 SYSTEMPATH\CodeIgniter.php(919): App\Controllers\Admin\Produtos->show('images', 'logo_itaipu.png')
 3 SYSTEMPATH\CodeIgniter.php(494): CodeIgniter\CodeIgniter->runController(Object(App\Controllers\Admin\Produtos))
 4 SYSTEMPATH\CodeIgniter.php(353): CodeIgniter\CodeIgniter->handleRequest(null, Object(Config\Cache), false)
 5 FCPATH\index.php(79): CodeIgniter\CodeIgniter->run()
 6 SYSTEMPATH\Commands\Server\rewrite.php(47): require_once('C:\\xampp\\htdocs\\itaipu\\public\\index.php')
INFO - 2024-03-18 13:19:40 --> Session: Class initialized using 'CodeIgniter\Session\Handlers\FileHandler' driver.
CRITICAL - 2024-03-18 13:19:40 --> Argument 1 passed to App\Controllers\Admin\Produtos::buscaProdutoOu404() must be of the type int or null, string given, called in C:\xampp\htdocs\itaipu\app\Controllers\Admin\Produtos.php on line 108
in APPPATH\Controllers\Admin\Produtos.php on line 479.
 1 APPPATH\Controllers\Admin\Produtos.php(108): App\Controllers\Admin\Produtos->buscaProdutoOu404('images')
 2 SYSTEMPATH\CodeIgniter.php(919): App\Controllers\Admin\Produtos->show('images', 'logo-mini.png')
 3 SYSTEMPATH\CodeIgniter.php(494): CodeIgniter\CodeIgniter->runController(Object(App\Controllers\Admin\Produtos))
 4 SYSTEMPATH\CodeIgniter.php(353): CodeIgniter\CodeIgniter->handleRequest(null, Object(Config\Cache), false)
 5 FCPATH\index.php(79): CodeIgniter\CodeIgniter->run()
 6 SYSTEMPATH\Commands\Server\rewrite.php(47): require_once('C:\\xampp\\htdocs\\itaipu\\public\\index.php')
INFO - 2024-03-18 13:19:40 --> Session: Class initialized using 'CodeIgniter\Session\Handlers\FileHandler' driver.
CRITICAL - 2024-03-18 13:19:40 --> Argument 1 passed to App\Controllers\Admin\Produtos::buscaProdutoOu404() must be of the type int or null, string given, called in C:\xampp\htdocs\itaipu\app\Controllers\Admin\Produtos.php on line 108
in APPPATH\Controllers\Admin\Produtos.php on line 479.
 1 APPPATH\Controllers\Admin\Produtos.php(108): App\Controllers\Admin\Produtos->buscaProdutoOu404('images')
 2 SYSTEMPATH\CodeIgniter.php(919): App\Controllers\Admin\Produtos->show('images', 'faces', 'face4.jpg')
 3 SYSTEMPATH\CodeIgniter.php(494): CodeIgniter\CodeIgniter->runController(Object(App\Controllers\Admin\Produtos))
 4 SYSTEMPATH\CodeIgniter.php(353): CodeIgniter\CodeIgniter->handleRequest(null, Object(Config\Cache), false)
 5 FCPATH\index.php(79): CodeIgniter\CodeIgniter->run()
 6 SYSTEMPATH\Commands\Server\rewrite.php(47): require_once('C:\\xampp\\htdocs\\itaipu\\public\\index.php')
INFO - 2024-03-18 13:19:40 --> Session: Class initialized using 'CodeIgniter\Session\Handlers\FileHandler' driver.
CRITICAL - 2024-03-18 13:19:40 --> Argument 1 passed to App\Controllers\Admin\Produtos::buscaProdutoOu404() must be of the type int or null, string given, called in C:\xampp\htdocs\itaipu\app\Controllers\Admin\Produtos.php on line 108
in APPPATH\Controllers\Admin\Produtos.php on line 479.
 1 APPPATH\Controllers\Admin\Produtos.php(108): App\Controllers\Admin\Produtos->buscaProdutoOu404('images')
 2 SYSTEMPATH\CodeIgniter.php(919): App\Controllers\Admin\Produtos->show('images', 'faces', 'face2.jpg')
 3 SYSTEMPATH\CodeIgniter.php(494): CodeIgniter\CodeIgniter->runController(Object(App\Controllers\Admin\Produtos))
 4 SYSTEMPATH\CodeIgniter.php(353): CodeIgniter\CodeIgniter->handleRequest(null, Object(Config\Cache), false)
 5 FCPATH\index.php(79): CodeIgniter\CodeIgniter->run()
 6 SYSTEMPATH\Commands\Server\rewrite.php(47): require_once('C:\\xampp\\htdocs\\itaipu\\public\\index.php')
INFO - 2024-03-18 13:19:40 --> Session: Class initialized using 'CodeIgniter\Session\Handlers\FileHandler' driver.
CRITICAL - 2024-03-18 13:19:40 --> Argument 1 passed to App\Controllers\Admin\Produtos::buscaProdutoOu404() must be of the type int or null, string given, called in C:\xampp\htdocs\itaipu\app\Controllers\Admin\Produtos.php on line 108
in APPPATH\Controllers\Admin\Produtos.php on line 479.
 1 APPPATH\Controllers\Admin\Produtos.php(108): App\Controllers\Admin\Produtos->buscaProdutoOu404('images')
 2 SYSTEMPATH\CodeIgniter.php(919): App\Controllers\Admin\Produtos->show('images', 'faces', 'face3.jpg')
 3 SYSTEMPATH\CodeIgniter.php(494): CodeIgniter\CodeIgniter->runController(Object(App\Controllers\Admin\Produtos))
 4 SYSTEMPATH\CodeIgniter.php(353): CodeIgniter\CodeIgniter->handleRequest(null, Object(Config\Cache), false)
 5 FCPATH\index.php(79): CodeIgniter\CodeIgniter->run()
 6 SYSTEMPATH\Commands\Server\rewrite.php(47): require_once('C:\\xampp\\htdocs\\itaipu\\public\\index.php')
INFO - 2024-03-18 13:19:40 --> Session: Class initialized using 'CodeIgniter\Session\Handlers\FileHandler' driver.
INFO - 2024-03-18 13:19:40 --> Session: Class initialized using 'CodeIgniter\Session\Handlers\FileHandler' driver.
CRITICAL - 2024-03-18 13:19:40 --> Argument 1 passed to App\Controllers\Admin\Produtos::buscaProdutoOu404() must be of the type int or null, string given, called in C:\xampp\htdocs\itaipu\app\Controllers\Admin\Produtos.php on line 108
in APPPATH\Controllers\Admin\Produtos.php on line 479.
 1 APPPATH\Controllers\Admin\Produtos.php(108): App\Controllers\Admin\Produtos->buscaProdutoOu404('images')
 2 SYSTEMPATH\CodeIgniter.php(919): App\Controllers\Admin\Produtos->show('images', 'faces', 'face5.jpg')
 3 SYSTEMPATH\CodeIgniter.php(494): CodeIgniter\CodeIgniter->runController(Object(App\Controllers\Admin\Produtos))
 4 SYSTEMPATH\CodeIgniter.php(353): CodeIgniter\CodeIgniter->handleRequest(null, Object(Config\Cache), false)
 5 FCPATH\index.php(79): CodeIgniter\CodeIgniter->run()
 6 SYSTEMPATH\Commands\Server\rewrite.php(47): require_once('C:\\xampp\\htdocs\\itaipu\\public\\index.php')
INFO - 2024-03-18 13:19:41 --> Session: Class initialized using 'CodeIgniter\Session\Handlers\FileHandler' driver.
INFO - 2024-03-18 13:19:41 --> Session: Class initialized using 'CodeIgniter\Session\Handlers\FileHandler' driver.
INFO - 2024-03-18 13:33:26 --> Session: Class initialized using 'CodeIgniter\Session\Handlers\FileHandler' driver.
INFO - 2024-03-18 13:33:26 --> Session: Class initialized using 'CodeIgniter\Session\Handlers\FileHandler' driver.
INFO - 2024-03-18 13:34:37 --> Session: Class initialized using 'CodeIgniter\Session\Handlers\FileHandler' driver.
INFO - 2024-03-18 13:34:37 --> Session: Class initialized using 'CodeIgniter\Session\Handlers\FileHandler' driver.
INFO - 2024-03-18 13:37:18 --> Session: Class initialized using 'CodeIgniter\Session\Handlers\FileHandler' driver.
INFO - 2024-03-18 13:37:19 --> Session: Class initialized using 'CodeIgniter\Session\Handlers\FileHandler' driver.
INFO - 2024-03-18 14:10:33 --> Session: Class initialized using 'CodeIgniter\Session\Handlers\FileHandler' driver.
INFO - 2024-03-18 14:10:34 --> Session: Class initialized using 'CodeIgniter\Session\Handlers\FileHandler' driver.
INFO - 2024-03-18 14:10:55 --> Session: Class initialized using 'CodeIgniter\Session\Handlers\FileHandler' driver.
INFO - 2024-03-18 14:10:55 --> Session: Class initialized using 'CodeIgniter\Session\Handlers\FileHandler' driver.
