INFO - 2024-02-19 07:28:47 --> Session: Class initialized using 'CodeIgniter\Session\Handlers\FileHandler' driver.
INFO - 2024-02-19 07:30:50 --> CSRF token verified.
INFO - 2024-02-19 07:30:50 --> Session: Class initialized using 'CodeIgniter\Session\Handlers\FileHandler' driver.
INFO - 2024-02-19 07:30:50 --> Session: Class initialized using 'CodeIgniter\Session\Handlers\FileHandler' driver.
INFO - 2024-02-19 07:30:51 --> Session: Class initialized using 'CodeIgniter\Session\Handlers\FileHandler' driver.
INFO - 2024-02-19 07:30:53 --> Session: Class initialized using 'CodeIgniter\Session\Handlers\FileHandler' driver.
INFO - 2024-02-19 07:30:54 --> Session: Class initialized using 'CodeIgniter\Session\Handlers\FileHandler' driver.
INFO - 2024-02-19 07:30:55 --> Session: Class initialized using 'CodeIgniter\Session\Handlers\FileHandler' driver.
INFO - 2024-02-19 07:30:56 --> Session: Class initialized using 'CodeIgniter\Session\Handlers\FileHandler' driver.
CRITICAL - 2024-02-19 07:30:56 --> Argument 1 passed to App\Controllers\Admin\Produtos::buscaProdutoOu404() must be of the type int or null, string given, called in C:\xampp\htdocs\itaipu\app\Controllers\Admin\Produtos.php on line 98
in APPPATH\Controllers\Admin\Produtos.php on line 266.
 1 APPPATH\Controllers\Admin\Produtos.php(98): App\Controllers\Admin\Produtos->buscaProdutoOu404('images')
 2 SYSTEMPATH\CodeIgniter.php(919): App\Controllers\Admin\Produtos->show('images', 'logo_itaipu.png')
 3 SYSTEMPATH\CodeIgniter.php(494): CodeIgniter\CodeIgniter->runController(Object(App\Controllers\Admin\Produtos))
 4 SYSTEMPATH\CodeIgniter.php(353): CodeIgniter\CodeIgniter->handleRequest(null, Object(Config\Cache), false)
 5 FCPATH\index.php(79): CodeIgniter\CodeIgniter->run()
 6 SYSTEMPATH\Commands\Server\rewrite.php(47): require_once('C:\\xampp\\htdocs\\itaipu\\public\\index.php')
INFO - 2024-02-19 07:30:56 --> Session: Class initialized using 'CodeIgniter\Session\Handlers\FileHandler' driver.
CRITICAL - 2024-02-19 07:30:56 --> Argument 1 passed to App\Controllers\Admin\Produtos::buscaProdutoOu404() must be of the type int or null, string given, called in C:\xampp\htdocs\itaipu\app\Controllers\Admin\Produtos.php on line 98
in APPPATH\Controllers\Admin\Produtos.php on line 266.
 1 APPPATH\Controllers\Admin\Produtos.php(98): App\Controllers\Admin\Produtos->buscaProdutoOu404('images')
 2 SYSTEMPATH\CodeIgniter.php(919): App\Controllers\Admin\Produtos->show('images', 'logo-mini.png')
 3 SYSTEMPATH\CodeIgniter.php(494): CodeIgniter\CodeIgniter->runController(Object(App\Controllers\Admin\Produtos))
 4 SYSTEMPATH\CodeIgniter.php(353): CodeIgniter\CodeIgniter->handleRequest(null, Object(Config\Cache), false)
 5 FCPATH\index.php(79): CodeIgniter\CodeIgniter->run()
 6 SYSTEMPATH\Commands\Server\rewrite.php(47): require_once('C:\\xampp\\htdocs\\itaipu\\public\\index.php')
INFO - 2024-02-19 07:30:56 --> Session: Class initialized using 'CodeIgniter\Session\Handlers\FileHandler' driver.
CRITICAL - 2024-02-19 07:30:56 --> Argument 1 passed to App\Controllers\Admin\Produtos::buscaProdutoOu404() must be of the type int or null, string given, called in C:\xampp\htdocs\itaipu\app\Controllers\Admin\Produtos.php on line 98
in APPPATH\Controllers\Admin\Produtos.php on line 266.
 1 APPPATH\Controllers\Admin\Produtos.php(98): App\Controllers\Admin\Produtos->buscaProdutoOu404('images')
 2 SYSTEMPATH\CodeIgniter.php(919): App\Controllers\Admin\Produtos->show('images', 'faces', 'face4.jpg')
 3 SYSTEMPATH\CodeIgniter.php(494): CodeIgniter\CodeIgniter->runController(Object(App\Controllers\Admin\Produtos))
 4 SYSTEMPATH\CodeIgniter.php(353): CodeIgniter\CodeIgniter->handleRequest(null, Object(Config\Cache), false)
 5 FCPATH\index.php(79): CodeIgniter\CodeIgniter->run()
 6 SYSTEMPATH\Commands\Server\rewrite.php(47): require_once('C:\\xampp\\htdocs\\itaipu\\public\\index.php')
INFO - 2024-02-19 07:30:56 --> Session: Class initialized using 'CodeIgniter\Session\Handlers\FileHandler' driver.
CRITICAL - 2024-02-19 07:30:56 --> Argument 1 passed to App\Controllers\Admin\Produtos::buscaProdutoOu404() must be of the type int or null, string given, called in C:\xampp\htdocs\itaipu\app\Controllers\Admin\Produtos.php on line 98
in APPPATH\Controllers\Admin\Produtos.php on line 266.
 1 APPPATH\Controllers\Admin\Produtos.php(98): App\Controllers\Admin\Produtos->buscaProdutoOu404('images')
 2 SYSTEMPATH\CodeIgniter.php(919): App\Controllers\Admin\Produtos->show('images', 'faces', 'face2.jpg')
 3 SYSTEMPATH\CodeIgniter.php(494): CodeIgniter\CodeIgniter->runController(Object(App\Controllers\Admin\Produtos))
 4 SYSTEMPATH\CodeIgniter.php(353): CodeIgniter\CodeIgniter->handleRequest(null, Object(Config\Cache), false)
 5 FCPATH\index.php(79): CodeIgniter\CodeIgniter->run()
 6 SYSTEMPATH\Commands\Server\rewrite.php(47): require_once('C:\\xampp\\htdocs\\itaipu\\public\\index.php')
INFO - 2024-02-19 07:30:56 --> Session: Class initialized using 'CodeIgniter\Session\Handlers\FileHandler' driver.
CRITICAL - 2024-02-19 07:30:56 --> Argument 1 passed to App\Controllers\Admin\Produtos::buscaProdutoOu404() must be of the type int or null, string given, called in C:\xampp\htdocs\itaipu\app\Controllers\Admin\Produtos.php on line 98
in APPPATH\Controllers\Admin\Produtos.php on line 266.
 1 APPPATH\Controllers\Admin\Produtos.php(98): App\Controllers\Admin\Produtos->buscaProdutoOu404('images')
 2 SYSTEMPATH\CodeIgniter.php(919): App\Controllers\Admin\Produtos->show('images', 'faces', 'face3.jpg')
 3 SYSTEMPATH\CodeIgniter.php(494): CodeIgniter\CodeIgniter->runController(Object(App\Controllers\Admin\Produtos))
 4 SYSTEMPATH\CodeIgniter.php(353): CodeIgniter\CodeIgniter->handleRequest(null, Object(Config\Cache), false)
 5 FCPATH\index.php(79): CodeIgniter\CodeIgniter->run()
 6 SYSTEMPATH\Commands\Server\rewrite.php(47): require_once('C:\\xampp\\htdocs\\itaipu\\public\\index.php')
INFO - 2024-02-19 07:30:57 --> Session: Class initialized using 'CodeIgniter\Session\Handlers\FileHandler' driver.
INFO - 2024-02-19 07:30:57 --> Session: Class initialized using 'CodeIgniter\Session\Handlers\FileHandler' driver.
CRITICAL - 2024-02-19 07:30:57 --> Argument 1 passed to App\Controllers\Admin\Produtos::buscaProdutoOu404() must be of the type int or null, string given, called in C:\xampp\htdocs\itaipu\app\Controllers\Admin\Produtos.php on line 98
in APPPATH\Controllers\Admin\Produtos.php on line 266.
 1 APPPATH\Controllers\Admin\Produtos.php(98): App\Controllers\Admin\Produtos->buscaProdutoOu404('images')
 2 SYSTEMPATH\CodeIgniter.php(919): App\Controllers\Admin\Produtos->show('images', 'faces', 'face5.jpg')
 3 SYSTEMPATH\CodeIgniter.php(494): CodeIgniter\CodeIgniter->runController(Object(App\Controllers\Admin\Produtos))
 4 SYSTEMPATH\CodeIgniter.php(353): CodeIgniter\CodeIgniter->handleRequest(null, Object(Config\Cache), false)
 5 FCPATH\index.php(79): CodeIgniter\CodeIgniter->run()
 6 SYSTEMPATH\Commands\Server\rewrite.php(47): require_once('C:\\xampp\\htdocs\\itaipu\\public\\index.php')
INFO - 2024-02-19 07:31:07 --> Session: Class initialized using 'CodeIgniter\Session\Handlers\FileHandler' driver.
INFO - 2024-02-19 07:31:08 --> Session: Class initialized using 'CodeIgniter\Session\Handlers\FileHandler' driver.
INFO - 2024-02-19 07:31:09 --> Session: Class initialized using 'CodeIgniter\Session\Handlers\FileHandler' driver.
INFO - 2024-02-19 07:31:09 --> Session: Class initialized using 'CodeIgniter\Session\Handlers\FileHandler' driver.
CRITICAL - 2024-02-19 07:31:09 --> Argument 1 passed to App\Controllers\Admin\Produtos::buscaProdutoOu404() must be of the type int or null, string given, called in C:\xampp\htdocs\itaipu\app\Controllers\Admin\Produtos.php on line 98
in APPPATH\Controllers\Admin\Produtos.php on line 266.
 1 APPPATH\Controllers\Admin\Produtos.php(98): App\Controllers\Admin\Produtos->buscaProdutoOu404('images')
 2 SYSTEMPATH\CodeIgniter.php(919): App\Controllers\Admin\Produtos->show('images', 'logo_itaipu.png')
 3 SYSTEMPATH\CodeIgniter.php(494): CodeIgniter\CodeIgniter->runController(Object(App\Controllers\Admin\Produtos))
 4 SYSTEMPATH\CodeIgniter.php(353): CodeIgniter\CodeIgniter->handleRequest(null, Object(Config\Cache), false)
 5 FCPATH\index.php(79): CodeIgniter\CodeIgniter->run()
 6 SYSTEMPATH\Commands\Server\rewrite.php(47): require_once('C:\\xampp\\htdocs\\itaipu\\public\\index.php')
INFO - 2024-02-19 07:31:10 --> Session: Class initialized using 'CodeIgniter\Session\Handlers\FileHandler' driver.
CRITICAL - 2024-02-19 07:31:10 --> Argument 1 passed to App\Controllers\Admin\Produtos::buscaProdutoOu404() must be of the type int or null, string given, called in C:\xampp\htdocs\itaipu\app\Controllers\Admin\Produtos.php on line 98
in APPPATH\Controllers\Admin\Produtos.php on line 266.
 1 APPPATH\Controllers\Admin\Produtos.php(98): App\Controllers\Admin\Produtos->buscaProdutoOu404('images')
 2 SYSTEMPATH\CodeIgniter.php(919): App\Controllers\Admin\Produtos->show('images', 'logo-mini.png')
 3 SYSTEMPATH\CodeIgniter.php(494): CodeIgniter\CodeIgniter->runController(Object(App\Controllers\Admin\Produtos))
 4 SYSTEMPATH\CodeIgniter.php(353): CodeIgniter\CodeIgniter->handleRequest(null, Object(Config\Cache), false)
 5 FCPATH\index.php(79): CodeIgniter\CodeIgniter->run()
 6 SYSTEMPATH\Commands\Server\rewrite.php(47): require_once('C:\\xampp\\htdocs\\itaipu\\public\\index.php')
INFO - 2024-02-19 07:31:10 --> Session: Class initialized using 'CodeIgniter\Session\Handlers\FileHandler' driver.
CRITICAL - 2024-02-19 07:31:10 --> Argument 1 passed to App\Controllers\Admin\Produtos::buscaProdutoOu404() must be of the type int or null, string given, called in C:\xampp\htdocs\itaipu\app\Controllers\Admin\Produtos.php on line 98
in APPPATH\Controllers\Admin\Produtos.php on line 266.
 1 APPPATH\Controllers\Admin\Produtos.php(98): App\Controllers\Admin\Produtos->buscaProdutoOu404('images')
 2 SYSTEMPATH\CodeIgniter.php(919): App\Controllers\Admin\Produtos->show('images', 'faces', 'face4.jpg')
 3 SYSTEMPATH\CodeIgniter.php(494): CodeIgniter\CodeIgniter->runController(Object(App\Controllers\Admin\Produtos))
 4 SYSTEMPATH\CodeIgniter.php(353): CodeIgniter\CodeIgniter->handleRequest(null, Object(Config\Cache), false)
 5 FCPATH\index.php(79): CodeIgniter\CodeIgniter->run()
 6 SYSTEMPATH\Commands\Server\rewrite.php(47): require_once('C:\\xampp\\htdocs\\itaipu\\public\\index.php')
INFO - 2024-02-19 07:31:10 --> Session: Class initialized using 'CodeIgniter\Session\Handlers\FileHandler' driver.
CRITICAL - 2024-02-19 07:31:10 --> Argument 1 passed to App\Controllers\Admin\Produtos::buscaProdutoOu404() must be of the type int or null, string given, called in C:\xampp\htdocs\itaipu\app\Controllers\Admin\Produtos.php on line 98
in APPPATH\Controllers\Admin\Produtos.php on line 266.
 1 APPPATH\Controllers\Admin\Produtos.php(98): App\Controllers\Admin\Produtos->buscaProdutoOu404('images')
 2 SYSTEMPATH\CodeIgniter.php(919): App\Controllers\Admin\Produtos->show('images', 'faces', 'face2.jpg')
 3 SYSTEMPATH\CodeIgniter.php(494): CodeIgniter\CodeIgniter->runController(Object(App\Controllers\Admin\Produtos))
 4 SYSTEMPATH\CodeIgniter.php(353): CodeIgniter\CodeIgniter->handleRequest(null, Object(Config\Cache), false)
 5 FCPATH\index.php(79): CodeIgniter\CodeIgniter->run()
 6 SYSTEMPATH\Commands\Server\rewrite.php(47): require_once('C:\\xampp\\htdocs\\itaipu\\public\\index.php')
INFO - 2024-02-19 07:31:10 --> Session: Class initialized using 'CodeIgniter\Session\Handlers\FileHandler' driver.
CRITICAL - 2024-02-19 07:31:10 --> Argument 1 passed to App\Controllers\Admin\Produtos::buscaProdutoOu404() must be of the type int or null, string given, called in C:\xampp\htdocs\itaipu\app\Controllers\Admin\Produtos.php on line 98
in APPPATH\Controllers\Admin\Produtos.php on line 266.
 1 APPPATH\Controllers\Admin\Produtos.php(98): App\Controllers\Admin\Produtos->buscaProdutoOu404('images')
 2 SYSTEMPATH\CodeIgniter.php(919): App\Controllers\Admin\Produtos->show('images', 'faces', 'face3.jpg')
 3 SYSTEMPATH\CodeIgniter.php(494): CodeIgniter\CodeIgniter->runController(Object(App\Controllers\Admin\Produtos))
 4 SYSTEMPATH\CodeIgniter.php(353): CodeIgniter\CodeIgniter->handleRequest(null, Object(Config\Cache), false)
 5 FCPATH\index.php(79): CodeIgniter\CodeIgniter->run()
 6 SYSTEMPATH\Commands\Server\rewrite.php(47): require_once('C:\\xampp\\htdocs\\itaipu\\public\\index.php')
INFO - 2024-02-19 07:31:10 --> Session: Class initialized using 'CodeIgniter\Session\Handlers\FileHandler' driver.
CRITICAL - 2024-02-19 07:31:10 --> Argument 1 passed to App\Controllers\Admin\Produtos::buscaProdutoOu404() must be of the type int or null, string given, called in C:\xampp\htdocs\itaipu\app\Controllers\Admin\Produtos.php on line 98
in APPPATH\Controllers\Admin\Produtos.php on line 266.
 1 APPPATH\Controllers\Admin\Produtos.php(98): App\Controllers\Admin\Produtos->buscaProdutoOu404('images')
 2 SYSTEMPATH\CodeIgniter.php(919): App\Controllers\Admin\Produtos->show('images', 'faces', 'face5.jpg')
 3 SYSTEMPATH\CodeIgniter.php(494): CodeIgniter\CodeIgniter->runController(Object(App\Controllers\Admin\Produtos))
 4 SYSTEMPATH\CodeIgniter.php(353): CodeIgniter\CodeIgniter->handleRequest(null, Object(Config\Cache), false)
 5 FCPATH\index.php(79): CodeIgniter\CodeIgniter->run()
 6 SYSTEMPATH\Commands\Server\rewrite.php(47): require_once('C:\\xampp\\htdocs\\itaipu\\public\\index.php')
INFO - 2024-02-19 07:31:12 --> Session: Class initialized using 'CodeIgniter\Session\Handlers\FileHandler' driver.
INFO - 2024-02-19 07:31:12 --> Session: Class initialized using 'CodeIgniter\Session\Handlers\FileHandler' driver.
INFO - 2024-02-19 12:33:28 --> Session: Class initialized using 'CodeIgniter\Session\Handlers\FileHandler' driver.
INFO - 2024-02-19 12:33:28 --> Session: Class initialized using 'CodeIgniter\Session\Handlers\FileHandler' driver.
INFO - 2024-02-19 12:33:33 --> CSRF token verified.
INFO - 2024-02-19 12:33:33 --> Session: Class initialized using 'CodeIgniter\Session\Handlers\FileHandler' driver.
INFO - 2024-02-19 12:33:33 --> Session: Class initialized using 'CodeIgniter\Session\Handlers\FileHandler' driver.
INFO - 2024-02-19 12:33:34 --> Session: Class initialized using 'CodeIgniter\Session\Handlers\FileHandler' driver.
INFO - 2024-02-19 12:33:37 --> Session: Class initialized using 'CodeIgniter\Session\Handlers\FileHandler' driver.
INFO - 2024-02-19 12:33:38 --> Session: Class initialized using 'CodeIgniter\Session\Handlers\FileHandler' driver.
INFO - 2024-02-19 12:33:39 --> Session: Class initialized using 'CodeIgniter\Session\Handlers\FileHandler' driver.
INFO - 2024-02-19 12:33:40 --> Session: Class initialized using 'CodeIgniter\Session\Handlers\FileHandler' driver.
CRITICAL - 2024-02-19 12:33:40 --> Argument 1 passed to App\Controllers\Admin\Produtos::buscaProdutoOu404() must be of the type int or null, string given, called in C:\xampp\htdocs\itaipu\app\Controllers\Admin\Produtos.php on line 102
in APPPATH\Controllers\Admin\Produtos.php on line 287.
 1 APPPATH\Controllers\Admin\Produtos.php(102): App\Controllers\Admin\Produtos->buscaProdutoOu404('images')
 2 SYSTEMPATH\CodeIgniter.php(919): App\Controllers\Admin\Produtos->show('images', 'logo_itaipu.png')
 3 SYSTEMPATH\CodeIgniter.php(494): CodeIgniter\CodeIgniter->runController(Object(App\Controllers\Admin\Produtos))
 4 SYSTEMPATH\CodeIgniter.php(353): CodeIgniter\CodeIgniter->handleRequest(null, Object(Config\Cache), false)
 5 FCPATH\index.php(79): CodeIgniter\CodeIgniter->run()
 6 SYSTEMPATH\Commands\Server\rewrite.php(47): require_once('C:\\xampp\\htdocs\\itaipu\\public\\index.php')
INFO - 2024-02-19 12:33:40 --> Session: Class initialized using 'CodeIgniter\Session\Handlers\FileHandler' driver.
CRITICAL - 2024-02-19 12:33:40 --> Argument 1 passed to App\Controllers\Admin\Produtos::buscaProdutoOu404() must be of the type int or null, string given, called in C:\xampp\htdocs\itaipu\app\Controllers\Admin\Produtos.php on line 102
in APPPATH\Controllers\Admin\Produtos.php on line 287.
 1 APPPATH\Controllers\Admin\Produtos.php(102): App\Controllers\Admin\Produtos->buscaProdutoOu404('images')
 2 SYSTEMPATH\CodeIgniter.php(919): App\Controllers\Admin\Produtos->show('images', 'logo-mini.png')
 3 SYSTEMPATH\CodeIgniter.php(494): CodeIgniter\CodeIgniter->runController(Object(App\Controllers\Admin\Produtos))
 4 SYSTEMPATH\CodeIgniter.php(353): CodeIgniter\CodeIgniter->handleRequest(null, Object(Config\Cache), false)
 5 FCPATH\index.php(79): CodeIgniter\CodeIgniter->run()
 6 SYSTEMPATH\Commands\Server\rewrite.php(47): require_once('C:\\xampp\\htdocs\\itaipu\\public\\index.php')
INFO - 2024-02-19 12:33:40 --> Session: Class initialized using 'CodeIgniter\Session\Handlers\FileHandler' driver.
CRITICAL - 2024-02-19 12:33:40 --> Argument 1 passed to App\Controllers\Admin\Produtos::buscaProdutoOu404() must be of the type int or null, string given, called in C:\xampp\htdocs\itaipu\app\Controllers\Admin\Produtos.php on line 102
in APPPATH\Controllers\Admin\Produtos.php on line 287.
 1 APPPATH\Controllers\Admin\Produtos.php(102): App\Controllers\Admin\Produtos->buscaProdutoOu404('images')
 2 SYSTEMPATH\CodeIgniter.php(919): App\Controllers\Admin\Produtos->show('images', 'faces', 'face4.jpg')
 3 SYSTEMPATH\CodeIgniter.php(494): CodeIgniter\CodeIgniter->runController(Object(App\Controllers\Admin\Produtos))
 4 SYSTEMPATH\CodeIgniter.php(353): CodeIgniter\CodeIgniter->handleRequest(null, Object(Config\Cache), false)
 5 FCPATH\index.php(79): CodeIgniter\CodeIgniter->run()
 6 SYSTEMPATH\Commands\Server\rewrite.php(47): require_once('C:\\xampp\\htdocs\\itaipu\\public\\index.php')
INFO - 2024-02-19 12:33:40 --> Session: Class initialized using 'CodeIgniter\Session\Handlers\FileHandler' driver.
CRITICAL - 2024-02-19 12:33:40 --> Argument 1 passed to App\Controllers\Admin\Produtos::buscaProdutoOu404() must be of the type int or null, string given, called in C:\xampp\htdocs\itaipu\app\Controllers\Admin\Produtos.php on line 102
in APPPATH\Controllers\Admin\Produtos.php on line 287.
 1 APPPATH\Controllers\Admin\Produtos.php(102): App\Controllers\Admin\Produtos->buscaProdutoOu404('images')
 2 SYSTEMPATH\CodeIgniter.php(919): App\Controllers\Admin\Produtos->show('images', 'faces', 'face2.jpg')
 3 SYSTEMPATH\CodeIgniter.php(494): CodeIgniter\CodeIgniter->runController(Object(App\Controllers\Admin\Produtos))
 4 SYSTEMPATH\CodeIgniter.php(353): CodeIgniter\CodeIgniter->handleRequest(null, Object(Config\Cache), false)
 5 FCPATH\index.php(79): CodeIgniter\CodeIgniter->run()
 6 SYSTEMPATH\Commands\Server\rewrite.php(47): require_once('C:\\xampp\\htdocs\\itaipu\\public\\index.php')
INFO - 2024-02-19 12:33:40 --> Session: Class initialized using 'CodeIgniter\Session\Handlers\FileHandler' driver.
CRITICAL - 2024-02-19 12:33:40 --> Argument 1 passed to App\Controllers\Admin\Produtos::buscaProdutoOu404() must be of the type int or null, string given, called in C:\xampp\htdocs\itaipu\app\Controllers\Admin\Produtos.php on line 102
in APPPATH\Controllers\Admin\Produtos.php on line 287.
 1 APPPATH\Controllers\Admin\Produtos.php(102): App\Controllers\Admin\Produtos->buscaProdutoOu404('images')
 2 SYSTEMPATH\CodeIgniter.php(919): App\Controllers\Admin\Produtos->show('images', 'faces', 'face3.jpg')
 3 SYSTEMPATH\CodeIgniter.php(494): CodeIgniter\CodeIgniter->runController(Object(App\Controllers\Admin\Produtos))
 4 SYSTEMPATH\CodeIgniter.php(353): CodeIgniter\CodeIgniter->handleRequest(null, Object(Config\Cache), false)
 5 FCPATH\index.php(79): CodeIgniter\CodeIgniter->run()
 6 SYSTEMPATH\Commands\Server\rewrite.php(47): require_once('C:\\xampp\\htdocs\\itaipu\\public\\index.php')
INFO - 2024-02-19 12:33:40 --> Session: Class initialized using 'CodeIgniter\Session\Handlers\FileHandler' driver.
INFO - 2024-02-19 12:33:41 --> Session: Class initialized using 'CodeIgniter\Session\Handlers\FileHandler' driver.
CRITICAL - 2024-02-19 12:33:41 --> Argument 1 passed to App\Controllers\Admin\Produtos::buscaProdutoOu404() must be of the type int or null, string given, called in C:\xampp\htdocs\itaipu\app\Controllers\Admin\Produtos.php on line 102
in APPPATH\Controllers\Admin\Produtos.php on line 287.
 1 APPPATH\Controllers\Admin\Produtos.php(102): App\Controllers\Admin\Produtos->buscaProdutoOu404('images')
 2 SYSTEMPATH\CodeIgniter.php(919): App\Controllers\Admin\Produtos->show('images', 'faces', 'face5.jpg')
 3 SYSTEMPATH\CodeIgniter.php(494): CodeIgniter\CodeIgniter->runController(Object(App\Controllers\Admin\Produtos))
 4 SYSTEMPATH\CodeIgniter.php(353): CodeIgniter\CodeIgniter->handleRequest(null, Object(Config\Cache), false)
 5 FCPATH\index.php(79): CodeIgniter\CodeIgniter->run()
 6 SYSTEMPATH\Commands\Server\rewrite.php(47): require_once('C:\\xampp\\htdocs\\itaipu\\public\\index.php')
INFO - 2024-02-19 12:34:11 --> Session: Class initialized using 'CodeIgniter\Session\Handlers\FileHandler' driver.
INFO - 2024-02-19 12:34:11 --> Session: Class initialized using 'CodeIgniter\Session\Handlers\FileHandler' driver.
CRITICAL - 2024-02-19 12:34:11 --> Argument 1 passed to App\Controllers\Admin\Produtos::buscaProdutoOu404() must be of the type int or null, string given, called in C:\xampp\htdocs\itaipu\app\Controllers\Admin\Produtos.php on line 102
in APPPATH\Controllers\Admin\Produtos.php on line 287.
 1 APPPATH\Controllers\Admin\Produtos.php(102): App\Controllers\Admin\Produtos->buscaProdutoOu404('images')
 2 SYSTEMPATH\CodeIgniter.php(919): App\Controllers\Admin\Produtos->show('images', 'logo_itaipu.png')
 3 SYSTEMPATH\CodeIgniter.php(494): CodeIgniter\CodeIgniter->runController(Object(App\Controllers\Admin\Produtos))
 4 SYSTEMPATH\CodeIgniter.php(353): CodeIgniter\CodeIgniter->handleRequest(null, Object(Config\Cache), false)
 5 FCPATH\index.php(79): CodeIgniter\CodeIgniter->run()
 6 SYSTEMPATH\Commands\Server\rewrite.php(47): require_once('C:\\xampp\\htdocs\\itaipu\\public\\index.php')
INFO - 2024-02-19 12:34:11 --> Session: Class initialized using 'CodeIgniter\Session\Handlers\FileHandler' driver.
CRITICAL - 2024-02-19 12:34:12 --> Argument 1 passed to App\Controllers\Admin\Produtos::buscaProdutoOu404() must be of the type int or null, string given, called in C:\xampp\htdocs\itaipu\app\Controllers\Admin\Produtos.php on line 102
in APPPATH\Controllers\Admin\Produtos.php on line 287.
 1 APPPATH\Controllers\Admin\Produtos.php(102): App\Controllers\Admin\Produtos->buscaProdutoOu404('images')
 2 SYSTEMPATH\CodeIgniter.php(919): App\Controllers\Admin\Produtos->show('images', 'logo-mini.png')
 3 SYSTEMPATH\CodeIgniter.php(494): CodeIgniter\CodeIgniter->runController(Object(App\Controllers\Admin\Produtos))
 4 SYSTEMPATH\CodeIgniter.php(353): CodeIgniter\CodeIgniter->handleRequest(null, Object(Config\Cache), false)
 5 FCPATH\index.php(79): CodeIgniter\CodeIgniter->run()
 6 SYSTEMPATH\Commands\Server\rewrite.php(47): require_once('C:\\xampp\\htdocs\\itaipu\\public\\index.php')
INFO - 2024-02-19 12:34:12 --> Session: Class initialized using 'CodeIgniter\Session\Handlers\FileHandler' driver.
CRITICAL - 2024-02-19 12:34:12 --> Argument 1 passed to App\Controllers\Admin\Produtos::buscaProdutoOu404() must be of the type int or null, string given, called in C:\xampp\htdocs\itaipu\app\Controllers\Admin\Produtos.php on line 102
in APPPATH\Controllers\Admin\Produtos.php on line 287.
 1 APPPATH\Controllers\Admin\Produtos.php(102): App\Controllers\Admin\Produtos->buscaProdutoOu404('images')
 2 SYSTEMPATH\CodeIgniter.php(919): App\Controllers\Admin\Produtos->show('images', 'faces', 'face4.jpg')
 3 SYSTEMPATH\CodeIgniter.php(494): CodeIgniter\CodeIgniter->runController(Object(App\Controllers\Admin\Produtos))
 4 SYSTEMPATH\CodeIgniter.php(353): CodeIgniter\CodeIgniter->handleRequest(null, Object(Config\Cache), false)
 5 FCPATH\index.php(79): CodeIgniter\CodeIgniter->run()
 6 SYSTEMPATH\Commands\Server\rewrite.php(47): require_once('C:\\xampp\\htdocs\\itaipu\\public\\index.php')
INFO - 2024-02-19 12:34:12 --> Session: Class initialized using 'CodeIgniter\Session\Handlers\FileHandler' driver.
CRITICAL - 2024-02-19 12:34:12 --> Argument 1 passed to App\Controllers\Admin\Produtos::buscaProdutoOu404() must be of the type int or null, string given, called in C:\xampp\htdocs\itaipu\app\Controllers\Admin\Produtos.php on line 102
in APPPATH\Controllers\Admin\Produtos.php on line 287.
 1 APPPATH\Controllers\Admin\Produtos.php(102): App\Controllers\Admin\Produtos->buscaProdutoOu404('images')
 2 SYSTEMPATH\CodeIgniter.php(919): App\Controllers\Admin\Produtos->show('images', 'faces', 'face2.jpg')
 3 SYSTEMPATH\CodeIgniter.php(494): CodeIgniter\CodeIgniter->runController(Object(App\Controllers\Admin\Produtos))
 4 SYSTEMPATH\CodeIgniter.php(353): CodeIgniter\CodeIgniter->handleRequest(null, Object(Config\Cache), false)
 5 FCPATH\index.php(79): CodeIgniter\CodeIgniter->run()
 6 SYSTEMPATH\Commands\Server\rewrite.php(47): require_once('C:\\xampp\\htdocs\\itaipu\\public\\index.php')
INFO - 2024-02-19 12:34:12 --> Session: Class initialized using 'CodeIgniter\Session\Handlers\FileHandler' driver.
CRITICAL - 2024-02-19 12:34:12 --> Argument 1 passed to App\Controllers\Admin\Produtos::buscaProdutoOu404() must be of the type int or null, string given, called in C:\xampp\htdocs\itaipu\app\Controllers\Admin\Produtos.php on line 102
in APPPATH\Controllers\Admin\Produtos.php on line 287.
 1 APPPATH\Controllers\Admin\Produtos.php(102): App\Controllers\Admin\Produtos->buscaProdutoOu404('images')
 2 SYSTEMPATH\CodeIgniter.php(919): App\Controllers\Admin\Produtos->show('images', 'faces', 'face3.jpg')
 3 SYSTEMPATH\CodeIgniter.php(494): CodeIgniter\CodeIgniter->runController(Object(App\Controllers\Admin\Produtos))
 4 SYSTEMPATH\CodeIgniter.php(353): CodeIgniter\CodeIgniter->handleRequest(null, Object(Config\Cache), false)
 5 FCPATH\index.php(79): CodeIgniter\CodeIgniter->run()
 6 SYSTEMPATH\Commands\Server\rewrite.php(47): require_once('C:\\xampp\\htdocs\\itaipu\\public\\index.php')
INFO - 2024-02-19 12:34:12 --> Session: Class initialized using 'CodeIgniter\Session\Handlers\FileHandler' driver.
INFO - 2024-02-19 12:34:12 --> Session: Class initialized using 'CodeIgniter\Session\Handlers\FileHandler' driver.
CRITICAL - 2024-02-19 12:34:12 --> Argument 1 passed to App\Controllers\Admin\Produtos::buscaProdutoOu404() must be of the type int or null, string given, called in C:\xampp\htdocs\itaipu\app\Controllers\Admin\Produtos.php on line 102
in APPPATH\Controllers\Admin\Produtos.php on line 287.
 1 APPPATH\Controllers\Admin\Produtos.php(102): App\Controllers\Admin\Produtos->buscaProdutoOu404('images')
 2 SYSTEMPATH\CodeIgniter.php(919): App\Controllers\Admin\Produtos->show('images', 'faces', 'face5.jpg')
 3 SYSTEMPATH\CodeIgniter.php(494): CodeIgniter\CodeIgniter->runController(Object(App\Controllers\Admin\Produtos))
 4 SYSTEMPATH\CodeIgniter.php(353): CodeIgniter\CodeIgniter->handleRequest(null, Object(Config\Cache), false)
 5 FCPATH\index.php(79): CodeIgniter\CodeIgniter->run()
 6 SYSTEMPATH\Commands\Server\rewrite.php(47): require_once('C:\\xampp\\htdocs\\itaipu\\public\\index.php')
INFO - 2024-02-19 12:34:41 --> Session: Class initialized using 'CodeIgniter\Session\Handlers\FileHandler' driver.
INFO - 2024-02-19 12:34:41 --> Session: Class initialized using 'CodeIgniter\Session\Handlers\FileHandler' driver.
CRITICAL - 2024-02-19 12:34:41 --> Argument 1 passed to App\Controllers\Admin\Produtos::buscaProdutoOu404() must be of the type int or null, string given, called in C:\xampp\htdocs\itaipu\app\Controllers\Admin\Produtos.php on line 102
in APPPATH\Controllers\Admin\Produtos.php on line 287.
 1 APPPATH\Controllers\Admin\Produtos.php(102): App\Controllers\Admin\Produtos->buscaProdutoOu404('images')
 2 SYSTEMPATH\CodeIgniter.php(919): App\Controllers\Admin\Produtos->show('images', 'logo_itaipu.png')
 3 SYSTEMPATH\CodeIgniter.php(494): CodeIgniter\CodeIgniter->runController(Object(App\Controllers\Admin\Produtos))
 4 SYSTEMPATH\CodeIgniter.php(353): CodeIgniter\CodeIgniter->handleRequest(null, Object(Config\Cache), false)
 5 FCPATH\index.php(79): CodeIgniter\CodeIgniter->run()
 6 SYSTEMPATH\Commands\Server\rewrite.php(47): require_once('C:\\xampp\\htdocs\\itaipu\\public\\index.php')
INFO - 2024-02-19 12:34:42 --> Session: Class initialized using 'CodeIgniter\Session\Handlers\FileHandler' driver.
CRITICAL - 2024-02-19 12:34:42 --> Argument 1 passed to App\Controllers\Admin\Produtos::buscaProdutoOu404() must be of the type int or null, string given, called in C:\xampp\htdocs\itaipu\app\Controllers\Admin\Produtos.php on line 102
in APPPATH\Controllers\Admin\Produtos.php on line 287.
 1 APPPATH\Controllers\Admin\Produtos.php(102): App\Controllers\Admin\Produtos->buscaProdutoOu404('images')
 2 SYSTEMPATH\CodeIgniter.php(919): App\Controllers\Admin\Produtos->show('images', 'logo-mini.png')
 3 SYSTEMPATH\CodeIgniter.php(494): CodeIgniter\CodeIgniter->runController(Object(App\Controllers\Admin\Produtos))
 4 SYSTEMPATH\CodeIgniter.php(353): CodeIgniter\CodeIgniter->handleRequest(null, Object(Config\Cache), false)
 5 FCPATH\index.php(79): CodeIgniter\CodeIgniter->run()
 6 SYSTEMPATH\Commands\Server\rewrite.php(47): require_once('C:\\xampp\\htdocs\\itaipu\\public\\index.php')
INFO - 2024-02-19 12:34:42 --> Session: Class initialized using 'CodeIgniter\Session\Handlers\FileHandler' driver.
CRITICAL - 2024-02-19 12:34:42 --> Argument 1 passed to App\Controllers\Admin\Produtos::buscaProdutoOu404() must be of the type int or null, string given, called in C:\xampp\htdocs\itaipu\app\Controllers\Admin\Produtos.php on line 102
in APPPATH\Controllers\Admin\Produtos.php on line 287.
 1 APPPATH\Controllers\Admin\Produtos.php(102): App\Controllers\Admin\Produtos->buscaProdutoOu404('images')
 2 SYSTEMPATH\CodeIgniter.php(919): App\Controllers\Admin\Produtos->show('images', 'faces', 'face4.jpg')
 3 SYSTEMPATH\CodeIgniter.php(494): CodeIgniter\CodeIgniter->runController(Object(App\Controllers\Admin\Produtos))
 4 SYSTEMPATH\CodeIgniter.php(353): CodeIgniter\CodeIgniter->handleRequest(null, Object(Config\Cache), false)
 5 FCPATH\index.php(79): CodeIgniter\CodeIgniter->run()
 6 SYSTEMPATH\Commands\Server\rewrite.php(47): require_once('C:\\xampp\\htdocs\\itaipu\\public\\index.php')
INFO - 2024-02-19 12:34:42 --> Session: Class initialized using 'CodeIgniter\Session\Handlers\FileHandler' driver.
CRITICAL - 2024-02-19 12:34:42 --> Argument 1 passed to App\Controllers\Admin\Produtos::buscaProdutoOu404() must be of the type int or null, string given, called in C:\xampp\htdocs\itaipu\app\Controllers\Admin\Produtos.php on line 102
in APPPATH\Controllers\Admin\Produtos.php on line 287.
 1 APPPATH\Controllers\Admin\Produtos.php(102): App\Controllers\Admin\Produtos->buscaProdutoOu404('images')
 2 SYSTEMPATH\CodeIgniter.php(919): App\Controllers\Admin\Produtos->show('images', 'faces', 'face2.jpg')
 3 SYSTEMPATH\CodeIgniter.php(494): CodeIgniter\CodeIgniter->runController(Object(App\Controllers\Admin\Produtos))
 4 SYSTEMPATH\CodeIgniter.php(353): CodeIgniter\CodeIgniter->handleRequest(null, Object(Config\Cache), false)
 5 FCPATH\index.php(79): CodeIgniter\CodeIgniter->run()
 6 SYSTEMPATH\Commands\Server\rewrite.php(47): require_once('C:\\xampp\\htdocs\\itaipu\\public\\index.php')
INFO - 2024-02-19 12:34:42 --> Session: Class initialized using 'CodeIgniter\Session\Handlers\FileHandler' driver.
CRITICAL - 2024-02-19 12:34:42 --> Argument 1 passed to App\Controllers\Admin\Produtos::buscaProdutoOu404() must be of the type int or null, string given, called in C:\xampp\htdocs\itaipu\app\Controllers\Admin\Produtos.php on line 102
in APPPATH\Controllers\Admin\Produtos.php on line 287.
 1 APPPATH\Controllers\Admin\Produtos.php(102): App\Controllers\Admin\Produtos->buscaProdutoOu404('images')
 2 SYSTEMPATH\CodeIgniter.php(919): App\Controllers\Admin\Produtos->show('images', 'faces', 'face3.jpg')
 3 SYSTEMPATH\CodeIgniter.php(494): CodeIgniter\CodeIgniter->runController(Object(App\Controllers\Admin\Produtos))
 4 SYSTEMPATH\CodeIgniter.php(353): CodeIgniter\CodeIgniter->handleRequest(null, Object(Config\Cache), false)
 5 FCPATH\index.php(79): CodeIgniter\CodeIgniter->run()
 6 SYSTEMPATH\Commands\Server\rewrite.php(47): require_once('C:\\xampp\\htdocs\\itaipu\\public\\index.php')
INFO - 2024-02-19 12:34:42 --> Session: Class initialized using 'CodeIgniter\Session\Handlers\FileHandler' driver.
INFO - 2024-02-19 12:34:42 --> Session: Class initialized using 'CodeIgniter\Session\Handlers\FileHandler' driver.
CRITICAL - 2024-02-19 12:34:42 --> Argument 1 passed to App\Controllers\Admin\Produtos::buscaProdutoOu404() must be of the type int or null, string given, called in C:\xampp\htdocs\itaipu\app\Controllers\Admin\Produtos.php on line 102
in APPPATH\Controllers\Admin\Produtos.php on line 287.
 1 APPPATH\Controllers\Admin\Produtos.php(102): App\Controllers\Admin\Produtos->buscaProdutoOu404('images')
 2 SYSTEMPATH\CodeIgniter.php(919): App\Controllers\Admin\Produtos->show('images', 'faces', 'face5.jpg')
 3 SYSTEMPATH\CodeIgniter.php(494): CodeIgniter\CodeIgniter->runController(Object(App\Controllers\Admin\Produtos))
 4 SYSTEMPATH\CodeIgniter.php(353): CodeIgniter\CodeIgniter->handleRequest(null, Object(Config\Cache), false)
 5 FCPATH\index.php(79): CodeIgniter\CodeIgniter->run()
 6 SYSTEMPATH\Commands\Server\rewrite.php(47): require_once('C:\\xampp\\htdocs\\itaipu\\public\\index.php')
INFO - 2024-02-19 12:35:33 --> Session: Class initialized using 'CodeIgniter\Session\Handlers\FileHandler' driver.
INFO - 2024-02-19 12:35:33 --> Session: Class initialized using 'CodeIgniter\Session\Handlers\FileHandler' driver.
CRITICAL - 2024-02-19 12:35:33 --> Argument 1 passed to App\Controllers\Admin\Produtos::buscaProdutoOu404() must be of the type int or null, string given, called in C:\xampp\htdocs\itaipu\app\Controllers\Admin\Produtos.php on line 102
in APPPATH\Controllers\Admin\Produtos.php on line 287.
 1 APPPATH\Controllers\Admin\Produtos.php(102): App\Controllers\Admin\Produtos->buscaProdutoOu404('images')
 2 SYSTEMPATH\CodeIgniter.php(919): App\Controllers\Admin\Produtos->show('images', 'logo_itaipu.png')
 3 SYSTEMPATH\CodeIgniter.php(494): CodeIgniter\CodeIgniter->runController(Object(App\Controllers\Admin\Produtos))
 4 SYSTEMPATH\CodeIgniter.php(353): CodeIgniter\CodeIgniter->handleRequest(null, Object(Config\Cache), false)
 5 FCPATH\index.php(79): CodeIgniter\CodeIgniter->run()
 6 SYSTEMPATH\Commands\Server\rewrite.php(47): require_once('C:\\xampp\\htdocs\\itaipu\\public\\index.php')
INFO - 2024-02-19 12:35:34 --> Session: Class initialized using 'CodeIgniter\Session\Handlers\FileHandler' driver.
CRITICAL - 2024-02-19 12:35:34 --> Argument 1 passed to App\Controllers\Admin\Produtos::buscaProdutoOu404() must be of the type int or null, string given, called in C:\xampp\htdocs\itaipu\app\Controllers\Admin\Produtos.php on line 102
in APPPATH\Controllers\Admin\Produtos.php on line 287.
 1 APPPATH\Controllers\Admin\Produtos.php(102): App\Controllers\Admin\Produtos->buscaProdutoOu404('images')
 2 SYSTEMPATH\CodeIgniter.php(919): App\Controllers\Admin\Produtos->show('images', 'logo-mini.png')
 3 SYSTEMPATH\CodeIgniter.php(494): CodeIgniter\CodeIgniter->runController(Object(App\Controllers\Admin\Produtos))
 4 SYSTEMPATH\CodeIgniter.php(353): CodeIgniter\CodeIgniter->handleRequest(null, Object(Config\Cache), false)
 5 FCPATH\index.php(79): CodeIgniter\CodeIgniter->run()
 6 SYSTEMPATH\Commands\Server\rewrite.php(47): require_once('C:\\xampp\\htdocs\\itaipu\\public\\index.php')
INFO - 2024-02-19 12:35:34 --> Session: Class initialized using 'CodeIgniter\Session\Handlers\FileHandler' driver.
CRITICAL - 2024-02-19 12:35:34 --> Argument 1 passed to App\Controllers\Admin\Produtos::buscaProdutoOu404() must be of the type int or null, string given, called in C:\xampp\htdocs\itaipu\app\Controllers\Admin\Produtos.php on line 102
in APPPATH\Controllers\Admin\Produtos.php on line 287.
 1 APPPATH\Controllers\Admin\Produtos.php(102): App\Controllers\Admin\Produtos->buscaProdutoOu404('images')
 2 SYSTEMPATH\CodeIgniter.php(919): App\Controllers\Admin\Produtos->show('images', 'faces', 'face4.jpg')
 3 SYSTEMPATH\CodeIgniter.php(494): CodeIgniter\CodeIgniter->runController(Object(App\Controllers\Admin\Produtos))
 4 SYSTEMPATH\CodeIgniter.php(353): CodeIgniter\CodeIgniter->handleRequest(null, Object(Config\Cache), false)
 5 FCPATH\index.php(79): CodeIgniter\CodeIgniter->run()
 6 SYSTEMPATH\Commands\Server\rewrite.php(47): require_once('C:\\xampp\\htdocs\\itaipu\\public\\index.php')
INFO - 2024-02-19 12:35:34 --> Session: Class initialized using 'CodeIgniter\Session\Handlers\FileHandler' driver.
CRITICAL - 2024-02-19 12:35:34 --> Argument 1 passed to App\Controllers\Admin\Produtos::buscaProdutoOu404() must be of the type int or null, string given, called in C:\xampp\htdocs\itaipu\app\Controllers\Admin\Produtos.php on line 102
in APPPATH\Controllers\Admin\Produtos.php on line 287.
 1 APPPATH\Controllers\Admin\Produtos.php(102): App\Controllers\Admin\Produtos->buscaProdutoOu404('images')
 2 SYSTEMPATH\CodeIgniter.php(919): App\Controllers\Admin\Produtos->show('images', 'faces', 'face2.jpg')
 3 SYSTEMPATH\CodeIgniter.php(494): CodeIgniter\CodeIgniter->runController(Object(App\Controllers\Admin\Produtos))
 4 SYSTEMPATH\CodeIgniter.php(353): CodeIgniter\CodeIgniter->handleRequest(null, Object(Config\Cache), false)
 5 FCPATH\index.php(79): CodeIgniter\CodeIgniter->run()
 6 SYSTEMPATH\Commands\Server\rewrite.php(47): require_once('C:\\xampp\\htdocs\\itaipu\\public\\index.php')
INFO - 2024-02-19 12:35:34 --> Session: Class initialized using 'CodeIgniter\Session\Handlers\FileHandler' driver.
CRITICAL - 2024-02-19 12:35:34 --> Argument 1 passed to App\Controllers\Admin\Produtos::buscaProdutoOu404() must be of the type int or null, string given, called in C:\xampp\htdocs\itaipu\app\Controllers\Admin\Produtos.php on line 102
in APPPATH\Controllers\Admin\Produtos.php on line 287.
 1 APPPATH\Controllers\Admin\Produtos.php(102): App\Controllers\Admin\Produtos->buscaProdutoOu404('images')
 2 SYSTEMPATH\CodeIgniter.php(919): App\Controllers\Admin\Produtos->show('images', 'faces', 'face3.jpg')
 3 SYSTEMPATH\CodeIgniter.php(494): CodeIgniter\CodeIgniter->runController(Object(App\Controllers\Admin\Produtos))
 4 SYSTEMPATH\CodeIgniter.php(353): CodeIgniter\CodeIgniter->handleRequest(null, Object(Config\Cache), false)
 5 FCPATH\index.php(79): CodeIgniter\CodeIgniter->run()
 6 SYSTEMPATH\Commands\Server\rewrite.php(47): require_once('C:\\xampp\\htdocs\\itaipu\\public\\index.php')
INFO - 2024-02-19 12:35:34 --> Session: Class initialized using 'CodeIgniter\Session\Handlers\FileHandler' driver.
INFO - 2024-02-19 12:35:34 --> Session: Class initialized using 'CodeIgniter\Session\Handlers\FileHandler' driver.
CRITICAL - 2024-02-19 12:35:34 --> Argument 1 passed to App\Controllers\Admin\Produtos::buscaProdutoOu404() must be of the type int or null, string given, called in C:\xampp\htdocs\itaipu\app\Controllers\Admin\Produtos.php on line 102
in APPPATH\Controllers\Admin\Produtos.php on line 287.
 1 APPPATH\Controllers\Admin\Produtos.php(102): App\Controllers\Admin\Produtos->buscaProdutoOu404('images')
 2 SYSTEMPATH\CodeIgniter.php(919): App\Controllers\Admin\Produtos->show('images', 'faces', 'face5.jpg')
 3 SYSTEMPATH\CodeIgniter.php(494): CodeIgniter\CodeIgniter->runController(Object(App\Controllers\Admin\Produtos))
 4 SYSTEMPATH\CodeIgniter.php(353): CodeIgniter\CodeIgniter->handleRequest(null, Object(Config\Cache), false)
 5 FCPATH\index.php(79): CodeIgniter\CodeIgniter->run()
 6 SYSTEMPATH\Commands\Server\rewrite.php(47): require_once('C:\\xampp\\htdocs\\itaipu\\public\\index.php')
INFO - 2024-02-19 12:36:23 --> Session: Class initialized using 'CodeIgniter\Session\Handlers\FileHandler' driver.
