INFO - 2023-11-03 11:30:48 --> Session: Class initialized using 'CodeIgniter\Session\Handlers\FileHandler' driver.
INFO - 2023-11-03 11:52:53 --> Session: Class initialized using 'CodeIgniter\Session\Handlers\FileHandler' driver.
INFO - 2023-11-03 11:53:00 --> Session: Class initialized using 'CodeIgniter\Session\Handlers\FileHandler' driver.
INFO - 2023-11-03 11:54:38 --> Session: Class initialized using 'CodeIgniter\Session\Handlers\FileHandler' driver.
INFO - 2023-11-03 12:54:20 --> Session: Class initialized using 'CodeIgniter\Session\Handlers\FileHandler' driver.
INFO - 2023-11-03 12:58:41 --> Session: Class initialized using 'CodeIgniter\Session\Handlers\FileHandler' driver.
INFO - 2023-11-03 12:59:14 --> Session: Class initialized using 'CodeIgniter\Session\Handlers\FileHandler' driver.
INFO - 2023-11-03 12:59:35 --> Session: Class initialized using 'CodeIgniter\Session\Handlers\FileHandler' driver.
INFO - 2023-11-03 13:00:09 --> Session: Class initialized using 'CodeIgniter\Session\Handlers\FileHandler' driver.
INFO - 2023-11-03 13:02:03 --> Session: Class initialized using 'CodeIgniter\Session\Handlers\FileHandler' driver.
INFO - 2023-11-03 13:02:53 --> Session: Class initialized using 'CodeIgniter\Session\Handlers\FileHandler' driver.
INFO - 2023-11-03 13:03:58 --> Session: Class initialized using 'CodeIgniter\Session\Handlers\FileHandler' driver.
INFO - 2023-11-03 13:04:00 --> Session: Class initialized using 'CodeIgniter\Session\Handlers\FileHandler' driver.
CRITICAL - 2023-11-03 13:04:00 --> Argument 1 passed to App\Controllers\Admin\Usuarios::buscaUsuarioOu404() must be of the type int or null, string given, called in C:\xampp\htdocs\itaipu\app\Controllers\Admin\Usuarios.php on line 93
in APPPATH\Controllers\Admin\Usuarios.php on line 213.
 1 APPPATH\Controllers\Admin\Usuarios.php(93): App\Controllers\Admin\Usuarios->buscaUsuarioOu404('images')
 2 SYSTEMPATH\CodeIgniter.php(919): App\Controllers\Admin\Usuarios->show('images', 'logo.svg')
 3 SYSTEMPATH\CodeIgniter.php(494): CodeIgniter\CodeIgniter->runController(Object(App\Controllers\Admin\Usuarios))
 4 SYSTEMPATH\CodeIgniter.php(353): CodeIgniter\CodeIgniter->handleRequest(null, Object(Config\Cache), false)
 5 FCPATH\index.php(79): CodeIgniter\CodeIgniter->run()
 6 SYSTEMPATH\Commands\Server\rewrite.php(47): require_once('C:\\xampp\\htdocs\\itaipu\\public\\index.php')
CRITICAL - 2023-11-03 13:04:01 --> Argument 1 passed to App\Controllers\Admin\Usuarios::buscaUsuarioOu404() must be of the type int or null, string given, called in C:\xampp\htdocs\itaipu\app\Controllers\Admin\Usuarios.php on line 93
in APPPATH\Controllers\Admin\Usuarios.php on line 213.
 1 APPPATH\Controllers\Admin\Usuarios.php(93): App\Controllers\Admin\Usuarios->buscaUsuarioOu404('images')
 2 SYSTEMPATH\CodeIgniter.php(919): App\Controllers\Admin\Usuarios->show('images', 'logo-mini.svg')
 3 SYSTEMPATH\CodeIgniter.php(494): CodeIgniter\CodeIgniter->runController(Object(App\Controllers\Admin\Usuarios))
 4 SYSTEMPATH\CodeIgniter.php(353): CodeIgniter\CodeIgniter->handleRequest(null, Object(Config\Cache), false)
 5 FCPATH\index.php(79): CodeIgniter\CodeIgniter->run()
 6 SYSTEMPATH\Commands\Server\rewrite.php(47): require_once('C:\\xampp\\htdocs\\itaipu\\public\\index.php')
CRITICAL - 2023-11-03 13:04:01 --> Argument 1 passed to App\Controllers\Admin\Usuarios::buscaUsuarioOu404() must be of the type int or null, string given, called in C:\xampp\htdocs\itaipu\app\Controllers\Admin\Usuarios.php on line 93
in APPPATH\Controllers\Admin\Usuarios.php on line 213.
 1 APPPATH\Controllers\Admin\Usuarios.php(93): App\Controllers\Admin\Usuarios->buscaUsuarioOu404('images')
 2 SYSTEMPATH\CodeIgniter.php(919): App\Controllers\Admin\Usuarios->show('images', 'faces', 'face4.jpg')
 3 SYSTEMPATH\CodeIgniter.php(494): CodeIgniter\CodeIgniter->runController(Object(App\Controllers\Admin\Usuarios))
 4 SYSTEMPATH\CodeIgniter.php(353): CodeIgniter\CodeIgniter->handleRequest(null, Object(Config\Cache), false)
 5 FCPATH\index.php(79): CodeIgniter\CodeIgniter->run()
 6 SYSTEMPATH\Commands\Server\rewrite.php(47): require_once('C:\\xampp\\htdocs\\itaipu\\public\\index.php')
CRITICAL - 2023-11-03 13:04:01 --> Argument 1 passed to App\Controllers\Admin\Usuarios::buscaUsuarioOu404() must be of the type int or null, string given, called in C:\xampp\htdocs\itaipu\app\Controllers\Admin\Usuarios.php on line 93
in APPPATH\Controllers\Admin\Usuarios.php on line 213.
 1 APPPATH\Controllers\Admin\Usuarios.php(93): App\Controllers\Admin\Usuarios->buscaUsuarioOu404('images')
 2 SYSTEMPATH\CodeIgniter.php(919): App\Controllers\Admin\Usuarios->show('images', 'faces', 'face2.jpg')
 3 SYSTEMPATH\CodeIgniter.php(494): CodeIgniter\CodeIgniter->runController(Object(App\Controllers\Admin\Usuarios))
 4 SYSTEMPATH\CodeIgniter.php(353): CodeIgniter\CodeIgniter->handleRequest(null, Object(Config\Cache), false)
 5 FCPATH\index.php(79): CodeIgniter\CodeIgniter->run()
 6 SYSTEMPATH\Commands\Server\rewrite.php(47): require_once('C:\\xampp\\htdocs\\itaipu\\public\\index.php')
CRITICAL - 2023-11-03 13:04:01 --> Argument 1 passed to App\Controllers\Admin\Usuarios::buscaUsuarioOu404() must be of the type int or null, string given, called in C:\xampp\htdocs\itaipu\app\Controllers\Admin\Usuarios.php on line 93
in APPPATH\Controllers\Admin\Usuarios.php on line 213.
 1 APPPATH\Controllers\Admin\Usuarios.php(93): App\Controllers\Admin\Usuarios->buscaUsuarioOu404('images')
 2 SYSTEMPATH\CodeIgniter.php(919): App\Controllers\Admin\Usuarios->show('images', 'faces', 'face3.jpg')
 3 SYSTEMPATH\CodeIgniter.php(494): CodeIgniter\CodeIgniter->runController(Object(App\Controllers\Admin\Usuarios))
 4 SYSTEMPATH\CodeIgniter.php(353): CodeIgniter\CodeIgniter->handleRequest(null, Object(Config\Cache), false)
 5 FCPATH\index.php(79): CodeIgniter\CodeIgniter->run()
 6 SYSTEMPATH\Commands\Server\rewrite.php(47): require_once('C:\\xampp\\htdocs\\itaipu\\public\\index.php')
CRITICAL - 2023-11-03 13:04:01 --> Argument 1 passed to App\Controllers\Admin\Usuarios::buscaUsuarioOu404() must be of the type int or null, string given, called in C:\xampp\htdocs\itaipu\app\Controllers\Admin\Usuarios.php on line 93
in APPPATH\Controllers\Admin\Usuarios.php on line 213.
 1 APPPATH\Controllers\Admin\Usuarios.php(93): App\Controllers\Admin\Usuarios->buscaUsuarioOu404('images')
 2 SYSTEMPATH\CodeIgniter.php(919): App\Controllers\Admin\Usuarios->show('images', 'faces', 'face5.jpg')
 3 SYSTEMPATH\CodeIgniter.php(494): CodeIgniter\CodeIgniter->runController(Object(App\Controllers\Admin\Usuarios))
 4 SYSTEMPATH\CodeIgniter.php(353): CodeIgniter\CodeIgniter->handleRequest(null, Object(Config\Cache), false)
 5 FCPATH\index.php(79): CodeIgniter\CodeIgniter->run()
 6 SYSTEMPATH\Commands\Server\rewrite.php(47): require_once('C:\\xampp\\htdocs\\itaipu\\public\\index.php')
INFO - 2023-11-03 13:04:35 --> Session: Class initialized using 'CodeIgniter\Session\Handlers\FileHandler' driver.
INFO - 2023-11-03 13:05:58 --> Session: Class initialized using 'CodeIgniter\Session\Handlers\FileHandler' driver.
INFO - 2023-11-03 13:06:06 --> Session: Class initialized using 'CodeIgniter\Session\Handlers\FileHandler' driver.
INFO - 2023-11-03 13:15:26 --> Session: Class initialized using 'CodeIgniter\Session\Handlers\FileHandler' driver.
INFO - 2023-11-03 13:15:28 --> Session: Class initialized using 'CodeIgniter\Session\Handlers\FileHandler' driver.
INFO - 2023-11-03 13:24:25 --> Session: Class initialized using 'CodeIgniter\Session\Handlers\FileHandler' driver.
INFO - 2023-11-03 13:24:56 --> CSRF token verified.
CRITICAL - 2023-11-03 13:24:56 --> Call to undefined method App\Controllers\Login::getPost()
in APPPATH\Controllers\Login.php on line 21.
 1 SYSTEMPATH\CodeIgniter.php(919): App\Controllers\Login->criar()
 2 SYSTEMPATH\CodeIgniter.php(494): CodeIgniter\CodeIgniter->runController(Object(App\Controllers\Login))
 3 SYSTEMPATH\CodeIgniter.php(353): CodeIgniter\CodeIgniter->handleRequest(null, Object(Config\Cache), false)
 4 FCPATH\index.php(79): CodeIgniter\CodeIgniter->run()
 5 SYSTEMPATH\Commands\Server\rewrite.php(47): require_once('C:\\xampp\\htdocs\\itaipu\\public\\index.php')
INFO - 2023-11-03 13:25:34 --> Session: Class initialized using 'CodeIgniter\Session\Handlers\FileHandler' driver.
INFO - 2023-11-03 13:25:43 --> CSRF token verified.
INFO - 2023-11-03 13:30:02 --> CSRF token verified.
CRITICAL - 2023-11-03 13:30:02 --> Class 'App\Libraries\Autenticacao' not found
in APPPATH\Config\Services.php on line 29.
 1 SYSTEMPATH\Config\BaseService.php(199): Config\Services::autenticacao(false)
 2 APPPATH\Config\Services.php(26): CodeIgniter\Config\BaseService::getSharedInstance('autenticacao')
 3 SYSTEMPATH\Common.php(1022): Config\Services::autenticacao()
 4 APPPATH\Controllers\Login.php(25): service('autenticacao')
 5 SYSTEMPATH\CodeIgniter.php(919): App\Controllers\Login->criar()
 6 SYSTEMPATH\CodeIgniter.php(494): CodeIgniter\CodeIgniter->runController(Object(App\Controllers\Login))
 7 SYSTEMPATH\CodeIgniter.php(353): CodeIgniter\CodeIgniter->handleRequest(null, Object(Config\Cache), false)
 8 FCPATH\index.php(79): CodeIgniter\CodeIgniter->run()
 9 SYSTEMPATH\Commands\Server\rewrite.php(47): require_once('C:\\xampp\\htdocs\\itaipu\\public\\index.php')
CRITICAL - 2023-11-03 13:30:51 --> A ação que você requisitou não é permitida.
in SYSTEMPATH\Security\Security.php on line 298.
 1 SYSTEMPATH\Security\Security.php(298): CodeIgniter\Security\Exceptions\SecurityException::forDisallowedAction()
 2 SYSTEMPATH\Filters\CSRF.php(55): CodeIgniter\Security\Security->verify(Object(CodeIgniter\HTTP\IncomingRequest))
 3 SYSTEMPATH\Filters\Filters.php(182): CodeIgniter\Filters\CSRF->before(Object(CodeIgniter\HTTP\IncomingRequest), null)
 4 SYSTEMPATH\CodeIgniter.php(466): CodeIgniter\Filters\Filters->run('login/criar', 'before')
 5 SYSTEMPATH\CodeIgniter.php(353): CodeIgniter\CodeIgniter->handleRequest(null, Object(Config\Cache), false)
 6 FCPATH\index.php(79): CodeIgniter\CodeIgniter->run()
 7 SYSTEMPATH\Commands\Server\rewrite.php(47): require_once('C:\\xampp\\htdocs\\itaipu\\public\\index.php')
INFO - 2023-11-03 13:31:11 --> Session: Class initialized using 'CodeIgniter\Session\Handlers\FileHandler' driver.
INFO - 2023-11-03 13:31:11 --> Session: Class initialized using 'CodeIgniter\Session\Handlers\FileHandler' driver.
INFO - 2023-11-03 13:31:13 --> Session: Class initialized using 'CodeIgniter\Session\Handlers\FileHandler' driver.
INFO - 2023-11-03 13:31:29 --> CSRF token verified.
CRITICAL - 2023-11-03 13:31:29 --> Class 'App\Libraries\Autenticacao' not found
in APPPATH\Config\Services.php on line 29.
 1 SYSTEMPATH\Config\BaseService.php(199): Config\Services::autenticacao(false)
 2 APPPATH\Config\Services.php(26): CodeIgniter\Config\BaseService::getSharedInstance('autenticacao')
 3 SYSTEMPATH\Common.php(1022): Config\Services::autenticacao()
 4 APPPATH\Controllers\Login.php(25): service('Autenticacao')
 5 SYSTEMPATH\CodeIgniter.php(919): App\Controllers\Login->criar()
 6 SYSTEMPATH\CodeIgniter.php(494): CodeIgniter\CodeIgniter->runController(Object(App\Controllers\Login))
 7 SYSTEMPATH\CodeIgniter.php(353): CodeIgniter\CodeIgniter->handleRequest(null, Object(Config\Cache), false)
 8 FCPATH\index.php(79): CodeIgniter\CodeIgniter->run()
 9 SYSTEMPATH\Commands\Server\rewrite.php(47): require_once('C:\\xampp\\htdocs\\itaipu\\public\\index.php')
INFO - 2023-11-03 13:33:39 --> CSRF token verified.
INFO - 2023-11-03 13:48:52 --> CSRF token verified.
CRITICAL - 2023-11-03 13:48:52 --> Argument 2 passed to App\Libraries\Autenticacao::login() must be of the type string, null given, called in C:\xampp\htdocs\itaipu\app\Controllers\Login.php on line 27
in APPPATH\Libraries\Autenticacao.php on line 17.
 1 APPPATH\Controllers\Login.php(27): App\Libraries\Autenticacao->login('admin@admin.com', null)
 2 SYSTEMPATH\CodeIgniter.php(919): App\Controllers\Login->criar()
 3 SYSTEMPATH\CodeIgniter.php(494): CodeIgniter\CodeIgniter->runController(Object(App\Controllers\Login))
 4 SYSTEMPATH\CodeIgniter.php(353): CodeIgniter\CodeIgniter->handleRequest(null, Object(Config\Cache), false)
 5 FCPATH\index.php(79): CodeIgniter\CodeIgniter->run()
 6 SYSTEMPATH\Commands\Server\rewrite.php(47): require_once('C:\\xampp\\htdocs\\itaipu\\public\\index.php')
INFO - 2023-11-03 13:48:56 --> Session: Class initialized using 'CodeIgniter\Session\Handlers\FileHandler' driver.
INFO - 2023-11-03 13:48:56 --> Session: Class initialized using 'CodeIgniter\Session\Handlers\FileHandler' driver.
INFO - 2023-11-03 13:48:57 --> Session: Class initialized using 'CodeIgniter\Session\Handlers\FileHandler' driver.
INFO - 2023-11-03 13:49:00 --> Session: Class initialized using 'CodeIgniter\Session\Handlers\FileHandler' driver.
INFO - 2023-11-03 13:56:07 --> CSRF token verified.
CRITICAL - 2023-11-03 13:56:07 --> Too few arguments to function CodeIgniter\HTTP\Request::withMethod(), 0 passed in C:\xampp\htdocs\itaipu\app\Controllers\Login.php on line 20 and exactly 1 expected
in SYSTEMPATH\HTTP\Request.php on line 103.
 1 APPPATH\Controllers\Login.php(20): CodeIgniter\HTTP\Request->withMethod()
 2 SYSTEMPATH\CodeIgniter.php(919): App\Controllers\Login->criar()
 3 SYSTEMPATH\CodeIgniter.php(494): CodeIgniter\CodeIgniter->runController(Object(App\Controllers\Login))
 4 SYSTEMPATH\CodeIgniter.php(353): CodeIgniter\CodeIgniter->handleRequest(null, Object(Config\Cache), false)
 5 FCPATH\index.php(79): CodeIgniter\CodeIgniter->run()
 6 SYSTEMPATH\Commands\Server\rewrite.php(47): require_once('C:\\xampp\\htdocs\\itaipu\\public\\index.php')
INFO - 2023-11-03 13:56:12 --> CSRF token verified.
CRITICAL - 2023-11-03 13:56:12 --> Too few arguments to function CodeIgniter\HTTP\Request::withMethod(), 0 passed in C:\xampp\htdocs\itaipu\app\Controllers\Login.php on line 20 and exactly 1 expected
in SYSTEMPATH\HTTP\Request.php on line 103.
 1 APPPATH\Controllers\Login.php(20): CodeIgniter\HTTP\Request->withMethod()
 2 SYSTEMPATH\CodeIgniter.php(919): App\Controllers\Login->criar()
 3 SYSTEMPATH\CodeIgniter.php(494): CodeIgniter\CodeIgniter->runController(Object(App\Controllers\Login))
 4 SYSTEMPATH\CodeIgniter.php(353): CodeIgniter\CodeIgniter->handleRequest(null, Object(Config\Cache), false)
 5 FCPATH\index.php(79): CodeIgniter\CodeIgniter->run()
 6 SYSTEMPATH\Commands\Server\rewrite.php(47): require_once('C:\\xampp\\htdocs\\itaipu\\public\\index.php')
INFO - 2023-11-03 13:57:22 --> Session: Class initialized using 'CodeIgniter\Session\Handlers\FileHandler' driver.
INFO - 2023-11-03 13:58:20 --> Session: Class initialized using 'CodeIgniter\Session\Handlers\FileHandler' driver.
INFO - 2023-11-03 13:58:24 --> CSRF token verified.
CRITICAL - 2023-11-03 13:58:24 --> Too few arguments to function CodeIgniter\HTTP\Request::withMethod(), 0 passed in C:\xampp\htdocs\itaipu\app\Controllers\Login.php on line 20 and exactly 1 expected
in SYSTEMPATH\HTTP\Request.php on line 103.
 1 APPPATH\Controllers\Login.php(20): CodeIgniter\HTTP\Request->withMethod()
 2 SYSTEMPATH\CodeIgniter.php(919): App\Controllers\Login->criar()
 3 SYSTEMPATH\CodeIgniter.php(494): CodeIgniter\CodeIgniter->runController(Object(App\Controllers\Login))
 4 SYSTEMPATH\CodeIgniter.php(353): CodeIgniter\CodeIgniter->handleRequest(null, Object(Config\Cache), false)
 5 FCPATH\index.php(79): CodeIgniter\CodeIgniter->run()
 6 SYSTEMPATH\Commands\Server\rewrite.php(47): require_once('C:\\xampp\\htdocs\\itaipu\\public\\index.php')
INFO - 2023-11-03 13:58:27 --> CSRF token verified.
CRITICAL - 2023-11-03 13:58:27 --> Too few arguments to function CodeIgniter\HTTP\Request::withMethod(), 0 passed in C:\xampp\htdocs\itaipu\app\Controllers\Login.php on line 20 and exactly 1 expected
in SYSTEMPATH\HTTP\Request.php on line 103.
 1 APPPATH\Controllers\Login.php(20): CodeIgniter\HTTP\Request->withMethod()
 2 SYSTEMPATH\CodeIgniter.php(919): App\Controllers\Login->criar()
 3 SYSTEMPATH\CodeIgniter.php(494): CodeIgniter\CodeIgniter->runController(Object(App\Controllers\Login))
 4 SYSTEMPATH\CodeIgniter.php(353): CodeIgniter\CodeIgniter->handleRequest(null, Object(Config\Cache), false)
 5 FCPATH\index.php(79): CodeIgniter\CodeIgniter->run()
 6 SYSTEMPATH\Commands\Server\rewrite.php(47): require_once('C:\\xampp\\htdocs\\itaipu\\public\\index.php')
INFO - 2023-11-03 13:58:56 --> CSRF token verified.
CRITICAL - 2023-11-03 13:58:56 --> Argument 2 passed to App\Libraries\Autenticacao::login() must be of the type string, null given, called in C:\xampp\htdocs\itaipu\app\Controllers\Login.php on line 27
in APPPATH\Libraries\Autenticacao.php on line 17.
 1 APPPATH\Controllers\Login.php(27): App\Libraries\Autenticacao->login('admin@admin.com', null)
 2 SYSTEMPATH\CodeIgniter.php(919): App\Controllers\Login->criar()
 3 SYSTEMPATH\CodeIgniter.php(494): CodeIgniter\CodeIgniter->runController(Object(App\Controllers\Login))
 4 SYSTEMPATH\CodeIgniter.php(353): CodeIgniter\CodeIgniter->handleRequest(null, Object(Config\Cache), false)
 5 FCPATH\index.php(79): CodeIgniter\CodeIgniter->run()
 6 SYSTEMPATH\Commands\Server\rewrite.php(47): require_once('C:\\xampp\\htdocs\\itaipu\\public\\index.php')
INFO - 2023-11-03 13:59:04 --> Session: Class initialized using 'CodeIgniter\Session\Handlers\FileHandler' driver.
INFO - 2023-11-03 14:01:31 --> CSRF token verified.
CRITICAL - 2023-11-03 14:01:31 --> Argument 2 passed to App\Libraries\Autenticacao::login() must be of the type string, null given, called in C:\xampp\htdocs\itaipu\app\Controllers\Login.php on line 27
in APPPATH\Libraries\Autenticacao.php on line 17.
 1 APPPATH\Controllers\Login.php(27): App\Libraries\Autenticacao->login('matheus.familiacristan@hotmail.com', null)
 2 SYSTEMPATH\CodeIgniter.php(919): App\Controllers\Login->criar()
 3 SYSTEMPATH\CodeIgniter.php(494): CodeIgniter\CodeIgniter->runController(Object(App\Controllers\Login))
 4 SYSTEMPATH\CodeIgniter.php(353): CodeIgniter\CodeIgniter->handleRequest(null, Object(Config\Cache), false)
 5 FCPATH\index.php(79): CodeIgniter\CodeIgniter->run()
 6 SYSTEMPATH\Commands\Server\rewrite.php(47): require_once('C:\\xampp\\htdocs\\itaipu\\public\\index.php')
INFO - 2023-11-03 14:04:05 --> Session: Class initialized using 'CodeIgniter\Session\Handlers\FileHandler' driver.
INFO - 2023-11-03 14:04:11 --> CSRF token verified.
CRITICAL - 2023-11-03 14:04:11 --> Argument 2 passed to App\Libraries\Autenticacao::login() must be of the type string, null given, called in C:\xampp\htdocs\itaipu\app\Controllers\Login.php on line 27
in APPPATH\Libraries\Autenticacao.php on line 17.
 1 APPPATH\Controllers\Login.php(27): App\Libraries\Autenticacao->login('matheus.familiacristan@hotmail.com', null)
 2 SYSTEMPATH\CodeIgniter.php(919): App\Controllers\Login->criar()
 3 SYSTEMPATH\CodeIgniter.php(494): CodeIgniter\CodeIgniter->runController(Object(App\Controllers\Login))
 4 SYSTEMPATH\CodeIgniter.php(353): CodeIgniter\CodeIgniter->handleRequest(null, Object(Config\Cache), false)
 5 FCPATH\index.php(79): CodeIgniter\CodeIgniter->run()
 6 SYSTEMPATH\Commands\Server\rewrite.php(47): require_once('C:\\xampp\\htdocs\\itaipu\\public\\index.php')
INFO - 2023-11-03 14:11:58 --> Session: Class initialized using 'CodeIgniter\Session\Handlers\FileHandler' driver.
INFO - 2023-11-03 14:12:06 --> CSRF token verified.
CRITICAL - 2023-11-03 14:12:06 --> Argument 2 passed to App\Libraries\Autenticacao::login() must be of the type string, null given, called in C:\xampp\htdocs\itaipu\app\Controllers\Login.php on line 27
in APPPATH\Libraries\Autenticacao.php on line 17.
 1 APPPATH\Controllers\Login.php(27): App\Libraries\Autenticacao->login('matheus.familiacristan@hotmail.com', null)
 2 SYSTEMPATH\CodeIgniter.php(919): App\Controllers\Login->criar()
 3 SYSTEMPATH\CodeIgniter.php(494): CodeIgniter\CodeIgniter->runController(Object(App\Controllers\Login))
 4 SYSTEMPATH\CodeIgniter.php(353): CodeIgniter\CodeIgniter->handleRequest(null, Object(Config\Cache), false)
 5 FCPATH\index.php(79): CodeIgniter\CodeIgniter->run()
 6 SYSTEMPATH\Commands\Server\rewrite.php(47): require_once('C:\\xampp\\htdocs\\itaipu\\public\\index.php')
INFO - 2023-11-03 14:47:30 --> Session: Class initialized using 'CodeIgniter\Session\Handlers\FileHandler' driver.
INFO - 2023-11-03 14:47:35 --> CSRF token verified.
CRITICAL - 2023-11-03 14:47:35 --> Argument 2 passed to App\Libraries\Autenticacao::login() must be of the type string, null given, called in C:\xampp\htdocs\itaipu\app\Controllers\Login.php on line 27
in APPPATH\Libraries\Autenticacao.php on line 17.
 1 APPPATH\Controllers\Login.php(27): App\Libraries\Autenticacao->login('matheus.familiacristan@hotmail.com', null)
 2 SYSTEMPATH\CodeIgniter.php(919): App\Controllers\Login->criar()
 3 SYSTEMPATH\CodeIgniter.php(494): CodeIgniter\CodeIgniter->runController(Object(App\Controllers\Login))
 4 SYSTEMPATH\CodeIgniter.php(353): CodeIgniter\CodeIgniter->handleRequest(null, Object(Config\Cache), false)
 5 FCPATH\index.php(79): CodeIgniter\CodeIgniter->run()
 6 SYSTEMPATH\Commands\Server\rewrite.php(47): require_once('C:\\xampp\\htdocs\\itaipu\\public\\index.php')
INFO - 2023-11-03 14:47:40 --> Session: Class initialized using 'CodeIgniter\Session\Handlers\FileHandler' driver.
INFO - 2023-11-03 14:51:35 --> CSRF token verified.
CRITICAL - 2023-11-03 14:51:35 --> Argument 2 passed to App\Libraries\Autenticacao::login() must be of the type string, null given, called in C:\xampp\htdocs\itaipu\app\Controllers\Login.php on line 27
in APPPATH\Libraries\Autenticacao.php on line 17.
 1 APPPATH\Controllers\Login.php(27): App\Libraries\Autenticacao->login('matheus.familiacristan@hotmail.com', null)
 2 SYSTEMPATH\CodeIgniter.php(919): App\Controllers\Login->criar()
 3 SYSTEMPATH\CodeIgniter.php(494): CodeIgniter\CodeIgniter->runController(Object(App\Controllers\Login))
 4 SYSTEMPATH\CodeIgniter.php(353): CodeIgniter\CodeIgniter->handleRequest(null, Object(Config\Cache), false)
 5 FCPATH\index.php(79): CodeIgniter\CodeIgniter->run()
 6 SYSTEMPATH\Commands\Server\rewrite.php(47): require_once('C:\\xampp\\htdocs\\itaipu\\public\\index.php')
INFO - 2023-11-03 14:53:07 --> Session: Class initialized using 'CodeIgniter\Session\Handlers\FileHandler' driver.
INFO - 2023-11-03 14:53:10 --> CSRF token verified.
INFO - 2023-11-03 14:53:10 --> Session: Class initialized using 'CodeIgniter\Session\Handlers\FileHandler' driver.
INFO - 2023-11-03 14:53:10 --> Session: Class initialized using 'CodeIgniter\Session\Handlers\FileHandler' driver.
INFO - 2023-11-03 14:57:07 --> CSRF token verified.
INFO - 2023-11-03 14:57:07 --> Session: Class initialized using 'CodeIgniter\Session\Handlers\FileHandler' driver.
INFO - 2023-11-03 15:00:11 --> Session: Class initialized using 'CodeIgniter\Session\Handlers\FileHandler' driver.
INFO - 2023-11-03 15:04:32 --> Session: Class initialized using 'CodeIgniter\Session\Handlers\FileHandler' driver.
INFO - 2023-11-03 15:05:23 --> CSRF token verified.
INFO - 2023-11-03 15:05:23 --> Session: Class initialized using 'CodeIgniter\Session\Handlers\FileHandler' driver.
INFO - 2023-11-03 15:05:23 --> Session: Class initialized using 'CodeIgniter\Session\Handlers\FileHandler' driver.
INFO - 2023-11-03 15:06:17 --> Session: Class initialized using 'CodeIgniter\Session\Handlers\FileHandler' driver.
INFO - 2023-11-03 15:06:24 --> Session: Class initialized using 'CodeIgniter\Session\Handlers\FileHandler' driver.
INFO - 2023-11-03 15:07:16 --> CSRF token verified.
INFO - 2023-11-03 15:07:16 --> Session: Class initialized using 'CodeIgniter\Session\Handlers\FileHandler' driver.
INFO - 2023-11-03 15:07:16 --> Session: Class initialized using 'CodeIgniter\Session\Handlers\FileHandler' driver.
INFO - 2023-11-03 15:12:52 --> Session: Class initialized using 'CodeIgniter\Session\Handlers\FileHandler' driver.
INFO - 2023-11-03 15:13:02 --> Session: Class initialized using 'CodeIgniter\Session\Handlers\FileHandler' driver.
INFO - 2023-11-03 15:13:02 --> Session: Class initialized using 'CodeIgniter\Session\Handlers\FileHandler' driver.
INFO - 2023-11-03 15:18:43 --> CSRF token verified.
INFO - 2023-11-03 15:18:43 --> Session: Class initialized using 'CodeIgniter\Session\Handlers\FileHandler' driver.
INFO - 2023-11-03 15:18:43 --> Session: Class initialized using 'CodeIgniter\Session\Handlers\FileHandler' driver.
INFO - 2023-11-03 15:18:51 --> Session: Class initialized using 'CodeIgniter\Session\Handlers\FileHandler' driver.
INFO - 2023-11-03 15:22:50 --> Session: Class initialized using 'CodeIgniter\Session\Handlers\FileHandler' driver.
INFO - 2023-11-03 15:22:50 --> Session: Class initialized using 'CodeIgniter\Session\Handlers\FileHandler' driver.
INFO - 2023-11-03 15:22:50 --> Session: Class initialized using 'CodeIgniter\Session\Handlers\FileHandler' driver.
INFO - 2023-11-03 15:43:38 --> Session: Class initialized using 'CodeIgniter\Session\Handlers\FileHandler' driver.
INFO - 2023-11-03 15:43:43 --> Session: Class initialized using 'CodeIgniter\Session\Handlers\FileHandler' driver.
INFO - 2023-11-03 15:43:46 --> Session: Class initialized using 'CodeIgniter\Session\Handlers\FileHandler' driver.
INFO - 2023-11-03 15:43:46 --> Session: Class initialized using 'CodeIgniter\Session\Handlers\FileHandler' driver.
INFO - 2023-11-03 15:44:09 --> CSRF token verified.
INFO - 2023-11-03 15:44:09 --> Session: Class initialized using 'CodeIgniter\Session\Handlers\FileHandler' driver.
INFO - 2023-11-03 15:44:09 --> Session: Class initialized using 'CodeIgniter\Session\Handlers\FileHandler' driver.
INFO - 2023-11-03 15:44:30 --> Session: Class initialized using 'CodeIgniter\Session\Handlers\FileHandler' driver.
INFO - 2023-11-03 15:44:34 --> Session: Class initialized using 'CodeIgniter\Session\Handlers\FileHandler' driver.
INFO - 2023-11-03 15:44:59 --> Session: Class initialized using 'CodeIgniter\Session\Handlers\FileHandler' driver.
INFO - 2023-11-03 15:44:59 --> Session: Class initialized using 'CodeIgniter\Session\Handlers\FileHandler' driver.
INFO - 2023-11-03 15:44:59 --> Session: Class initialized using 'CodeIgniter\Session\Handlers\FileHandler' driver.
INFO - 2023-11-03 21:43:58 --> Session: Class initialized using 'CodeIgniter\Session\Handlers\FileHandler' driver.
INFO - 2023-11-03 21:43:58 --> Session: Class initialized using 'CodeIgniter\Session\Handlers\FileHandler' driver.
INFO - 2023-11-03 21:44:22 --> CSRF token verified.
INFO - 2023-11-03 21:44:23 --> Session: Class initialized using 'CodeIgniter\Session\Handlers\FileHandler' driver.
INFO - 2023-11-03 21:44:23 --> Session: Class initialized using 'CodeIgniter\Session\Handlers\FileHandler' driver.
INFO - 2023-11-03 21:44:48 --> CSRF token verified.
INFO - 2023-11-03 21:44:48 --> Session: Class initialized using 'CodeIgniter\Session\Handlers\FileHandler' driver.
INFO - 2023-11-03 21:44:48 --> Session: Class initialized using 'CodeIgniter\Session\Handlers\FileHandler' driver.
INFO - 2023-11-03 21:49:20 --> Session: Class initialized using 'CodeIgniter\Session\Handlers\FileHandler' driver.
INFO - 2023-11-03 21:50:59 --> Session: Class initialized using 'CodeIgniter\Session\Handlers\FileHandler' driver.
INFO - 2023-11-03 21:50:59 --> Session: Class initialized using 'CodeIgniter\Session\Handlers\FileHandler' driver.
INFO - 2023-11-03 21:51:14 --> Session: Class initialized using 'CodeIgniter\Session\Handlers\FileHandler' driver.
INFO - 2023-11-03 21:54:56 --> Session: Class initialized using 'CodeIgniter\Session\Handlers\FileHandler' driver.
INFO - 2023-11-03 21:54:57 --> Session: Class initialized using 'CodeIgniter\Session\Handlers\FileHandler' driver.
INFO - 2023-11-03 22:05:26 --> Session: Class initialized using 'CodeIgniter\Session\Handlers\FileHandler' driver.
INFO - 2023-11-03 22:05:39 --> Session: Class initialized using 'CodeIgniter\Session\Handlers\FileHandler' driver.
INFO - 2023-11-03 22:06:23 --> CSRF token verified.
INFO - 2023-11-03 22:06:23 --> Session: Class initialized using 'CodeIgniter\Session\Handlers\FileHandler' driver.
INFO - 2023-11-03 22:06:23 --> Session: Class initialized using 'CodeIgniter\Session\Handlers\FileHandler' driver.
INFO - 2023-11-03 22:06:28 --> Session: Class initialized using 'CodeIgniter\Session\Handlers\FileHandler' driver.
INFO - 2023-11-03 22:09:46 --> Session: Class initialized using 'CodeIgniter\Session\Handlers\FileHandler' driver.
INFO - 2023-11-03 22:09:46 --> Session: Class initialized using 'CodeIgniter\Session\Handlers\FileHandler' driver.
INFO - 2023-11-03 22:09:46 --> Session: Class initialized using 'CodeIgniter\Session\Handlers\FileHandler' driver.
INFO - 2023-11-03 22:10:00 --> CSRF token verified.
INFO - 2023-11-03 22:10:00 --> Session: Class initialized using 'CodeIgniter\Session\Handlers\FileHandler' driver.
INFO - 2023-11-03 22:18:26 --> Session: Class initialized using 'CodeIgniter\Session\Handlers\FileHandler' driver.
INFO - 2023-11-03 22:18:40 --> CSRF token verified.
INFO - 2023-11-03 22:18:40 --> Session: Class initialized using 'CodeIgniter\Session\Handlers\FileHandler' driver.
INFO - 2023-11-03 22:18:40 --> Session: Class initialized using 'CodeIgniter\Session\Handlers\FileHandler' driver.
INFO - 2023-11-03 22:49:03 --> Session: Class initialized using 'CodeIgniter\Session\Handlers\FileHandler' driver.
INFO - 2023-11-03 22:49:03 --> Session: Class initialized using 'CodeIgniter\Session\Handlers\FileHandler' driver.
INFO - 2023-11-03 22:49:24 --> Session: Class initialized using 'CodeIgniter\Session\Handlers\FileHandler' driver.
